done reading CPTs
Version identifier: 22.1.1.0 | 2022-11-28 | 9160aff4d
CPXPARAM_Threads                                 1
Found incumbent of value 1.020000 after 0.00 sec. (0.00 ticks)
Tried aggregator 1 time.
Reduced MIP has 18 rows, 28 columns, and 60 nonzeros.
Reduced MIP has 28 binaries, 0 generals, 0 SOSs, and 0 indicators.
Presolve time = 0.00 sec. (0.03 ticks)
Probing time = 0.00 sec. (0.03 ticks)
Tried aggregator 1 time.
Detecting symmetries...
Reduced MIP has 18 rows, 28 columns, and 60 nonzeros.
Reduced MIP has 28 binaries, 0 generals, 0 SOSs, and 0 indicators.
Presolve time = 0.00 sec. (0.05 ticks)
Probing time = 0.00 sec. (0.03 ticks)
Clique table members: 98.
MIP emphasis: balance optimality and feasibility.
MIP search method: dynamic search.
Parallel mode: none, using 1 thread.
Root relaxation solution time = 0.00 sec. (0.03 ticks)

        Nodes                                         Cuts/
   Node  Left     Objective  IInf  Best Integer    Best Bound    ItCnt     Gap

*     0+    0                            1.0200        6.0000           488.24%
*     0     0      integral     0        5.8200        5.8200        8    0.00%
Elapsed time = 0.01 sec. (0.24 ticks, tree = 0.00 MB, solutions = 2)

Root node processing (before b&c):
  Real time             =    0.01 sec. (0.24 ticks)
Sequential b&c:
  Real time             =    0.00 sec. (0.00 ticks)
                          ------------
Total (root+branch&cut) =    0.01 sec. (0.24 ticks)
Solution status = Optimal
Solution value = 5.82
max{w(x)} is :5.82

=====================================

Preparing S
Reading w(x)
done reading CPTs
Adding Y variables
nbvar_x: 4 nbvar_y: 6
Adding constraints for S
Adding naive obj function for S
computeK(S, 10, 0.5, 4)
=====================================
Iteration k: 0 t: 0
Set parity number to 0
Try to find 4 solutions
Sample A matrix 0x10
Solution status = Optimal
Solution value = 1
Solution 1 : [1, -0, 1, -0, 1, 1, 1, 1, 1, 1]
Solution status = Optimal
Solution value = 1
Solution 2 : [1, -0, 1, -0, 0, 0, 0, 0, 0, 0]
Solution status = Optimal
Solution value = 1
Solution 3 : [1, -0, 1, -0, 1, 1, 1, 0, 0, 0]
Solution status = Optimal
Solution value = 1
Solution 4 : [1, -0, 1, -0, 1, 1, 0, 1, 0, 0]
Found >=P solutions
Time taken: 0.013188 sec
=====================================
Iteration k: 0 t: 1
Set parity number to 0
Try to find 4 solutions
Sample A matrix 0x10
Solution status = Optimal
Solution value = 1
Solution 1 : [1, -0, 1, -0, 1, 1, 1, 1, 1, 1]
Solution status = Optimal
Solution value = 1
Solution 2 : [1, -0, 1, -0, 0, 0, 0, 0, 0, 0]
Solution status = Optimal
Solution value = 1
Solution 3 : [1, -0, 1, -0, 1, 1, 1, 0, 0, 0]
Solution status = Optimal
Solution value = 1
Solution 4 : [1, -0, 1, -0, 1, 1, 0, 1, 0, 0]
Found >=P solutions
Time taken: 0.013685 sec
=====================================
Iteration k: 0 t: 2
Set parity number to 0
Try to find 4 solutions
Sample A matrix 0x10
Solution status = Optimal
Solution value = 1
Solution 1 : [1, -0, 1, -0, 1, 1, 1, 1, 1, 1]
Solution status = Optimal
Solution value = 1
Solution 2 : [1, -0, 1, -0, 0, 0, 0, 0, 0, 0]
Solution status = Optimal
Solution value = 1
Solution 3 : [1, -0, 1, -0, 1, 1, 1, 0, 0, 0]
Solution status = Optimal
Solution value = 1
Solution 4 : [1, -0, 1, -0, 1, 1, 0, 1, 0, 0]
Found >=P solutions
Time taken: 0.016245 sec
=====================================
Iteration k: 0 t: 3
Set parity number to 0
Try to find 4 solutions
Sample A matrix 0x10
Solution status = Optimal
Solution value = 1
Solution 1 : [1, -0, 1, -0, 1, 1, 1, 1, 1, 1]
Solution status = Optimal
Solution value = 1
Solution 2 : [1, -0, 1, -0, 0, 0, 0, 0, 0, 0]
Solution status = Optimal
Solution value = 1
Solution 3 : [1, -0, 1, -0, 1, 1, 1, 0, 0, 0]
Solution status = Optimal
Solution value = 1
Solution 4 : [1, -0, 1, -0, 1, 1, 0, 1, 0, 0]
Found >=P solutions
Time taken: 0.00866 sec
=====================================
Iteration k: 0 t: 4
Set parity number to 0
Try to find 4 solutions
Sample A matrix 0x10
Solution status = Optimal
Solution value = 1
Solution 1 : [1, -0, 1, -0, 1, 1, 1, 1, 1, 1]
Solution status = Optimal
Solution value = 1
Solution 2 : [1, -0, 1, -0, 0, 0, 0, 0, 0, 0]
Solution status = Optimal
Solution value = 1
Solution 3 : [1, -0, 1, -0, 1, 1, 1, 0, 0, 0]
Solution status = Optimal
Solution value = 1
Solution 4 : [1, -0, 1, -0, 1, 1, 0, 1, 0, 0]
Found >=P solutions
Time taken: 0.00839 sec
=====================================
Iteration k: 0 t: 5
Set parity number to 0
Try to find 4 solutions
Sample A matrix 0x10
Solution status = Optimal
Solution value = 1
Solution 1 : [1, -0, 1, -0, 1, 1, 1, 1, 1, 1]
Solution status = Optimal
Solution value = 1
Solution 2 : [1, -0, 1, -0, 0, 0, 0, 0, 0, 0]
Solution status = Optimal
Solution value = 1
Solution 3 : [1, -0, 1, -0, 1, 1, 1, 0, 0, 0]
Solution status = Optimal
Solution value = 1
Solution 4 : [1, -0, 1, -0, 1, 1, 0, 1, 0, 0]
Found >=P solutions
Time taken: 0.014397 sec
=====================================
Iteration k: 0 t: 6
Set parity number to 0
Try to find 4 solutions
Sample A matrix 0x10
Solution status = Optimal
Solution value = 1
Solution 1 : [1, -0, 1, -0, 1, 1, 1, 1, 1, 1]
Solution status = Optimal
Solution value = 1
Solution 2 : [1, -0, 1, -0, 0, 0, 0, 0, 0, 0]
Solution status = Optimal
Solution value = 1
Solution 3 : [1, -0, 1, -0, 1, 1, 1, 0, 0, 0]
Solution status = Optimal
Solution value = 1
Solution 4 : [1, -0, 1, -0, 1, 1, 0, 1, 0, 0]
Found >=P solutions
Time taken: 0.016546 sec
=====================================
Iteration k: 0 t: 7
Set parity number to 0
Try to find 4 solutions
Sample A matrix 0x10
Solution status = Optimal
Solution value = 1
Solution 1 : [1, -0, 1, -0, 1, 1, 1, 1, 1, 1]
Solution status = Optimal
Solution value = 1
Solution 2 : [1, -0, 1, -0, 0, 0, 0, 0, 0, 0]
Solution status = Optimal
Solution value = 1
Solution 3 : [1, -0, 1, -0, 1, 1, 1, 0, 0, 0]
Solution status = Optimal
Solution value = 1
Solution 4 : [1, -0, 1, -0, 1, 1, 0, 1, 0, 0]
Found >=P solutions
Time taken: 0.007888 sec
=====================================
Iteration k: 0 t: 8
Set parity number to 0
Try to find 4 solutions
Sample A matrix 0x10
Solution status = Optimal
Solution value = 1
Solution 1 : [1, -0, 1, -0, 1, 1, 1, 1, 1, 1]
Solution status = Optimal
Solution value = 1
Solution 2 : [1, -0, 1, -0, 0, 0, 0, 0, 0, 0]
Solution status = Optimal
Solution value = 1
Solution 3 : [1, -0, 1, -0, 1, 1, 1, 0, 0, 0]
Solution status = Optimal
Solution value = 1
Solution 4 : [1, -0, 1, -0, 1, 1, 0, 1, 0, 0]
Found >=P solutions
Time taken: 0.00352 sec
=====================================
Iteration k: 0 t: 9
Set parity number to 0
Try to find 4 solutions
Sample A matrix 0x10
Solution status = Optimal
Solution value = 1
Solution 1 : [1, -0, 1, -0, 1, 1, 1, 1, 1, 1]
Solution status = Optimal
Solution value = 1
Solution 2 : [1, -0, 1, -0, 0, 0, 0, 0, 0, 0]
Solution status = Optimal
Solution value = 1
Solution 3 : [1, -0, 1, -0, 1, 1, 1, 0, 0, 0]
Solution status = Optimal
Solution value = 1
Solution 4 : [1, -0, 1, -0, 1, 1, 0, 1, 0, 0]
Found >=P solutions
Time taken: 0.002665 sec
=====================================
Iteration k: 0 t: 10
Set parity number to 0
Try to find 4 solutions
Sample A matrix 0x10
Solution status = Optimal
Solution value = 1
Solution 1 : [1, -0, 1, -0, 1, 1, 1, 1, 1, 1]
Solution status = Optimal
Solution value = 1
Solution 2 : [1, -0, 1, -0, 0, 0, 0, 0, 0, 0]
Solution status = Optimal
Solution value = 1
Solution 3 : [1, -0, 1, -0, 1, 1, 1, 0, 0, 0]
Solution status = Optimal
Solution value = 1
Solution 4 : [1, -0, 1, -0, 1, 1, 0, 1, 0, 0]
Found >=P solutions
Time taken: 0.002664 sec
=====================================
Iteration k: 0 t: 11
Set parity number to 0
Try to find 4 solutions
Sample A matrix 0x10
Solution status = Optimal
Solution value = 1
Solution 1 : [1, -0, 1, -0, 1, 1, 1, 1, 1, 1]
Solution status = Optimal
Solution value = 1
Solution 2 : [1, -0, 1, -0, 0, 0, 0, 0, 0, 0]
Solution status = Optimal
Solution value = 1
Solution 3 : [1, -0, 1, -0, 1, 1, 1, 0, 0, 0]
Solution status = Optimal
Solution value = 1
Solution 4 : [1, -0, 1, -0, 1, 1, 0, 1, 0, 0]
Found >=P solutions
Time taken: 0.002676 sec
=====================================
Iteration k: 0 t: 12
Set parity number to 0
Try to find 4 solutions
Sample A matrix 0x10
Solution status = Optimal
Solution value = 1
Solution 1 : [1, -0, 1, -0, 1, 1, 1, 1, 1, 1]
Solution status = Optimal
Solution value = 1
Solution 2 : [1, -0, 1, -0, 0, 0, 0, 0, 0, 0]
Solution status = Optimal
Solution value = 1
Solution 3 : [1, -0, 1, -0, 1, 1, 1, 0, 0, 0]
Solution status = Optimal
Solution value = 1
Solution 4 : [1, -0, 1, -0, 1, 1, 0, 1, 0, 0]
Found >=P solutions
Time taken: 0.00266 sec
=====================================
Iteration k: 0 t: 13
Set parity number to 0
Try to find 4 solutions
Sample A matrix 0x10
Solution status = Optimal
Solution value = 1
Solution 1 : [1, -0, 1, -0, 1, 1, 1, 1, 1, 1]
Solution status = Optimal
Solution value = 1
Solution 2 : [1, -0, 1, -0, 0, 0, 0, 0, 0, 0]
Solution status = Optimal
Solution value = 1
Solution 3 : [1, -0, 1, -0, 1, 1, 1, 0, 0, 0]
Solution status = Optimal
Solution value = 1
Solution 4 : [1, -0, 1, -0, 1, 1, 0, 1, 0, 0]
Found >=P solutions
Time taken: 0.00267 sec
=====================================
Iteration k: 0 t: 14
Set parity number to 0
Try to find 4 solutions
Sample A matrix 0x10
Solution status = Optimal
Solution value = 1
Solution 1 : [1, -0, 1, -0, 1, 1, 1, 1, 1, 1]
Solution status = Optimal
Solution value = 1
Solution 2 : [1, -0, 1, -0, 0, 0, 0, 0, 0, 0]
Solution status = Optimal
Solution value = 1
Solution 3 : [1, -0, 1, -0, 1, 1, 1, 0, 0, 0]
Solution status = Optimal
Solution value = 1
Solution 4 : [1, -0, 1, -0, 1, 1, 0, 1, 0, 0]
Found >=P solutions
Time taken: 0.002671 sec
=====================================
Iteration k: 0 t: 15
Set parity number to 0
Try to find 4 solutions
Sample A matrix 0x10
Solution status = Optimal
Solution value = 1
Solution 1 : [1, -0, 1, -0, 1, 1, 1, 1, 1, 1]
Solution status = Optimal
Solution value = 1
Solution 2 : [1, -0, 1, -0, 0, 0, 0, 0, 0, 0]
Solution status = Optimal
Solution value = 1
Solution 3 : [1, -0, 1, -0, 1, 1, 1, 0, 0, 0]
Solution status = Optimal
Solution value = 1
Solution 4 : [1, -0, 1, -0, 1, 1, 0, 1, 0, 0]
Found >=P solutions
Time taken: 0.002654 sec
=====================================
Iteration k: 0 t: 16
Set parity number to 0
Try to find 4 solutions
Sample A matrix 0x10
Solution status = Optimal
Solution value = 1
Solution 1 : [1, -0, 1, -0, 1, 1, 1, 1, 1, 1]
Solution status = Optimal
Solution value = 1
Solution 2 : [1, -0, 1, -0, 0, 0, 0, 0, 0, 0]
Solution status = Optimal
Solution value = 1
Solution 3 : [1, -0, 1, -0, 1, 1, 1, 0, 0, 0]
Solution status = Optimal
Solution value = 1
Solution 4 : [1, -0, 1, -0, 1, 1, 0, 1, 0, 0]
Found >=P solutions
Time taken: 0.002771 sec
=====================================
Iteration k: 0 t: 17
Set parity number to 0
Try to find 4 solutions
Sample A matrix 0x10
Solution status = Optimal
Solution value = 1
Solution 1 : [1, -0, 1, -0, 1, 1, 1, 1, 1, 1]
Solution status = Optimal
Solution value = 1
Solution 2 : [1, -0, 1, -0, 0, 0, 0, 0, 0, 0]
Solution status = Optimal
Solution value = 1
Solution 3 : [1, -0, 1, -0, 1, 1, 1, 0, 0, 0]
Solution status = Optimal
Solution value = 1
Solution 4 : [1, -0, 1, -0, 1, 1, 0, 1, 0, 0]
Found >=P solutions
Time taken: 0.002694 sec
=====================================
Iteration k: 0 t: 18
Set parity number to 0
Try to find 4 solutions
Sample A matrix 0x10
Solution status = Optimal
Solution value = 1
Solution 1 : [1, -0, 1, -0, 1, 1, 1, 1, 1, 1]
Solution status = Optimal
Solution value = 1
Solution 2 : [1, -0, 1, -0, 0, 0, 0, 0, 0, 0]
Solution status = Optimal
Solution value = 1
Solution 3 : [1, -0, 1, -0, 1, 1, 1, 0, 0, 0]
Solution status = Optimal
Solution value = 1
Solution 4 : [1, -0, 1, -0, 1, 1, 0, 1, 0, 0]
Found >=P solutions
Time taken: 0.002646 sec
=====================================
Iteration k: 0 t: 19
Set parity number to 0
Try to find 4 solutions
Sample A matrix 0x10
Solution status = Optimal
Solution value = 1
Solution 1 : [1, -0, 1, -0, 1, 1, 1, 1, 1, 1]
Solution status = Optimal
Solution value = 1
Solution 2 : [1, -0, 1, -0, 0, 0, 0, 0, 0, 0]
Solution status = Optimal
Solution value = 1
Solution 3 : [1, -0, 1, -0, 1, 1, 1, 0, 0, 0]
Solution status = Optimal
Solution value = 1
Solution 4 : [1, -0, 1, -0, 1, 1, 0, 1, 0, 0]
Found >=P solutions
Time taken: 0.002675 sec
=====================================
Iteration k: 0 t: 20
Set parity number to 0
Try to find 4 solutions
Sample A matrix 0x10
Solution status = Optimal
Solution value = 1
Solution 1 : [1, -0, 1, -0, 1, 1, 1, 1, 1, 1]
Solution status = Optimal
Solution value = 1
Solution 2 : [1, -0, 1, -0, 0, 0, 0, 0, 0, 0]
Solution status = Optimal
Solution value = 1
Solution 3 : [1, -0, 1, -0, 1, 1, 1, 0, 0, 0]
Solution status = Optimal
Solution value = 1
Solution 4 : [1, -0, 1, -0, 1, 1, 0, 1, 0, 0]
Found >=P solutions
Time taken: 0.002677 sec
=====================================
Iteration k: 0 t: 21
Set parity number to 0
Try to find 4 solutions
Sample A matrix 0x10
Solution status = Optimal
Solution value = 1
Solution 1 : [1, -0, 1, -0, 1, 1, 1, 1, 1, 1]
Solution status = Optimal
Solution value = 1
Solution 2 : [1, -0, 1, -0, 0, 0, 0, 0, 0, 0]
Solution status = Optimal
Solution value = 1
Solution 3 : [1, -0, 1, -0, 1, 1, 1, 0, 0, 0]
Solution status = Optimal
Solution value = 1
Solution 4 : [1, -0, 1, -0, 1, 1, 0, 1, 0, 0]
Found >=P solutions
Time taken: 0.002659 sec
=====================================
Iteration k: 0 t: 22
Set parity number to 0
Try to find 4 solutions
Sample A matrix 0x10
Solution status = Optimal
Solution value = 1
Solution 1 : [1, -0, 1, -0, 1, 1, 1, 1, 1, 1]
Solution status = Optimal
Solution value = 1
Solution 2 : [1, -0, 1, -0, 0, 0, 0, 0, 0, 0]
Solution status = Optimal
Solution value = 1
Solution 3 : [1, -0, 1, -0, 1, 1, 1, 0, 0, 0]
Solution status = Optimal
Solution value = 1
Solution 4 : [1, -0, 1, -0, 1, 1, 0, 1, 0, 0]
Found >=P solutions
Time taken: 0.002663 sec
=====================================
Iteration k: 0 t: 23
Set parity number to 0
Try to find 4 solutions
Sample A matrix 0x10
Solution status = Optimal
Solution value = 1
Solution 1 : [1, -0, 1, -0, 1, 1, 1, 1, 1, 1]
Solution status = Optimal
Solution value = 1
Solution 2 : [1, -0, 1, -0, 0, 0, 0, 0, 0, 0]
Solution status = Optimal
Solution value = 1
Solution 3 : [1, -0, 1, -0, 1, 1, 1, 0, 0, 0]
Solution status = Optimal
Solution value = 1
Solution 4 : [1, -0, 1, -0, 1, 1, 0, 1, 0, 0]
Found >=P solutions
Time taken: 0.002666 sec
=====================================
Iteration k: 0 t: 24
Set parity number to 0
Try to find 4 solutions
Sample A matrix 0x10
Solution status = Optimal
Solution value = 1
Solution 1 : [1, -0, 1, -0, 1, 1, 1, 1, 1, 1]
Solution status = Optimal
Solution value = 1
Solution 2 : [1, -0, 1, -0, 0, 0, 0, 0, 0, 0]
Solution status = Optimal
Solution value = 1
Solution 3 : [1, -0, 1, -0, 1, 1, 1, 0, 0, 0]
Solution status = Optimal
Solution value = 1
Solution 4 : [1, -0, 1, -0, 1, 1, 0, 1, 0, 0]
Found >=P solutions
Time taken: 0.002651 sec
=====================================
Iteration k: 0 t: 25
Set parity number to 0
Try to find 4 solutions
Sample A matrix 0x10
Solution status = Optimal
Solution value = 1
Solution 1 : [1, -0, 1, -0, 1, 1, 1, 1, 1, 1]
Solution status = Optimal
Solution value = 1
Solution 2 : [1, -0, 1, -0, 0, 0, 0, 0, 0, 0]
Solution status = Optimal
Solution value = 1
Solution 3 : [1, -0, 1, -0, 1, 1, 1, 0, 0, 0]
Solution status = Optimal
Solution value = 1
Solution 4 : [1, -0, 1, -0, 1, 1, 0, 1, 0, 0]
Found >=P solutions
Time taken: 0.002694 sec
=====================================
Iteration k: 0 t: 26
Set parity number to 0
Try to find 4 solutions
Sample A matrix 0x10
Solution status = Optimal
Solution value = 1
Solution 1 : [1, -0, 1, -0, 1, 1, 1, 1, 1, 1]
Solution status = Optimal
Solution value = 1
Solution 2 : [1, -0, 1, -0, 0, 0, 0, 0, 0, 0]
Solution status = Optimal
Solution value = 1
Solution 3 : [1, -0, 1, -0, 1, 1, 1, 0, 0, 0]
Solution status = Optimal
Solution value = 1
Solution 4 : [1, -0, 1, -0, 1, 1, 0, 1, 0, 0]
Found >=P solutions
Time taken: 0.002662 sec
=====================================
Iteration k: 0 t: 27
Set parity number to 0
Try to find 4 solutions
Sample A matrix 0x10
Solution status = Optimal
Solution value = 1
Solution 1 : [1, -0, 1, -0, 1, 1, 1, 1, 1, 1]
Solution status = Optimal
Solution value = 1
Solution 2 : [1, -0, 1, -0, 0, 0, 0, 0, 0, 0]
Solution status = Optimal
Solution value = 1
Solution 3 : [1, -0, 1, -0, 1, 1, 1, 0, 0, 0]
Solution status = Optimal
Solution value = 1
Solution 4 : [1, -0, 1, -0, 1, 1, 0, 1, 0, 0]
Found >=P solutions
Time taken: 0.002724 sec
=====================================
Iteration k: 0 t: 28
Set parity number to 0
Try to find 4 solutions
Sample A matrix 0x10
Solution status = Optimal
Solution value = 1
Solution 1 : [1, -0, 1, -0, 1, 1, 1, 1, 1, 1]
Solution status = Optimal
Solution value = 1
Solution 2 : [1, -0, 1, -0, 0, 0, 0, 0, 0, 0]
Solution status = Optimal
Solution value = 1
Solution 3 : [1, -0, 1, -0, 1, 1, 1, 0, 0, 0]
Solution status = Optimal
Solution value = 1
Solution 4 : [1, -0, 1, -0, 1, 1, 0, 1, 0, 0]
Found >=P solutions
Time taken: 0.002655 sec
=====================================
Iteration k: 0 t: 29
Set parity number to 0
Try to find 4 solutions
Sample A matrix 0x10
Solution status = Optimal
Solution value = 1
Solution 1 : [1, -0, 1, -0, 1, 1, 1, 1, 1, 1]
Solution status = Optimal
Solution value = 1
Solution 2 : [1, -0, 1, -0, 0, 0, 0, 0, 0, 0]
Solution status = Optimal
Solution value = 1
Solution 3 : [1, -0, 1, -0, 1, 1, 1, 0, 0, 0]
Solution status = Optimal
Solution value = 1
Solution 4 : [1, -0, 1, -0, 1, 1, 0, 1, 0, 0]
Found >=P solutions
Time taken: 0.002659 sec
=====================================
Iteration k: 0 t: 30
Set parity number to 0
Try to find 4 solutions
Sample A matrix 0x10
Solution status = Optimal
Solution value = 1
Solution 1 : [1, -0, 1, -0, 1, 1, 1, 1, 1, 1]
Solution status = Optimal
Solution value = 1
Solution 2 : [1, -0, 1, -0, 0, 0, 0, 0, 0, 0]
Solution status = Optimal
Solution value = 1
Solution 3 : [1, -0, 1, -0, 1, 1, 1, 0, 0, 0]
Solution status = Optimal
Solution value = 1
Solution 4 : [1, -0, 1, -0, 1, 1, 0, 1, 0, 0]
Found >=P solutions
Time taken: 0.002661 sec
=====================================
Iteration k: 0 t: 31
Set parity number to 0
Try to find 4 solutions
Sample A matrix 0x10
Solution status = Optimal
Solution value = 1
Solution 1 : [1, -0, 1, -0, 1, 1, 1, 1, 1, 1]
Solution status = Optimal
Solution value = 1
Solution 2 : [1, -0, 1, -0, 0, 0, 0, 0, 0, 0]
Solution status = Optimal
Solution value = 1
Solution 3 : [1, -0, 1, -0, 1, 1, 1, 0, 0, 0]
Solution status = Optimal
Solution value = 1
Solution 4 : [1, -0, 1, -0, 1, 1, 0, 1, 0, 0]
Found >=P solutions
Time taken: 0.002639 sec
=====================================
Iteration k: 0 t: 32
Set parity number to 0
Try to find 4 solutions
Sample A matrix 0x10
Solution status = Optimal
Solution value = 1
Solution 1 : [1, -0, 1, -0, 1, 1, 1, 1, 1, 1]
Solution status = Optimal
Solution value = 1
Solution 2 : [1, -0, 1, -0, 0, 0, 0, 0, 0, 0]
Solution status = Optimal
Solution value = 1
Solution 3 : [1, -0, 1, -0, 1, 1, 1, 0, 0, 0]
Solution status = Optimal
Solution value = 1
Solution 4 : [1, -0, 1, -0, 1, 1, 0, 1, 0, 0]
Found >=P solutions
Time taken: 0.002639 sec
=====================================
Iteration k: 0 t: 33
Set parity number to 0
Try to find 4 solutions
Sample A matrix 0x10
Solution status = Optimal
Solution value = 1
Solution 1 : [1, -0, 1, -0, 1, 1, 1, 1, 1, 1]
Solution status = Optimal
Solution value = 1
Solution 2 : [1, -0, 1, -0, 0, 0, 0, 0, 0, 0]
Solution status = Optimal
Solution value = 1
Solution 3 : [1, -0, 1, -0, 1, 1, 1, 0, 0, 0]
Solution status = Optimal
Solution value = 1
Solution 4 : [1, -0, 1, -0, 1, 1, 0, 1, 0, 0]
Found >=P solutions
Time taken: 0.002645 sec
=====================================
Iteration k: 0 t: 34
Set parity number to 0
Try to find 4 solutions
Sample A matrix 0x10
Solution status = Optimal
Solution value = 1
Solution 1 : [1, -0, 1, -0, 1, 1, 1, 1, 1, 1]
Solution status = Optimal
Solution value = 1
Solution 2 : [1, -0, 1, -0, 0, 0, 0, 0, 0, 0]
Solution status = Optimal
Solution value = 1
Solution 3 : [1, -0, 1, -0, 1, 1, 1, 0, 0, 0]
Solution status = Optimal
Solution value = 1
Solution 4 : [1, -0, 1, -0, 1, 1, 0, 1, 0, 0]
Found >=P solutions
Time taken: 0.002663 sec
=====================================
Iteration k: 0 t: 35
Set parity number to 0
Try to find 4 solutions
Sample A matrix 0x10
Solution status = Optimal
Solution value = 1
Solution 1 : [1, -0, 1, -0, 1, 1, 1, 1, 1, 1]
Solution status = Optimal
Solution value = 1
Solution 2 : [1, -0, 1, -0, 0, 0, 0, 0, 0, 0]
Solution status = Optimal
Solution value = 1
Solution 3 : [1, -0, 1, -0, 1, 1, 1, 0, 0, 0]
Solution status = Optimal
Solution value = 1
Solution 4 : [1, -0, 1, -0, 1, 1, 0, 1, 0, 0]
Found >=P solutions
Time taken: 0.002662 sec
=====================================
Iteration k: 0 t: 36
Set parity number to 0
Try to find 4 solutions
Sample A matrix 0x10
Solution status = Optimal
Solution value = 1
Solution 1 : [1, -0, 1, -0, 1, 1, 1, 1, 1, 1]
Solution status = Optimal
Solution value = 1
Solution 2 : [1, -0, 1, -0, 0, 0, 0, 0, 0, 0]
Solution status = Optimal
Solution value = 1
Solution 3 : [1, -0, 1, -0, 1, 1, 1, 0, 0, 0]
Solution status = Optimal
Solution value = 1
Solution 4 : [1, -0, 1, -0, 1, 1, 0, 1, 0, 0]
Found >=P solutions
Time taken: 0.00265 sec
=====================================
Iteration k: 0 t: 37
Set parity number to 0
Try to find 4 solutions
Sample A matrix 0x10
Solution status = Optimal
Solution value = 1
Solution 1 : [1, -0, 1, -0, 1, 1, 1, 1, 1, 1]
Solution status = Optimal
Solution value = 1
Solution 2 : [1, -0, 1, -0, 0, 0, 0, 0, 0, 0]
Solution status = Optimal
Solution value = 1
Solution 3 : [1, -0, 1, -0, 1, 1, 1, 0, 0, 0]
Solution status = Optimal
Solution value = 1
Solution 4 : [1, -0, 1, -0, 1, 1, 0, 1, 0, 0]
Found >=P solutions
Time taken: 0.002647 sec
=====================================
Iteration k: 0 t: 38
Set parity number to 0
Try to find 4 solutions
Sample A matrix 0x10
Solution status = Optimal
Solution value = 1
Solution 1 : [1, -0, 1, -0, 1, 1, 1, 1, 1, 1]
Solution status = Optimal
Solution value = 1
Solution 2 : [1, -0, 1, -0, 0, 0, 0, 0, 0, 0]
Solution status = Optimal
Solution value = 1
Solution 3 : [1, -0, 1, -0, 1, 1, 1, 0, 0, 0]
Solution status = Optimal
Solution value = 1
Solution 4 : [1, -0, 1, -0, 1, 1, 0, 1, 0, 0]
Found >=P solutions
Time taken: 0.002655 sec
=====================================
Iteration k: 0 t: 39
Set parity number to 0
Try to find 4 solutions
Sample A matrix 0x10
Solution status = Optimal
Solution value = 1
Solution 1 : [1, -0, 1, -0, 1, 1, 1, 1, 1, 1]
Solution status = Optimal
Solution value = 1
Solution 2 : [1, -0, 1, -0, 0, 0, 0, 0, 0, 0]
Solution status = Optimal
Solution value = 1
Solution 3 : [1, -0, 1, -0, 1, 1, 1, 0, 0, 0]
Solution status = Optimal
Solution value = 1
Solution 4 : [1, -0, 1, -0, 1, 1, 0, 1, 0, 0]
Found >=P solutions
Time taken: 0.002655 sec
=====================================
Iteration k: 0 t: 40
Set parity number to 0
Try to find 4 solutions
Sample A matrix 0x10
Solution status = Optimal
Solution value = 1
Solution 1 : [1, -0, 1, -0, 1, 1, 1, 1, 1, 1]
Solution status = Optimal
Solution value = 1
Solution 2 : [1, -0, 1, -0, 0, 0, 0, 0, 0, 0]
Solution status = Optimal
Solution value = 1
Solution 3 : [1, -0, 1, -0, 1, 1, 1, 0, 0, 0]
Solution status = Optimal
Solution value = 1
Solution 4 : [1, -0, 1, -0, 1, 1, 0, 1, 0, 0]
Found >=P solutions
Time taken: 0.002658 sec
=====================================
Iteration k: 0 t: 41
Set parity number to 0
Try to find 4 solutions
Sample A matrix 0x10
Solution status = Optimal
Solution value = 1
Solution 1 : [1, -0, 1, -0, 1, 1, 1, 1, 1, 1]
Solution status = Optimal
Solution value = 1
Solution 2 : [1, -0, 1, -0, 0, 0, 0, 0, 0, 0]
Solution status = Optimal
Solution value = 1
Solution 3 : [1, -0, 1, -0, 1, 1, 1, 0, 0, 0]
Solution status = Optimal
Solution value = 1
Solution 4 : [1, -0, 1, -0, 1, 1, 0, 1, 0, 0]
Found >=P solutions
Time taken: 0.002659 sec
=====================================
Iteration k: 0 t: 42
Set parity number to 0
Try to find 4 solutions
Sample A matrix 0x10
Solution status = Optimal
Solution value = 1
Solution 1 : [1, -0, 1, -0, 1, 1, 1, 1, 1, 1]
Solution status = Optimal
Solution value = 1
Solution 2 : [1, -0, 1, -0, 0, 0, 0, 0, 0, 0]
Solution status = Optimal
Solution value = 1
Solution 3 : [1, -0, 1, -0, 1, 1, 1, 0, 0, 0]
Solution status = Optimal
Solution value = 1
Solution 4 : [1, -0, 1, -0, 1, 1, 0, 1, 0, 0]
Found >=P solutions
Time taken: 0.00268 sec
=====================================
Iteration k: 0 t: 43
Set parity number to 0
Try to find 4 solutions
Sample A matrix 0x10
Solution status = Optimal
Solution value = 1
Solution 1 : [1, -0, 1, -0, 1, 1, 1, 1, 1, 1]
Solution status = Optimal
Solution value = 1
Solution 2 : [1, -0, 1, -0, 0, 0, 0, 0, 0, 0]
Solution status = Optimal
Solution value = 1
Solution 3 : [1, -0, 1, -0, 1, 1, 1, 0, 0, 0]
Solution status = Optimal
Solution value = 1
Solution 4 : [1, -0, 1, -0, 1, 1, 0, 1, 0, 0]
Found >=P solutions
Time taken: 0.002653 sec
=====================================
Iteration k: 0 t: 44
Set parity number to 0
Try to find 4 solutions
Sample A matrix 0x10
Solution status = Optimal
Solution value = 1
Solution 1 : [1, -0, 1, -0, 1, 1, 1, 1, 1, 1]
Solution status = Optimal
Solution value = 1
Solution 2 : [1, -0, 1, -0, 0, 0, 0, 0, 0, 0]
Solution status = Optimal
Solution value = 1
Solution 3 : [1, -0, 1, -0, 1, 1, 1, 0, 0, 0]
Solution status = Optimal
Solution value = 1
Solution 4 : [1, -0, 1, -0, 1, 1, 0, 1, 0, 0]
Found >=P solutions
Time taken: 0.002655 sec
=====================================
Iteration k: 0 t: 45
Set parity number to 0
Try to find 4 solutions
Sample A matrix 0x10
Solution status = Optimal
Solution value = 1
Solution 1 : [1, -0, 1, -0, 1, 1, 1, 1, 1, 1]
Solution status = Optimal
Solution value = 1
Solution 2 : [1, -0, 1, -0, 0, 0, 0, 0, 0, 0]
Solution status = Optimal
Solution value = 1
Solution 3 : [1, -0, 1, -0, 1, 1, 1, 0, 0, 0]
Solution status = Optimal
Solution value = 1
Solution 4 : [1, -0, 1, -0, 1, 1, 0, 1, 0, 0]
Found >=P solutions
Time taken: 0.002668 sec
=====================================
Iteration k: 0 t: 46
Set parity number to 0
Try to find 4 solutions
Sample A matrix 0x10
Solution status = Optimal
Solution value = 1
Solution 1 : [1, -0, 1, -0, 1, 1, 1, 1, 1, 1]
Solution status = Optimal
Solution value = 1
Solution 2 : [1, -0, 1, -0, 0, 0, 0, 0, 0, 0]
Solution status = Optimal
Solution value = 1
Solution 3 : [1, -0, 1, -0, 1, 1, 1, 0, 0, 0]
Solution status = Optimal
Solution value = 1
Solution 4 : [1, -0, 1, -0, 1, 1, 0, 1, 0, 0]
Found >=P solutions
Time taken: 0.002668 sec
=====================================
Iteration k: 0 t: 47
Set parity number to 0
Try to find 4 solutions
Sample A matrix 0x10
Solution status = Optimal
Solution value = 1
Solution 1 : [1, -0, 1, -0, 1, 1, 1, 1, 1, 1]
Solution status = Optimal
Solution value = 1
Solution 2 : [1, -0, 1, -0, 0, 0, 0, 0, 0, 0]
Solution status = Optimal
Solution value = 1
Solution 3 : [1, -0, 1, -0, 1, 1, 1, 0, 0, 0]
Solution status = Optimal
Solution value = 1
Solution 4 : [1, -0, 1, -0, 1, 1, 0, 1, 0, 0]
Found >=P solutions
Time taken: 0.002656 sec
=====================================
Iteration k: 0 t: 48
Set parity number to 0
Try to find 4 solutions
Sample A matrix 0x10
Solution status = Optimal
Solution value = 1
Solution 1 : [1, -0, 1, -0, 1, 1, 1, 1, 1, 1]
Solution status = Optimal
Solution value = 1
Solution 2 : [1, -0, 1, -0, 0, 0, 0, 0, 0, 0]
Solution status = Optimal
Solution value = 1
Solution 3 : [1, -0, 1, -0, 1, 1, 1, 0, 0, 0]
Solution status = Optimal
Solution value = 1
Solution 4 : [1, -0, 1, -0, 1, 1, 0, 1, 0, 0]
Found >=P solutions
Time taken: 0.00264 sec
=====================================
Iteration k: 0 t: 49
Set parity number to 0
Try to find 4 solutions
Sample A matrix 0x10
Solution status = Optimal
Solution value = 1
Solution 1 : [1, -0, 1, -0, 1, 1, 1, 1, 1, 1]
Solution status = Optimal
Solution value = 1
Solution 2 : [1, -0, 1, -0, 0, 0, 0, 0, 0, 0]
Solution status = Optimal
Solution value = 1
Solution 3 : [1, -0, 1, -0, 1, 1, 1, 0, 0, 0]
Solution status = Optimal
Solution value = 1
Solution 4 : [1, -0, 1, -0, 1, 1, 0, 1, 0, 0]
Found >=P solutions
Time taken: 0.002652 sec
=====================================
Iteration k: 0 t: 50
Set parity number to 0
Try to find 4 solutions
Sample A matrix 0x10
Solution status = Optimal
Solution value = 1
Solution 1 : [1, -0, 1, -0, 1, 1, 1, 1, 1, 1]
Solution status = Optimal
Solution value = 1
Solution 2 : [1, -0, 1, -0, 0, 0, 0, 0, 0, 0]
Solution status = Optimal
Solution value = 1
Solution 3 : [1, -0, 1, -0, 1, 1, 1, 0, 0, 0]
Solution status = Optimal
Solution value = 1
Solution 4 : [1, -0, 1, -0, 1, 1, 0, 1, 0, 0]
Found >=P solutions
Time taken: 0.002686 sec
=====================================
Iteration k: 0 t: 51
Set parity number to 0
Try to find 4 solutions
Sample A matrix 0x10
Solution status = Optimal
Solution value = 1
Solution 1 : [1, -0, 1, -0, 1, 1, 1, 1, 1, 1]
Solution status = Optimal
Solution value = 1
Solution 2 : [1, -0, 1, -0, 0, 0, 0, 0, 0, 0]
Solution status = Optimal
Solution value = 1
Solution 3 : [1, -0, 1, -0, 1, 1, 1, 0, 0, 0]
Solution status = Optimal
Solution value = 1
Solution 4 : [1, -0, 1, -0, 1, 1, 0, 1, 0, 0]
Found >=P solutions
Time taken: 0.00265 sec
=====================================
Iteration k: 0 t: 52
Set parity number to 0
Try to find 4 solutions
Sample A matrix 0x10
Solution status = Optimal
Solution value = 1
Solution 1 : [1, -0, 1, -0, 1, 1, 1, 1, 1, 1]
Solution status = Optimal
Solution value = 1
Solution 2 : [1, -0, 1, -0, 0, 0, 0, 0, 0, 0]
Solution status = Optimal
Solution value = 1
Solution 3 : [1, -0, 1, -0, 1, 1, 1, 0, 0, 0]
Solution status = Optimal
Solution value = 1
Solution 4 : [1, -0, 1, -0, 1, 1, 0, 1, 0, 0]
Found >=P solutions
Time taken: 0.002653 sec
=====================================
Iteration k: 0 t: 53
Set parity number to 0
Try to find 4 solutions
Sample A matrix 0x10
Solution status = Optimal
Solution value = 1
Solution 1 : [1, -0, 1, -0, 1, 1, 1, 1, 1, 1]
Solution status = Optimal
Solution value = 1
Solution 2 : [1, -0, 1, -0, 0, 0, 0, 0, 0, 0]
Solution status = Optimal
Solution value = 1
Solution 3 : [1, -0, 1, -0, 1, 1, 1, 0, 0, 0]
Solution status = Optimal
Solution value = 1
Solution 4 : [1, -0, 1, -0, 1, 1, 0, 1, 0, 0]
Found >=P solutions
Time taken: 0.002642 sec
=====================================
Iteration k: 0 t: 54
Set parity number to 0
Try to find 4 solutions
Sample A matrix 0x10
Solution status = Optimal
Solution value = 1
Solution 1 : [1, -0, 1, -0, 1, 1, 1, 1, 1, 1]
Solution status = Optimal
Solution value = 1
Solution 2 : [1, -0, 1, -0, 0, 0, 0, 0, 0, 0]
Solution status = Optimal
Solution value = 1
Solution 3 : [1, -0, 1, -0, 1, 1, 1, 0, 0, 0]
Solution status = Optimal
Solution value = 1
Solution 4 : [1, -0, 1, -0, 1, 1, 0, 1, 0, 0]
Found >=P solutions
Time taken: 0.002649 sec
=====================================
Iteration k: 0 t: 55
Set parity number to 0
Try to find 4 solutions
Sample A matrix 0x10
Solution status = Optimal
Solution value = 1
Solution 1 : [1, -0, 1, -0, 1, 1, 1, 1, 1, 1]
Solution status = Optimal
Solution value = 1
Solution 2 : [1, -0, 1, -0, 0, 0, 0, 0, 0, 0]
Solution status = Optimal
Solution value = 1
Solution 3 : [1, -0, 1, -0, 1, 1, 1, 0, 0, 0]
Solution status = Optimal
Solution value = 1
Solution 4 : [1, -0, 1, -0, 1, 1, 0, 1, 0, 0]
Found >=P solutions
Time taken: 0.002642 sec
=====================================
Iteration k: 0 t: 56
Set parity number to 0
Try to find 4 solutions
Sample A matrix 0x10
Solution status = Optimal
Solution value = 1
Solution 1 : [1, -0, 1, -0, 1, 1, 1, 1, 1, 1]
Solution status = Optimal
Solution value = 1
Solution 2 : [1, -0, 1, -0, 0, 0, 0, 0, 0, 0]
Solution status = Optimal
Solution value = 1
Solution 3 : [1, -0, 1, -0, 1, 1, 1, 0, 0, 0]
Solution status = Optimal
Solution value = 1
Solution 4 : [1, -0, 1, -0, 1, 1, 0, 1, 0, 0]
Found >=P solutions
Time taken: 0.002652 sec
=====================================
Iteration k: 0 t: 57
Set parity number to 0
Try to find 4 solutions
Sample A matrix 0x10
Solution status = Optimal
Solution value = 1
Solution 1 : [1, -0, 1, -0, 1, 1, 1, 1, 1, 1]
Solution status = Optimal
Solution value = 1
Solution 2 : [1, -0, 1, -0, 0, 0, 0, 0, 0, 0]
Solution status = Optimal
Solution value = 1
Solution 3 : [1, -0, 1, -0, 1, 1, 1, 0, 0, 0]
Solution status = Optimal
Solution value = 1
Solution 4 : [1, -0, 1, -0, 1, 1, 0, 1, 0, 0]
Found >=P solutions
Time taken: 0.002645 sec
=====================================
Iteration k: 0 t: 58
Set parity number to 0
Try to find 4 solutions
Sample A matrix 0x10
Solution status = Optimal
Solution value = 1
Solution 1 : [1, -0, 1, -0, 1, 1, 1, 1, 1, 1]
Solution status = Optimal
Solution value = 1
Solution 2 : [1, -0, 1, -0, 0, 0, 0, 0, 0, 0]
Solution status = Optimal
Solution value = 1
Solution 3 : [1, -0, 1, -0, 1, 1, 1, 0, 0, 0]
Solution status = Optimal
Solution value = 1
Solution 4 : [1, -0, 1, -0, 1, 1, 0, 1, 0, 0]
Found >=P solutions
Time taken: 0.002648 sec
=====================================
Iteration k: 0 t: 59
Set parity number to 0
Try to find 4 solutions
Sample A matrix 0x10
Solution status = Optimal
Solution value = 1
Solution 1 : [1, -0, 1, -0, 1, 1, 1, 1, 1, 1]
Solution status = Optimal
Solution value = 1
Solution 2 : [1, -0, 1, -0, 0, 0, 0, 0, 0, 0]
Solution status = Optimal
Solution value = 1
Solution 3 : [1, -0, 1, -0, 1, 1, 1, 0, 0, 0]
Solution status = Optimal
Solution value = 1
Solution 4 : [1, -0, 1, -0, 1, 1, 0, 1, 0, 0]
Found >=P solutions
Time taken: 0.002688 sec
=====================================
Iteration k: 0 t: 60
Set parity number to 0
Try to find 4 solutions
Sample A matrix 0x10
Solution status = Optimal
Solution value = 1
Solution 1 : [1, -0, 1, -0, 1, 1, 1, 1, 1, 1]
Solution status = Optimal
Solution value = 1
Solution 2 : [1, -0, 1, -0, 0, 0, 0, 0, 0, 0]
Solution status = Optimal
Solution value = 1
Solution 3 : [1, -0, 1, -0, 1, 1, 1, 0, 0, 0]
Solution status = Optimal
Solution value = 1
Solution 4 : [1, -0, 1, -0, 1, 1, 0, 1, 0, 0]
Found >=P solutions
Time taken: 0.002684 sec
=====================================
Iteration k: 0 t: 61
Set parity number to 0
Try to find 4 solutions
Sample A matrix 0x10
Solution status = Optimal
Solution value = 1
Solution 1 : [1, -0, 1, -0, 1, 1, 1, 1, 1, 1]
Solution status = Optimal
Solution value = 1
Solution 2 : [1, -0, 1, -0, 0, 0, 0, 0, 0, 0]
Solution status = Optimal
Solution value = 1
Solution 3 : [1, -0, 1, -0, 1, 1, 1, 0, 0, 0]
Solution status = Optimal
Solution value = 1
Solution 4 : [1, -0, 1, -0, 1, 1, 0, 1, 0, 0]
Found >=P solutions
Time taken: 0.002669 sec
=====================================
Iteration k: 0 t: 62
Set parity number to 0
Try to find 4 solutions
Sample A matrix 0x10
Solution status = Optimal
Solution value = 1
Solution 1 : [1, -0, 1, -0, 1, 1, 1, 1, 1, 1]
Solution status = Optimal
Solution value = 1
Solution 2 : [1, -0, 1, -0, 0, 0, 0, 0, 0, 0]
Solution status = Optimal
Solution value = 1
Solution 3 : [1, -0, 1, -0, 1, 1, 1, 0, 0, 0]
Solution status = Optimal
Solution value = 1
Solution 4 : [1, -0, 1, -0, 1, 1, 0, 1, 0, 0]
Found >=P solutions
Time taken: 0.002669 sec
=====================================
Iteration k: 0 t: 63
Set parity number to 0
Try to find 4 solutions
Sample A matrix 0x10
Solution status = Optimal
Solution value = 1
Solution 1 : [1, -0, 1, -0, 1, 1, 1, 1, 1, 1]
Solution status = Optimal
Solution value = 1
Solution 2 : [1, -0, 1, -0, 0, 0, 0, 0, 0, 0]
Solution status = Optimal
Solution value = 1
Solution 3 : [1, -0, 1, -0, 1, 1, 1, 0, 0, 0]
Solution status = Optimal
Solution value = 1
Solution 4 : [1, -0, 1, -0, 1, 1, 0, 1, 0, 0]
Found >=P solutions
Time taken: 0.002657 sec
=====================================
Iteration k: 0 t: 64
Set parity number to 0
Try to find 4 solutions
Sample A matrix 0x10
Solution status = Optimal
Solution value = 1
Solution 1 : [1, -0, 1, -0, 1, 1, 1, 1, 1, 1]
Solution status = Optimal
Solution value = 1
Solution 2 : [1, -0, 1, -0, 0, 0, 0, 0, 0, 0]
Solution status = Optimal
Solution value = 1
Solution 3 : [1, -0, 1, -0, 1, 1, 1, 0, 0, 0]
Solution status = Optimal
Solution value = 1
Solution 4 : [1, -0, 1, -0, 1, 1, 0, 1, 0, 0]
Found >=P solutions
Time taken: 0.002658 sec
=====================================
Iteration k: 0 t: 65
Set parity number to 0
Try to find 4 solutions
Sample A matrix 0x10
Solution status = Optimal
Solution value = 1
Solution 1 : [1, -0, 1, -0, 1, 1, 1, 1, 1, 1]
Solution status = Optimal
Solution value = 1
Solution 2 : [1, -0, 1, -0, 0, 0, 0, 0, 0, 0]
Solution status = Optimal
Solution value = 1
Solution 3 : [1, -0, 1, -0, 1, 1, 1, 0, 0, 0]
Solution status = Optimal
Solution value = 1
Solution 4 : [1, -0, 1, -0, 1, 1, 0, 1, 0, 0]
Found >=P solutions
Time taken: 0.00267 sec
=====================================
Iteration k: 0 t: 66
Set parity number to 0
Try to find 4 solutions
Sample A matrix 0x10
Solution status = Optimal
Solution value = 1
Solution 1 : [1, -0, 1, -0, 1, 1, 1, 1, 1, 1]
Solution status = Optimal
Solution value = 1
Solution 2 : [1, -0, 1, -0, 0, 0, 0, 0, 0, 0]
Solution status = Optimal
Solution value = 1
Solution 3 : [1, -0, 1, -0, 1, 1, 1, 0, 0, 0]
Solution status = Optimal
Solution value = 1
Solution 4 : [1, -0, 1, -0, 1, 1, 0, 1, 0, 0]
Found >=P solutions
Time taken: 0.002669 sec
=====================================
Iteration k: 0 t: 67
Set parity number to 0
Try to find 4 solutions
Sample A matrix 0x10
Solution status = Optimal
Solution value = 1
Solution 1 : [1, -0, 1, -0, 1, 1, 1, 1, 1, 1]
Solution status = Optimal
Solution value = 1
Solution 2 : [1, -0, 1, -0, 0, 0, 0, 0, 0, 0]
Solution status = Optimal
Solution value = 1
Solution 3 : [1, -0, 1, -0, 1, 1, 1, 0, 0, 0]
Solution status = Optimal
Solution value = 1
Solution 4 : [1, -0, 1, -0, 1, 1, 0, 1, 0, 0]
Found >=P solutions
Time taken: 0.002673 sec
=====================================
Iteration k: 0 t: 68
Set parity number to 0
Try to find 4 solutions
Sample A matrix 0x10
Solution status = Optimal
Solution value = 1
Solution 1 : [1, -0, 1, -0, 1, 1, 1, 1, 1, 1]
Solution status = Optimal
Solution value = 1
Solution 2 : [1, -0, 1, -0, 0, 0, 0, 0, 0, 0]
Solution status = Optimal
Solution value = 1
Solution 3 : [1, -0, 1, -0, 1, 1, 1, 0, 0, 0]
Solution status = Optimal
Solution value = 1
Solution 4 : [1, -0, 1, -0, 1, 1, 0, 1, 0, 0]
Found >=P solutions
Time taken: 0.002666 sec
=====================================
Iteration k: 0 t: 69
Set parity number to 0
Try to find 4 solutions
Sample A matrix 0x10
Solution status = Optimal
Solution value = 1
Solution 1 : [1, -0, 1, -0, 1, 1, 1, 1, 1, 1]
Solution status = Optimal
Solution value = 1
Solution 2 : [1, -0, 1, -0, 0, 0, 0, 0, 0, 0]
Solution status = Optimal
Solution value = 1
Solution 3 : [1, -0, 1, -0, 1, 1, 1, 0, 0, 0]
Solution status = Optimal
Solution value = 1
Solution 4 : [1, -0, 1, -0, 1, 1, 0, 1, 0, 0]
Found >=P solutions
Time taken: 0.002659 sec
=====================================
Iteration k: 0 t: 70
Set parity number to 0
Try to find 4 solutions
Sample A matrix 0x10
Solution status = Optimal
Solution value = 1
Solution 1 : [1, -0, 1, -0, 1, 1, 1, 1, 1, 1]
Solution status = Optimal
Solution value = 1
Solution 2 : [1, -0, 1, -0, 0, 0, 0, 0, 0, 0]
Solution status = Optimal
Solution value = 1
Solution 3 : [1, -0, 1, -0, 1, 1, 1, 0, 0, 0]
Solution status = Optimal
Solution value = 1
Solution 4 : [1, -0, 1, -0, 1, 1, 0, 1, 0, 0]
Found >=P solutions
Time taken: 0.002659 sec
=====================================
Iteration k: 0 t: 71
Set parity number to 0
Try to find 4 solutions
Sample A matrix 0x10
Solution status = Optimal
Solution value = 1
Solution 1 : [1, -0, 1, -0, 1, 1, 1, 1, 1, 1]
Solution status = Optimal
Solution value = 1
Solution 2 : [1, -0, 1, -0, 0, 0, 0, 0, 0, 0]
Solution status = Optimal
Solution value = 1
Solution 3 : [1, -0, 1, -0, 1, 1, 1, 0, 0, 0]
Solution status = Optimal
Solution value = 1
Solution 4 : [1, -0, 1, -0, 1, 1, 0, 1, 0, 0]
Found >=P solutions
Time taken: 0.002659 sec
=====================================
Iteration k: 1 t: 0
Set parity number to 1
Try to find 4 solutions
row echelon form:
0,1,0,1,0,0,0,0,0,0,1,
Bits saved: Initial # of bits: 3
final # of bits: 3
0 Initial # of bits: 3
final # of bits: 3
0 
Sample A matrix 1x10
0,1,0,1,0,0,0,0,0,0,1,
XOR minimum length: 3 . XOR maximum length: 3
Failed to optimize LP.
Cannot solve instance 0
Didn't find >=P solutions
Time taken: 0.042968 sec
=====================================
Iteration k: 1 t: 1
Set parity number to 1
Try to find 4 solutions
row echelon form:
1,0,1,1,1,0,1,1,0,0,0,
Bits saved: Initial # of bits: 6
final # of bits: 6
0 Initial # of bits: 6
final # of bits: 6
0 
Sample A matrix 1x10
1,0,1,1,1,0,1,1,0,0,0,
XOR minimum length: 6 . XOR maximum length: 6
Solution status = Optimal
Solution value = 1
Solution 1 : [1, -0, 1, -0, -0, 1, -0, -0, 1, 1]
Solution status = Optimal
Solution value = 1
Solution 2 : [1, -0, 1, -0, -0, 0, -0, -0, 0, 0]
Solution status = Optimal
Solution value = 1
Solution 3 : [1, -0, 1, -0, -0, 1, -0, -0, 1, 0]
Solution status = Optimal
Solution value = 1
Solution 4 : [1, -0, 1, -0, -0, 0, -0, -0, 1, 1]
Found >=P solutions
Time taken: 0.011118 sec
=====================================
Iteration k: 1 t: 2
Set parity number to 1
Try to find 4 solutions
row echelon form:
0,0,0,1,1,1,0,1,1,0,0,
Bits saved: Initial # of bits: 5
final # of bits: 5
0 Initial # of bits: 5
final # of bits: 5
0 
Sample A matrix 1x10
0,0,0,1,1,1,0,1,1,0,0,
XOR minimum length: 5 . XOR maximum length: 5
Solution status = Optimal
Solution value = 1
Solution 1 : [1, -0, 1, -0, -0, -0, 1, -0, -0, 1]
Solution status = Optimal
Solution value = 1
Solution 2 : [1, -0, 1, -0, -0, -0, 0, -0, -0, 0]
Solution status = Optimal
Solution value = 1
Solution 3 : [1, -0, 1, -0, -0, -0, 1, -0, -0, 0]
Solution status = Optimal
Solution value = 1
Solution 4 : [1, -0, 1, -0, -0, -0, -0, -0, -0, 1]
Found >=P solutions
Time taken: 0.017152 sec
=====================================
Iteration k: 1 t: 3
Set parity number to 1
Try to find 4 solutions
row echelon form:
0,1,1,0,0,0,0,1,0,1,1,
Bits saved: Initial # of bits: 5
final # of bits: 5
0 Initial # of bits: 5
final # of bits: 5
0 
Sample A matrix 1x10
0,1,1,0,0,0,0,1,0,1,1,
XOR minimum length: 5 . XOR maximum length: 5
Solution status = Optimal
Solution value = 1
Solution 1 : [1, -0, 1, -0, 1, 1, 1, 1, 1, 1]
Solution status = Optimal
Solution value = 1
Solution 2 : [1, -0, 1, -0, 0, 0, 0, 1, 0, 1]
Solution status = Optimal
Solution value = 1
Solution 3 : [1, -0, 1, -0, 1, 1, 1, 1, 0, 1]
Solution status = Optimal
Solution value = 1
Solution 4 : [1, -0, 1, -0, 1, 0, 1, 1, 1, 1]
Found >=P solutions
Time taken: 0.026948 sec
=====================================
Iteration k: 1 t: 4
Set parity number to 1
Try to find 4 solutions
row echelon form:
1,1,0,0,0,0,0,0,0,1,0,
Bits saved: Initial # of bits: 3
final # of bits: 3
0 Initial # of bits: 3
final # of bits: 3
0 
Sample A matrix 1x10
1,1,0,0,0,0,0,0,0,1,0,
XOR minimum length: 3 . XOR maximum length: 3
Solution status = Optimal
Solution value = 1
Solution 1 : [1, -0, 1, -0, 1, 1, 1, 1, 1, 1]
Solution status = Optimal
Solution value = 1
Solution 2 : [1, -0, 1, -0, 0, 0, 0, 0, 0, 1]
Solution status = Optimal
Solution value = 1
Solution 3 : [1, -0, 1, -0, 1, 1, 1, 0, 0, 1]
Solution status = Optimal
Solution value = 1
Solution 4 : [1, -0, 1, -0, 1, 1, 0, 0, 1, 1]
Found >=P solutions
Time taken: 0.014376 sec
=====================================
Iteration k: 1 t: 5
Set parity number to 1
Try to find 4 solutions
row echelon form:
1,0,1,0,0,1,1,0,0,1,1,
Bits saved: Initial # of bits: 6
final # of bits: 6
0 Initial # of bits: 6
final # of bits: 6
0 
Sample A matrix 1x10
1,0,1,0,0,1,1,0,0,1,1,
XOR minimum length: 6 . XOR maximum length: 6
Solution status = Optimal
Solution value = 1
Solution 1 : [1, -0, 1, -0, 1, 1, 1, 1, 1, 1]
Solution status = Optimal
Solution value = 1
Solution 2 : [1, -0, 1, -0, 0, 1, 1, 0, 0, 1]
Solution status = Optimal
Solution value = 1
Solution 3 : [1, -0, 1, -0, 1, 1, 1, 1, 0, 1]
Solution status = Optimal
Solution value = 1
Solution 4 : [1, -0, 1, -0, 1, 1, 1, -0, 1, 1]
Found >=P solutions
Time taken: 0.02049 sec
=====================================
Iteration k: 1 t: 6
Set parity number to 1
Try to find 4 solutions
row echelon form:
1,0,1,1,0,0,0,0,0,0,0,
Bits saved: Initial # of bits: 3
final # of bits: 3
0 Initial # of bits: 3
final # of bits: 3
0 
Sample A matrix 1x10
1,0,1,1,0,0,0,0,0,0,0,
XOR minimum length: 3 . XOR maximum length: 3
Solution status = Optimal
Solution value = 1
Solution 1 : [1, -0, 1, -0, 1, 1, 1, 1, 1, 1]
Solution status = Optimal
Solution value = 1
Solution 2 : [1, -0, 1, -0, 0, 0, 0, 0, 0, 0]
Solution status = Optimal
Solution value = 1
Solution 3 : [1, -0, 1, -0, 1, 1, 1, 0, 0, 0]
Solution status = Optimal
Solution value = 1
Solution 4 : [1, -0, 1, -0, 1, 1, 0, 0, 0, 1]
Found >=P solutions
Time taken: 0.0098 sec
=====================================
Iteration k: 1 t: 7
Set parity number to 1
Try to find 4 solutions
row echelon form:
1,1,1,0,0,0,1,1,1,0,1,
Bits saved: Initial # of bits: 7
final # of bits: 7
0 Initial # of bits: 7
final # of bits: 7
0 
Sample A matrix 1x10
1,1,1,0,0,0,1,1,1,0,1,
XOR minimum length: 7 . XOR maximum length: 7
Solution status = Optimal
Solution value = 1
Solution 1 : [1, -0, 1, -0, 1, 1, 1, 1, 1, 1]
Solution status = Optimal
Solution value = 1
Solution 2 : [1, -0, 1, -0, 0, 0, 1, 1, 1, 0]
Solution status = Optimal
Solution value = 1
Solution 3 : [1, -0, 1, -0, 1, 1, 1, 1, 1, 0]
Solution status = Optimal
Solution value = 1
Solution 4 : [1, -0, 1, -0, 1, -0, -0, -0, 1, 1]
Found >=P solutions
Time taken: 0.011171 sec
=====================================
Iteration k: 1 t: 8
Set parity number to 1
Try to find 4 solutions
row echelon form:
1,1,0,1,1,1,1,0,1,1,1,
Bits saved: Initial # of bits: 9
final # of bits: 9
0 Initial # of bits: 9
final # of bits: 9
0 
Sample A matrix 1x10
1,1,0,1,1,1,1,0,1,1,1,
XOR minimum length: 9 . XOR maximum length: 9
Solution status = Optimal
Solution value = 1
Solution 1 : [1, 0, 1, 0, 0, 0, 1, 0, 1, 0]
Solution status = Optimal
Solution value = 1
Solution 2 : [1, -0, 1, -0, -0, -0, -0, 1, 1, 1]
Solution status = Optimal
Solution value = 1
Solution 3 : [1, -0, 1, -0, 1, -0, -0, -0, 1, -0]
Solution status = Optimal
Solution value = 1
Solution 4 : [1, -0, 1, -0, -0, 1, -0, -0, 1, -0]
Found >=P solutions
Time taken: 0.018436 sec
=====================================
Iteration k: 1 t: 9
Set parity number to 1
Try to find 4 solutions
row echelon form:
0,0,0,1,1,0,0,1,0,0,0,
Bits saved: Initial # of bits: 3
final # of bits: 3
0 Initial # of bits: 3
final # of bits: 3
0 
Sample A matrix 1x10
0,0,0,1,1,0,0,1,0,0,0,
XOR minimum length: 3 . XOR maximum length: 3
Solution status = Optimal
Solution value = 1
Solution 1 : [1, -0, 1, -0, 1, 1, 1, 1, 1, 1]
Solution status = Optimal
Solution value = 1
Solution 2 : [1, -0, 1, -0, 1, 0, 0, 1, 0, 0]
Solution status = Optimal
Solution value = 1
Solution 3 : [1, -0, 1, -0, 1, 1, 1, 1, 0, 0]
Solution status = Optimal
Solution value = 1
Solution 4 : [1, -0, 1, -0, 1, 1, 0, 1, 0, 1]
Found >=P solutions
Time taken: 0.011688 sec
=====================================
Iteration k: 1 t: 10
Set parity number to 1
Try to find 4 solutions
row echelon form:
1,0,1,0,0,0,0,1,0,0,0,
Bits saved: Initial # of bits: 3
final # of bits: 3
0 Initial # of bits: 3
final # of bits: 3
0 
Sample A matrix 1x10
1,0,1,0,0,0,0,1,0,0,0,
XOR minimum length: 3 . XOR maximum length: 3
Solution status = Optimal
Solution value = 1
Solution 1 : [1, -0, 1, -0, 1, 1, 1, -0, 1, 1]
Solution status = Optimal
Solution value = 1
Solution 2 : [1, -0, 1, -0, 0, 0, 0, -0, 0, 0]
Solution status = Optimal
Solution value = 1
Solution 3 : [1, -0, 1, -0, 1, 1, 1, -0, 0, 0]
Solution status = Optimal
Solution value = 1
Solution 4 : [1, -0, 1, -0, 1, 1, 0, -0, 0, 1]
Found >=P solutions
Time taken: 0.014248 sec
=====================================
Iteration k: 1 t: 11
Set parity number to 1
Try to find 4 solutions
row echelon form:
0,1,1,1,1,1,1,0,1,1,1,
Bits saved: Initial # of bits: 9
final # of bits: 9
0 Initial # of bits: 9
final # of bits: 9
0 
Sample A matrix 1x10
0,1,1,1,1,1,1,0,1,1,1,
XOR minimum length: 9 . XOR maximum length: 9
Solution status = Optimal
Solution value = 1
Solution 1 : [1, -0, 1, -0, -0, -0, -0, 1, -0, -0]
Solution status = Optimal
Solution value = 1
Solution 2 : [1, -0, 1, -0, -0, -0, -0, 0, -0, -0]
Solution status = Optimal
Solution value = 1
Solution 3 : [1, -0, 1, -0, 1, 1, -0, -0, 1, 1]
Solution status = Optimal
Solution value = 1
Solution 4 : [1, -0, 1, -0, 1, -0, -0, -0, -0, 1]
Found >=P solutions
Time taken: 0.014915 sec
=====================================
Iteration k: 1 t: 12
Set parity number to 1
Try to find 4 solutions
row echelon form:
1,0,1,1,1,0,1,0,0,0,0,
Bits saved: Initial # of bits: 5
final # of bits: 5
0 Initial # of bits: 5
final # of bits: 5
0 
Sample A matrix 1x10
1,0,1,1,1,0,1,0,0,0,0,
XOR minimum length: 5 . XOR maximum length: 5
Solution status = Optimal
Solution value = 1
Solution 1 : [1, -0, 1, -0, -0, 1, -0, 1, 1, 1]
Solution status = Optimal
Solution value = 1
Solution 2 : [1, -0, 1, -0, -0, 0, -0, 0, 0, 0]
Solution status = Optimal
Solution value = 1
Solution 3 : [1, -0, 1, -0, -0, 1, -0, 1, 0, 0]
Solution status = Optimal
Solution value = 1
Solution 4 : [1, -0, 1, -0, -0, 1, -0, 0, 0, 1]
Found >=P solutions
Time taken: 0.020894 sec
=====================================
Iteration k: 1 t: 13
Set parity number to 1
Try to find 4 solutions
row echelon form:
1,1,0,0,1,0,1,1,1,0,0,
Bits saved: Initial # of bits: 6
final # of bits: 6
0 Initial # of bits: 6
final # of bits: 6
0 
Sample A matrix 1x10
1,1,0,0,1,0,1,1,1,0,0,
XOR minimum length: 6 . XOR maximum length: 6
Solution status = Optimal
Solution value = 1
Solution 1 : [1, -0, 1, -0, 1, 1, -0, -0, -0, 1]
Solution status = Optimal
Solution value = 1
Solution 2 : [1, -0, 1, -0, 1, 0, -0, -0, -0, 0]
Solution status = Optimal
Solution value = 1
Solution 3 : [1, -0, 1, -0, 1, 1, -0, -0, -0, 0]
Solution status = Optimal
Solution value = 1
Solution 4 : [1, -0, 1, -0, -0, 1, 1, -0, -0, 1]
Found >=P solutions
Time taken: 0.024137 sec
=====================================
Iteration k: 1 t: 14
Set parity number to 1
Try to find 4 solutions
row echelon form:
0,1,0,1,1,0,0,1,1,1,1,
Bits saved: Initial # of bits: 7
final # of bits: 7
0 Initial # of bits: 7
final # of bits: 7
0 
Sample A matrix 1x10
0,1,0,1,1,0,0,1,1,1,1,
XOR minimum length: 7 . XOR maximum length: 7
Solution status = Optimal
Solution value = 1
Solution 1 : [1, -0, 1, -0, -0, 1, 1, -0, -0, 1]
Solution status = Optimal
Solution value = 1
Solution 2 : [1, -0, 1, -0, -0, 0, 0, -0, -0, 1]
Solution status = Optimal
Solution value = 1
Solution 3 : [1, -0, 1, -0, -0, 1, 0, -0, -0, 1]
Solution status = Optimal
Solution value = 1
Solution 4 : [1, -0, 1, -0, -0, -0, 1, -0, -0, 1]
Found >=P solutions
Time taken: 0.016634 sec
=====================================
Iteration k: 1 t: 15
Set parity number to 1
Try to find 4 solutions
row echelon form:
0,0,0,1,1,0,0,0,0,1,0,
Bits saved: Initial # of bits: 3
final # of bits: 3
0 Initial # of bits: 3
final # of bits: 3
0 
Sample A matrix 1x10
0,0,0,1,1,0,0,0,0,1,0,
XOR minimum length: 3 . XOR maximum length: 3
Solution status = Optimal
Solution value = 1
Solution 1 : [1, -0, 1, -0, 1, 1, 1, 1, 1, 1]
Solution status = Optimal
Solution value = 1
Solution 2 : [1, -0, 1, -0, 1, 0, 0, 0, 0, 1]
Solution status = Optimal
Solution value = 1
Solution 3 : [1, -0, 1, -0, 1, 1, 1, 0, 0, 1]
Solution status = Optimal
Solution value = 1
Solution 4 : [1, -0, 1, -0, 1, 1, 0, 0, 1, 1]
Found >=P solutions
Time taken: 0.017634 sec
=====================================
Iteration k: 1 t: 16
Set parity number to 1
Try to find 4 solutions
row echelon form:
1,0,0,0,0,1,1,0,1,0,1,
Bits saved: Initial # of bits: 5
final # of bits: 5
0 Initial # of bits: 5
final # of bits: 5
0 
Sample A matrix 1x10
1,0,0,0,0,1,1,0,1,0,1,
XOR minimum length: 5 . XOR maximum length: 5
Solution status = Optimal
Solution value = 1
Solution 1 : [1, -0, 1, -0, 1, -0, 1, 1, 1, 1]
Solution status = Optimal
Solution value = 1
Solution 2 : [1, -0, 1, -0, 0, -0, 1, 0, 1, 0]
Solution status = Optimal
Solution value = 1
Solution 3 : [1, -0, 1, -0, 1, -0, 1, 1, 1, 0]
Solution status = Optimal
Solution value = 1
Solution 4 : [1, -0, 1, -0, 1, -0, 1, 0, 1, 1]
Found >=P solutions
Time taken: 0.01571 sec
=====================================
Iteration k: 1 t: 17
Set parity number to 1
Try to find 4 solutions
row echelon form:
1,1,0,1,0,0,1,0,1,1,0,
Bits saved: Initial # of bits: 6
final # of bits: 6
0 Initial # of bits: 6
final # of bits: 6
0 
Sample A matrix 1x10
1,1,0,1,0,0,1,0,1,1,0,
XOR minimum length: 6 . XOR maximum length: 6
Solution status = Optimal
Solution value = 1
Solution 1 : [1, -0, 1, -0, 1, 1, -0, 1, 1, -0]
Solution status = Optimal
Solution value = 1
Solution 2 : [1, -0, 1, -0, 0, 0, -0, 0, 1, -0]
Solution status = Optimal
Solution value = 1
Solution 3 : [1, -0, 1, -0, 1, 1, -0, 0, 1, -0]
Solution status = Optimal
Solution value = 1
Solution 4 : [1, -0, 1, -0, 1, -0, -0, 1, -0, 1]
Found >=P solutions
Time taken: 0.011156 sec
=====================================
Iteration k: 1 t: 18
Set parity number to 1
Try to find 4 solutions
row echelon form:
0,1,1,0,1,1,1,1,0,1,0,
Bits saved: Initial # of bits: 7
final # of bits: 7
0 Initial # of bits: 7
final # of bits: 7
0 
Sample A matrix 1x10
0,1,1,0,1,1,1,1,0,1,0,
XOR minimum length: 7 . XOR maximum length: 7
Solution status = Optimal
Solution value = 1
Solution 1 : [1, -0, 1, -0, -0, -0, 1, -0, 1, -0]
Solution status = Optimal
Solution value = 1
Solution 2 : [1, -0, 1, -0, -0, -0, 1, -0, 0, -0]
Solution status = Optimal
Solution value = 1
Solution 3 : [1, -0, 1, -0, 1, -0, 1, -0, 1, 1]
Solution status = Optimal
Solution value = 1
Solution 4 : [1, -0, 1, -0, -0, -0, -0, -0, -0, 1]
Found >=P solutions
Time taken: 0.01826 sec
=====================================
Iteration k: 1 t: 19
Set parity number to 1
Try to find 4 solutions
row echelon form:
0,0,0,0,0,1,0,1,1,1,1,
Bits saved: Initial # of bits: 5
final # of bits: 5
0 Initial # of bits: 5
final # of bits: 5
0 
Sample A matrix 1x10
0,0,0,0,0,1,0,1,1,1,1,
XOR minimum length: 5 . XOR maximum length: 5
Solution status = Optimal
Solution value = 1
Solution 1 : [1, -0, 1, -0, 1, 1, 1, 1, 1, -0]
Solution status = Optimal
Solution value = 1
Solution 2 : [1, -0, 1, -0, 0, 1, 0, 1, 1, -0]
Solution status = Optimal
Solution value = 1
Solution 3 : [1, -0, 1, -0, 1, 1, 0, 1, 1, -0]
Solution status = Optimal
Solution value = 1
Solution 4 : [1, -0, 1, -0, 1, 1, 1, 1, -0, 1]
Found >=P solutions
Time taken: 0.016436 sec
=====================================
Iteration k: 1 t: 20
Set parity number to 1
Try to find 4 solutions
row echelon form:
1,0,0,1,1,0,1,1,0,1,1,
Bits saved: Initial # of bits: 7
final # of bits: 7
0 Initial # of bits: 7
final # of bits: 7
0 
Sample A matrix 1x10
1,0,0,1,1,0,1,1,0,1,1,
XOR minimum length: 7 . XOR maximum length: 7
Solution status = Optimal
Solution value = 1
Solution 1 : [1, -0, 1, -0, -0, 1, -0, 1, 1, 1]
Solution status = Optimal
Solution value = 1
Solution 2 : [1, -0, 1, -0, -0, 0, -0, 1, 0, 1]
Solution status = Optimal
Solution value = 1
Solution 3 : [1, -0, 1, -0, -0, 1, -0, 1, 0, 1]
Solution status = Optimal
Solution value = 1
Solution 4 : [1, -0, 1, -0, 1, -0, -0, 1, 1, -0]
Found >=P solutions
Time taken: 0.007128 sec
=====================================
Iteration k: 1 t: 21
Set parity number to 1
Try to find 4 solutions
row echelon form:
0,1,1,0,0,1,1,0,0,1,1,
Bits saved: Initial # of bits: 6
final # of bits: 6
0 Initial # of bits: 6
final # of bits: 6
0 
Sample A matrix 1x10
0,1,1,0,0,1,1,0,0,1,1,
XOR minimum length: 6 . XOR maximum length: 6
Solution status = Optimal
Solution value = 1
Solution 1 : [1, -0, 1, -0, 1, -0, -0, 1, 1, -0]
Solution status = Optimal
Solution value = 1
Solution 2 : [1, -0, 1, -0, 0, -0, -0, 0, 0, -0]
Solution status = Optimal
Solution value = 1
Solution 3 : [1, -0, 1, -0, 1, -0, -0, 1, 0, -0]
Solution status = Optimal
Solution value = 1
Solution 4 : [1, -0, 1, -0, -0, -0, -0, 1, -0, -0]
Found >=P solutions
Time taken: 0.012879 sec
=====================================
Iteration k: 1 t: 22
Set parity number to 1
Try to find 4 solutions
row echelon form:
0,1,0,0,0,1,0,0,0,0,1,
Bits saved: Initial # of bits: 3
final # of bits: 3
0 Initial # of bits: 3
final # of bits: 3
0 
Sample A matrix 1x10
0,1,0,0,0,1,0,0,0,0,1,
XOR minimum length: 3 . XOR maximum length: 3
Solution status = Optimal
Solution value = 1
Solution 1 : [1, 0, 1, 0, 0, 1, 0, 0, 0, 0]
Solution status = Optimal
Solution value = 1
Solution 2 : [1, -0, 1, -0, 1, 1, 1, 1, 1, 1]
Solution status = Optimal
Solution value = 1
Solution 3 : [1, -0, 1, -0, 1, 1, 1, 0, 0, 0]
Solution status = Optimal
Solution value = 1
Solution 4 : [1, -0, 1, -0, 1, 1, 0, 1, 0, 0]
Found >=P solutions
Time taken: 0.017293 sec
=====================================
Iteration k: 1 t: 23
Set parity number to 1
Try to find 4 solutions
row echelon form:
1,0,1,0,1,1,1,0,0,1,0,
Bits saved: Initial # of bits: 6
final # of bits: 6
0 Initial # of bits: 6
final # of bits: 6
0 
Sample A matrix 1x10
1,0,1,0,1,1,1,0,0,1,0,
XOR minimum length: 6 . XOR maximum length: 6
Solution status = Optimal
Solution value = 1
Solution 1 : [1, -0, 1, -0, 1, 1, 1, 1, 1, 1]
Solution status = Optimal
Solution value = 1
Solution 2 : [1, -0, 1, -0, 1, 1, 1, 0, 0, 1]
Solution status = Optimal
Solution value = 1
Solution 3 : [1, -0, 1, -0, 1, 1, 1, 1, 0, 1]
Solution status = Optimal
Solution value = 1
Solution 4 : [1, -0, 1, -0, 1, 1, 1, -0, 1, 1]
Found >=P solutions
Time taken: 0.01209 sec
=====================================
Iteration k: 1 t: 24
Set parity number to 1
Try to find 4 solutions
row echelon form:
1,1,1,1,1,1,1,1,1,1,1,
Bits saved: Initial # of bits: 11
final # of bits: 11
0 Initial # of bits: 11
final # of bits: 11
0 
Sample A matrix 1x10
1,1,1,1,1,1,1,1,1,1,1,
XOR minimum length: 11 . XOR maximum length: 11
Solution status = Optimal
Solution value = 1
Solution 1 : [1, -0, 1, -0, 1, 1, 1, 1, -0, 1]
Solution status = Optimal
Solution value = 1
Solution 2 : [1, -0, 1, -0, 1, -0, -0, -0, -0, -0]
Solution status = Optimal
Solution value = 1
Solution 3 : [1, -0, 1, -0, -0, -0, -0, 1, -0, -0]
Solution status = Optimal
Solution value = 1
Solution 4 : [1, -0, 1, -0, 1, 1, 1, 1, 1, -0]
Found >=P solutions
Time taken: 0.011528 sec
=====================================
Iteration k: 1 t: 25
Set parity number to 1
Try to find 4 solutions
row echelon form:
0,1,1,0,0,1,0,1,1,0,0,
Bits saved: Initial # of bits: 5
final # of bits: 5
0 Initial # of bits: 5
final # of bits: 5
0 
Sample A matrix 1x10
0,1,1,0,0,1,0,1,1,0,0,
XOR minimum length: 5 . XOR maximum length: 5
Solution status = Optimal
Solution value = 1
Solution 1 : [1, -0, 1, -0, 1, 1, 1, 1, 1, 1]
Solution status = Optimal
Solution value = 1
Solution 2 : [1, -0, 1, -0, 0, 1, 0, 1, 1, 0]
Solution status = Optimal
Solution value = 1
Solution 3 : [1, -0, 1, -0, 1, 1, 1, 1, 1, 0]
Solution status = Optimal
Solution value = 1
Solution 4 : [1, -0, 1, -0, 1, -0, -0, -0, 1, 1]
Found >=P solutions
Time taken: 0.010884 sec
=====================================
Iteration k: 1 t: 26
Set parity number to 1
Try to find 4 solutions
row echelon form:
1,1,0,0,0,0,1,0,1,0,0,
Bits saved: Initial # of bits: 4
final # of bits: 4
0 Initial # of bits: 4
final # of bits: 4
0 
Sample A matrix 1x10
1,1,0,0,0,0,1,0,1,0,0,
XOR minimum length: 4 . XOR maximum length: 4
Solution status = Optimal
Solution value = 1
Solution 1 : [1, -0, 1, -0, 1, 1, -0, 1, 1, 1]
Solution status = Optimal
Solution value = 1
Solution 2 : [1, -0, 1, -0, 0, 0, -0, 0, 1, 0]
Solution status = Optimal
Solution value = 1
Solution 3 : [1, -0, 1, -0, 1, 1, -0, 1, 1, 0]
Solution status = Optimal
Solution value = 1
Solution 4 : [1, -0, 1, -0, 1, 1, -0, 0, 1, 1]
Found >=P solutions
Time taken: 0.016241 sec
=====================================
Iteration k: 1 t: 27
Set parity number to 1
Try to find 4 solutions
row echelon form:
1,1,0,0,1,1,1,0,0,1,1,
Bits saved: Initial # of bits: 7
final # of bits: 7
0 Initial # of bits: 7
final # of bits: 7
0 
Sample A matrix 1x10
1,1,0,0,1,1,1,0,0,1,1,
XOR minimum length: 7 . XOR maximum length: 7
Solution status = Optimal
Solution value = 1
Solution 1 : [1, -0, 1, -0, -0, -0, 1, 1, 1, 1]
Solution status = Optimal
Solution value = 1
Solution 2 : [1, -0, 1, -0, -0, -0, 1, 0, 0, 1]
Solution status = Optimal
Solution value = 1
Solution 3 : [1, -0, 1, -0, -0, -0, 1, 1, 0, 1]
Solution status = Optimal
Solution value = 1
Solution 4 : [1, -0, 1, -0, 1, -0, 1, -0, 1, -0]
Found >=P solutions
Time taken: 0.011093 sec
=====================================
Iteration k: 1 t: 28
Set parity number to 1
Try to find 4 solutions
row echelon form:
0,0,0,0,0,0,0,0,0,1,1,
Bits saved: Initial # of bits: 2
final # of bits: 2
0 Initial # of bits: 2
final # of bits: 2
0 
Sample A matrix 1x10
0,0,0,0,0,0,0,0,0,1,1,
XOR minimum length: 2 . XOR maximum length: 2
Solution status = Optimal
Solution value = 1
Solution 1 : [1, -0, 1, -0, 1, 1, 1, 1, 1, 1]
Solution status = Optimal
Solution value = 1
Solution 2 : [1, -0, 1, -0, 0, 0, 0, 0, 0, 1]
Solution status = Optimal
Solution value = 1
Solution 3 : [1, -0, 1, -0, 1, 1, 1, 0, 0, 1]
Solution status = Optimal
Solution value = 1
Solution 4 : [1, -0, 1, -0, 1, 1, 0, 0, 1, 1]
Found >=P solutions
Time taken: 0.014569 sec
=====================================
Iteration k: 1 t: 29
Set parity number to 1
Try to find 4 solutions
row echelon form:
1,0,0,1,1,0,1,0,0,0,1,
Bits saved: Initial # of bits: 5
final # of bits: 5
0 Initial # of bits: 5
final # of bits: 5
0 
Sample A matrix 1x10
1,0,0,1,1,0,1,0,0,0,1,
XOR minimum length: 5 . XOR maximum length: 5
Solution status = Optimal
Solution value = 1
Solution 1 : [1, -0, 1, -0, 1, 1, 1, 1, 1, 1]
Solution status = Optimal
Solution value = 1
Solution 2 : [1, -0, 1, -0, 1, 0, 1, 0, 0, 0]
Solution status = Optimal
Solution value = 1
Solution 3 : [1, -0, 1, -0, 1, 1, 1, 1, 0, 0]
Solution status = Optimal
Solution value = 1
Solution 4 : [1, -0, 1, -0, 1, 1, 1, 0, 0, 1]
Found >=P solutions
Time taken: 0.015915 sec
=====================================
Iteration k: 1 t: 30
Set parity number to 1
Try to find 4 solutions
row echelon form:
0,0,1,0,1,1,1,0,0,1,0,
Bits saved: Initial # of bits: 5
final # of bits: 5
0 Initial # of bits: 5
final # of bits: 5
0 
Sample A matrix 1x10
0,0,1,0,1,1,1,0,0,1,0,
XOR minimum length: 5 . XOR maximum length: 5
Solution status = Optimal
Solution value = 1
Solution 1 : [1, -0, 1, -0, -0, -0, -0, 1, 1, 1]
Solution status = Optimal
Solution value = 1
Solution 2 : [1, -0, 1, -0, -0, -0, -0, 0, 0, 1]
Solution status = Optimal
Solution value = 1
Solution 3 : [1, -0, 1, -0, -0, -0, -0, 1, 0, 1]
Solution status = Optimal
Solution value = 1
Solution 4 : [1, -0, 1, -0, 1, -0, 1, -0, 1, 1]
Found >=P solutions
Time taken: 0.010889 sec
=====================================
Iteration k: 1 t: 31
Set parity number to 1
Try to find 4 solutions
row echelon form:
1,0,0,0,0,0,0,0,1,0,1,
Bits saved: Initial # of bits: 3
final # of bits: 3
0 Initial # of bits: 3
final # of bits: 3
0 
Sample A matrix 1x10
1,0,0,0,0,0,0,0,1,0,1,
XOR minimum length: 3 . XOR maximum length: 3
Solution status = Optimal
Solution value = 1
Solution 1 : [1, -0, 1, -0, 1, 1, 1, 1, 0, 1]
Solution status = Optimal
Solution value = 1
Solution 2 : [1, -0, 1, -0, 0, 0, 0, 0, 0, 0]
Solution status = Optimal
Solution value = 1
Solution 3 : [1, -0, 1, -0, 1, 1, 0, 0, 0, 1]
Solution status = Optimal
Solution value = 1
Solution 4 : [1, -0, 1, -0, 1, 1, 0, 1, 0, 0]
Found >=P solutions
Time taken: 0.013441 sec
=====================================
Iteration k: 1 t: 32
Set parity number to 1
Try to find 4 solutions
row echelon form:
1,1,0,1,0,0,1,1,1,1,0,
Bits saved: Initial # of bits: 7
final # of bits: 7
0 Initial # of bits: 7
final # of bits: 7
0 
Sample A matrix 1x10
1,1,0,1,0,0,1,1,1,1,0,
XOR minimum length: 7 . XOR maximum length: 7
Solution status = Optimal
Solution value = 1
Solution 1 : [1, -0, 1, -0, 1, 1, -0, 1, 1, 1]
Solution status = Optimal
Solution value = 1
Solution 2 : [1, -0, 1, -0, 0, 0, -0, 1, 1, 1]
Solution status = Optimal
Solution value = 1
Solution 3 : [1, -0, 1, -0, 1, 1, -0, -0, -0, 1]
Solution status = Optimal
Solution value = 1
Solution 4 : [1, -0, 1, -0, 1, -0, 1, -0, 1, 1]
Found >=P solutions
Time taken: 0.013253 sec
=====================================
Iteration k: 1 t: 33
Set parity number to 1
Try to find 4 solutions
row echelon form:
1,0,0,1,0,1,0,1,1,0,1,
Bits saved: Initial # of bits: 6
final # of bits: 6
0 Initial # of bits: 6
final # of bits: 6
0 
Sample A matrix 1x10
1,0,0,1,0,1,0,1,1,0,1,
XOR minimum length: 6 . XOR maximum length: 6
Solution status = Optimal
Solution value = 1
Solution 1 : [1, -0, 1, -0, 1, 1, 1, -0, 1, 1]
Solution status = Optimal
Solution value = 1
Solution 2 : [1, -0, 1, -0, 0, 1, 0, -0, 1, 0]
Solution status = Optimal
Solution value = 1
Solution 3 : [1, -0, 1, -0, 1, 1, 1, -0, 1, 0]
Solution status = Optimal
Solution value = 1
Solution 4 : [1, -0, 1, -0, 1, -0, 1, -0, -0, 1]
Found >=P solutions
Time taken: 0.014383 sec
=====================================
Iteration k: 1 t: 34
Set parity number to 1
Try to find 4 solutions
row echelon form:
1,1,1,1,0,1,1,0,1,1,0,
Bits saved: Initial # of bits: 8
final # of bits: 8
0 Initial # of bits: 8
final # of bits: 8
0 
Sample A matrix 1x10
1,1,1,1,0,1,1,0,1,1,0,
XOR minimum length: 8 . XOR maximum length: 8
Solution status = Optimal
Solution value = 1
Solution 1 : [1, -0, 1, -0, 1, -0, -0, 1, 1, 1]
Solution status = Optimal
Solution value = 1
Solution 2 : [1, -0, 1, -0, 0, -0, -0, 0, 1, 1]
Solution status = Optimal
Solution value = 1
Solution 3 : [1, -0, 1, -0, 1, -0, -0, 1, -0, -0]
Solution status = Optimal
Solution value = 1
Solution 4 : [1, -0, 1, -0, 1, -0, 1, -0, -0, 1]
Found >=P solutions
Time taken: 0.01768 sec
=====================================
Iteration k: 1 t: 35
Set parity number to 1
Try to find 4 solutions
row echelon form:
1,1,1,1,0,0,1,0,0,0,1,
Bits saved: Initial # of bits: 6
final # of bits: 6
0 Initial # of bits: 6
final # of bits: 6
0 
Sample A matrix 1x10
1,1,1,1,0,0,1,0,0,0,1,
XOR minimum length: 6 . XOR maximum length: 6
Solution status = Optimal
Solution value = 1
Solution 1 : [1, -0, 1, -0, 1, 1, 1, 1, 1, 1]
Solution status = Optimal
Solution value = 1
Solution 2 : [1, -0, 1, -0, 0, 0, 1, 0, 0, 0]
Solution status = Optimal
Solution value = 1
Solution 3 : [1, -0, 1, -0, 1, 1, 1, 1, 0, 0]
Solution status = Optimal
Solution value = 1
Solution 4 : [1, -0, 1, -0, 1, 1, 1, 0, 0, 1]
Found >=P solutions
Time taken: 0.019457 sec
=====================================
Iteration k: 1 t: 36
Set parity number to 1
Try to find 4 solutions
row echelon form:
0,0,0,0,1,0,1,1,0,1,1,
Bits saved: Initial # of bits: 5
final # of bits: 5
0 Initial # of bits: 5
final # of bits: 5
0 
Sample A matrix 1x10
0,0,0,0,1,0,1,1,0,1,1,
XOR minimum length: 5 . XOR maximum length: 5
Solution status = Optimal
Solution value = 1
Solution 1 : [1, -0, 1, -0, 1, 1, 1, 1, 1, -0]
Solution status = Optimal
Solution value = 1
Solution 2 : [1, -0, 1, -0, 1, 0, 1, 1, 0, -0]
Solution status = Optimal
Solution value = 1
Solution 3 : [1, -0, 1, -0, 1, 1, 1, 1, 0, -0]
Solution status = Optimal
Solution value = 1
Solution 4 : [1, -0, 1, -0, 1, 0, 1, 1, 1, -0]
Found >=P solutions
Time taken: 0.019507 sec
=====================================
Iteration k: 1 t: 37
Set parity number to 1
Try to find 4 solutions
row echelon form:
0,1,0,0,1,0,0,1,0,1,1,
Bits saved: Initial # of bits: 5
final # of bits: 5
0 Initial # of bits: 5
final # of bits: 5
0 
Sample A matrix 1x10
0,1,0,0,1,0,0,1,0,1,1,
XOR minimum length: 5 . XOR maximum length: 5
Solution status = Optimal
Solution value = 1
Solution 1 : [1, -0, 1, -0, 1, 1, 1, 1, 1, 1]
Solution status = Optimal
Solution value = 1
Solution 2 : [1, -0, 1, -0, 1, 0, 0, 1, 0, 1]
Solution status = Optimal
Solution value = 1
Solution 3 : [1, -0, 1, -0, 1, 1, 1, 1, 0, 1]
Solution status = Optimal
Solution value = 1
Solution 4 : [1, -0, 1, -0, 1, 0, 1, 1, 1, 1]
Found >=P solutions
Time taken: 0.017364 sec
=====================================
Iteration k: 1 t: 38
Set parity number to 1
Try to find 4 solutions
row echelon form:
1,1,1,0,1,1,0,0,0,1,0,
Bits saved: Initial # of bits: 6
final # of bits: 6
0 Initial # of bits: 6
final # of bits: 6
0 
Sample A matrix 1x10
1,1,1,0,1,1,0,0,0,1,0,
XOR minimum length: 6 . XOR maximum length: 6
Solution status = Optimal
Solution value = 1
Solution 1 : [1, -0, 1, -0, -0, -0, 1, 1, 1, -0]
Solution status = Optimal
Solution value = 1
Solution 2 : [1, -0, 1, -0, -0, -0, 0, 0, 0, -0]
Solution status = Optimal
Solution value = 1
Solution 3 : [1, -0, 1, -0, -0, -0, 1, 0, 0, -0]
Solution status = Optimal
Solution value = 1
Solution 4 : [1, -0, 1, -0, -0, -0, 0, 0, 1, -0]
Found >=P solutions
Time taken: 0.019202 sec
=====================================
Iteration k: 1 t: 39
Set parity number to 1
Try to find 4 solutions
row echelon form:
0,0,1,1,1,0,1,1,0,1,0,
Bits saved: Initial # of bits: 6
final # of bits: 6
0 Initial # of bits: 6
final # of bits: 6
0 
Sample A matrix 1x10
0,0,1,1,1,0,1,1,0,1,0,
XOR minimum length: 6 . XOR maximum length: 6
Solution status = Optimal
Solution value = 1
Solution 1 : [1, -0, 1, -0, 1, 1, -0, -0, 1, -0]
Solution status = Optimal
Solution value = 1
Solution 2 : [1, -0, 1, -0, 1, 0, -0, -0, 0, -0]
Solution status = Optimal
Solution value = 1
Solution 3 : [1, -0, 1, -0, 1, 1, -0, -0, 0, -0]
Solution status = Optimal
Solution value = 1
Solution 4 : [1, -0, 1, -0, -0, 1, 1, -0, 1, -0]
Found >=P solutions
Time taken: 0.022427 sec
=====================================
Iteration k: 1 t: 40
Set parity number to 1
Try to find 4 solutions
row echelon form:
0,1,1,1,1,0,1,0,0,0,0,
Bits saved: Initial # of bits: 5
final # of bits: 5
0 Initial # of bits: 5
final # of bits: 5
0 
Sample A matrix 1x10
0,1,1,1,1,0,1,0,0,0,0,
XOR minimum length: 5 . XOR maximum length: 5
Solution status = Optimal
Solution value = 1
Solution 1 : [1, -0, 1, -0, -0, 1, 1, 1, 1, 1]
Solution status = Optimal
Solution value = 1
Solution 2 : [1, -0, 1, -0, -0, 0, 1, 0, 0, 0]
Solution status = Optimal
Solution value = 1
Solution 3 : [1, -0, 1, -0, -0, 1, 1, 1, 0, 0]
Solution status = Optimal
Solution value = 1
Solution 4 : [1, -0, 1, -0, -0, 1, 1, 0, 0, 1]
Found >=P solutions
Time taken: 0.021926 sec
=====================================
Iteration k: 1 t: 41
Set parity number to 1
Try to find 4 solutions
row echelon form:
0,1,1,1,1,1,1,1,0,1,0,
Bits saved: Initial # of bits: 8
final # of bits: 8
0 Initial # of bits: 8
final # of bits: 8
0 
Sample A matrix 1x10
0,1,1,1,1,1,1,1,0,1,0,
XOR minimum length: 8 . XOR maximum length: 8
Solution status = Optimal
Solution value = 1
Solution 1 : [1, -0, 1, -0, -0, -0, -0, -0, 1, 1]
Solution status = Optimal
Solution value = 1
Solution 2 : [1, -0, 1, -0, -0, -0, -0, -0, 0, 1]
Solution status = Optimal
Solution value = 1
Solution 3 : [1, -0, 1, -0, 1, 1, -0, 1, 1, -0]
Solution status = Optimal
Solution value = 1
Solution 4 : [1, -0, 1, -0, 1, 1, 1, 1, -0, 1]
Found >=P solutions
Time taken: 0.013859 sec
=====================================
Iteration k: 1 t: 42
Set parity number to 1
Try to find 4 solutions
row echelon form:
0,0,1,0,1,0,0,0,1,0,1,
Bits saved: Initial # of bits: 4
final # of bits: 4
0 Initial # of bits: 4
final # of bits: 4
0 
Sample A matrix 1x10
0,0,1,0,1,0,0,0,1,0,1,
XOR minimum length: 4 . XOR maximum length: 4
Solution status = Optimal
Solution value = 1
Solution 1 : [1, -0, 1, -0, -0, 1, 1, 1, -0, 1]
Solution status = Optimal
Solution value = 1
Solution 2 : [1, -0, 1, -0, -0, 0, 0, 0, -0, 0]
Solution status = Optimal
Solution value = 1
Solution 3 : [1, -0, 1, -0, -0, 1, 1, 0, -0, 0]
Solution status = Optimal
Solution value = 1
Solution 4 : [1, -0, 1, -0, -0, 1, 0, 1, -0, 0]
Found >=P solutions
Time taken: 0.010202 sec
=====================================
Iteration k: 1 t: 43
Set parity number to 1
Try to find 4 solutions
row echelon form:
1,0,0,1,0,0,1,1,1,0,1,
Bits saved: Initial # of bits: 6
final # of bits: 6
0 Initial # of bits: 6
final # of bits: 6
0 
Sample A matrix 1x10
1,0,0,1,0,0,1,1,1,0,1,
XOR minimum length: 6 . XOR maximum length: 6
Solution status = Optimal
Solution value = 1
Solution 1 : [1, -0, 1, -0, 1, 1, 1, -0, 1, 1]
Solution status = Optimal
Solution value = 1
Solution 2 : [1, -0, 1, -0, 0, 0, 1, -0, 1, 0]
Solution status = Optimal
Solution value = 1
Solution 3 : [1, -0, 1, -0, 1, 1, 1, -0, 1, 0]
Solution status = Optimal
Solution value = 1
Solution 4 : [1, -0, 1, -0, 1, 1, -0, -0, -0, 1]
Found >=P solutions
Time taken: 0.01047 sec
=====================================
Iteration k: 1 t: 44
Set parity number to 1
Try to find 4 solutions
row echelon form:
0,0,1,1,0,0,0,1,0,0,0,
Bits saved: Initial # of bits: 3
final # of bits: 3
0 Initial # of bits: 3
final # of bits: 3
0 
Sample A matrix 1x10
0,0,1,1,0,0,0,1,0,0,0,
XOR minimum length: 3 . XOR maximum length: 3
Solution status = Optimal
Solution value = 1
Solution 1 : [1, -0, 1, -0, 1, 1, 1, 1, 1, 1]
Solution status = Optimal
Solution value = 1
Solution 2 : [1, -0, 1, -0, 0, 0, 0, 1, 0, 0]
Solution status = Optimal
Solution value = 1
Solution 3 : [1, -0, 1, -0, 1, 1, 1, 1, 0, 0]
Solution status = Optimal
Solution value = 1
Solution 4 : [1, -0, 1, -0, 1, 1, 0, 1, 0, 1]
Found >=P solutions
Time taken: 0.019196 sec
=====================================
Iteration k: 1 t: 45
Set parity number to 1
Try to find 4 solutions
row echelon form:
0,1,0,1,0,1,0,1,1,1,0,
Bits saved: Initial # of bits: 6
final # of bits: 6
0 Initial # of bits: 6
final # of bits: 6
0 
Sample A matrix 1x10
0,1,0,1,0,1,0,1,1,1,0,
XOR minimum length: 6 . XOR maximum length: 6
Solution status = Optimal
Solution value = 1
Solution 1 : [1, 0, 1, 0, 0, 0, 0, 0, 0, 0]
Solution status = Optimal
Solution value = 1
Solution 2 : [1, 0, 1, 0, 1, 0, 0, 0, 0, 0]
Solution status = Optimal
Solution value = 1
Solution 3 : [1, -0, 1, -0, 1, 1, 1, 1, -0, -0]
Solution status = Optimal
Solution value = 1
Solution 4 : [1, -0, 1, -0, -0, -0, 1, -0, -0, -0]
Found >=P solutions
Time taken: 0.014147 sec
=====================================
Iteration k: 1 t: 46
Set parity number to 1
Try to find 4 solutions
row echelon form:
1,1,0,1,1,0,1,1,1,0,0,
Bits saved: Initial # of bits: 7
final # of bits: 7
0 Initial # of bits: 7
final # of bits: 7
0 
Sample A matrix 1x10
1,1,0,1,1,0,1,1,1,0,0,
XOR minimum length: 7 . XOR maximum length: 7
Solution status = Optimal
Solution value = 1
Solution 1 : [1, -0, 1, -0, -0, 1, 1, 1, 1, 1]
Solution status = Optimal
Solution value = 1
Solution 2 : [1, -0, 1, -0, -0, 0, 1, 1, 1, 0]
Solution status = Optimal
Solution value = 1
Solution 3 : [1, -0, 1, -0, -0, 1, 1, 1, 1, 0]
Solution status = Optimal
Solution value = 1
Solution 4 : [1, -0, 1, -0, -0, -0, -0, -0, 1, 1]
Found >=P solutions
Time taken: 0.00843 sec
=====================================
Iteration k: 1 t: 47
Set parity number to 1
Try to find 4 solutions
row echelon form:
0,1,0,0,1,1,1,1,0,0,1,
Bits saved: Initial # of bits: 6
final # of bits: 6
0 Initial # of bits: 6
final # of bits: 6
0 
Sample A matrix 1x10
0,1,0,0,1,1,1,1,0,0,1,
XOR minimum length: 6 . XOR maximum length: 6
Solution status = Optimal
Solution value = 1
Solution 1 : [1, -0, 1, -0, 1, -0, 1, 1, 1, 1]
Solution status = Optimal
Solution value = 1
Solution 2 : [1, -0, 1, -0, 1, -0, 1, 1, 0, 0]
Solution status = Optimal
Solution value = 1
Solution 3 : [1, -0, 1, -0, 1, -0, 1, 1, 1, 0]
Solution status = Optimal
Solution value = 1
Solution 4 : [1, -0, 1, -0, 1, -0, -0, -0, -0, 1]
Found >=P solutions
Time taken: 0.011023 sec
=====================================
Iteration k: 1 t: 48
Set parity number to 1
Try to find 4 solutions
row echelon form:
1,1,1,0,1,1,0,0,0,1,1,
Bits saved: Initial # of bits: 7
final # of bits: 7
0 Initial # of bits: 7
final # of bits: 7
0 
Sample A matrix 1x10
1,1,1,0,1,1,0,0,0,1,1,
XOR minimum length: 7 . XOR maximum length: 7
Solution status = Optimal
Solution value = 1
Solution 1 : [1, -0, 1, -0, 1, 1, 1, 1, 1, 1]
Solution status = Optimal
Solution value = 1
Solution 2 : [1, -0, 1, -0, 1, 1, 0, 0, 0, 1]
Solution status = Optimal
Solution value = 1
Solution 3 : [1, -0, 1, -0, 1, 1, 1, 0, 0, 1]
Solution status = Optimal
Solution value = 1
Solution 4 : [1, -0, 1, -0, 1, 1, 0, 1, 0, 1]
Found >=P solutions
Time taken: 0.019737 sec
=====================================
Iteration k: 1 t: 49
Set parity number to 1
Try to find 4 solutions
row echelon form:
0,1,0,1,0,0,0,0,0,1,1,
Bits saved: Initial # of bits: 4
final # of bits: 4
0 Initial # of bits: 4
final # of bits: 4
0 
Sample A matrix 1x10
0,1,0,1,0,0,0,0,0,1,1,
XOR minimum length: 4 . XOR maximum length: 4
Solution status = Optimal
Solution value = 1
Solution 1 : [1, -0, 1, -0, 1, 1, 1, 1, 1, 1]
Solution status = Optimal
Solution value = 1
Solution 2 : [1, -0, 1, -0, 0, 0, 0, 0, 0, 1]
Solution status = Optimal
Solution value = 1
Solution 3 : [1, -0, 1, -0, 1, 1, 1, 0, 0, 1]
Solution status = Optimal
Solution value = 1
Solution 4 : [1, -0, 1, -0, 1, 1, 0, 1, 0, 1]
Found >=P solutions
Time taken: 0.01524 sec
=====================================
Iteration k: 1 t: 50
Set parity number to 1
Try to find 4 solutions
row echelon form:
0,1,0,1,1,1,1,0,0,1,0,
Bits saved: Initial # of bits: 6
final # of bits: 6
0 Initial # of bits: 6
final # of bits: 6
0 
Sample A matrix 1x10
0,1,0,1,1,1,1,0,0,1,0,
XOR minimum length: 6 . XOR maximum length: 6
Solution status = Optimal
Solution value = 1
Solution 1 : [1, 0, 1, 0, 0, 0, 0, 0, 0, 0]
Solution status = Optimal
Solution value = 1
Solution 2 : [1, -0, 1, -0, 1, 1, -0, 1, 1, -0]
Solution status = Optimal
Solution value = 1
Solution 3 : [1, -0, 1, -0, 1, 1, -0, 1, 0, -0]
Solution status = Optimal
Solution value = 1
Solution 4 : [1, -0, 1, -0, 1, -0, 1, -0, 1, -0]
Found >=P solutions
Time taken: 0.01551 sec
=====================================
Iteration k: 1 t: 51
Set parity number to 1
Try to find 4 solutions
row echelon form:
0,0,0,1,0,0,0,0,1,1,0,
Bits saved: Initial # of bits: 3
final # of bits: 3
0 Initial # of bits: 3
final # of bits: 3
0 
Sample A matrix 1x10
0,0,0,1,0,0,0,0,1,1,0,
XOR minimum length: 3 . XOR maximum length: 3
Solution status = Optimal
Solution value = 1
Solution 1 : [1, -0, 1, -0, 1, 1, 1, 1, -0, -0]
Solution status = Optimal
Solution value = 1
Solution 2 : [1, -0, 1, -0, 0, 0, 0, 0, -0, -0]
Solution status = Optimal
Solution value = 1
Solution 3 : [1, -0, 1, -0, 1, 1, 1, 0, -0, -0]
Solution status = Optimal
Solution value = 1
Solution 4 : [1, -0, 1, -0, 1, 0, 1, 1, -0, -0]
Found >=P solutions
Time taken: 0.010081 sec
=====================================
Iteration k: 1 t: 52
Set parity number to 1
Try to find 4 solutions
row echelon form:
0,1,0,1,0,1,1,0,0,0,0,
Bits saved: Initial # of bits: 4
final # of bits: 4
0 Initial # of bits: 4
final # of bits: 4
0 
Sample A matrix 1x10
0,1,0,1,0,1,1,0,0,0,0,
XOR minimum length: 4 . XOR maximum length: 4
Solution status = Optimal
Solution value = 1
Solution 1 : [1, 0, 1, 0, 0, 0, 0, 0, 0, 0]
Solution status = Optimal
Solution value = 1
Solution 2 : [1, 0, 1, 0, 1, 0, 0, 0, 0, 0]
Solution status = Optimal
Solution value = 1
Solution 3 : [1, -0, 1, -0, 1, -0, -0, 1, 1, 1]
Solution status = Optimal
Solution value = 1
Solution 4 : [1, -0, 1, -0, 1, -0, -0, 1, 0, 0]
Found >=P solutions
Time taken: 0.016442 sec
=====================================
Iteration k: 1 t: 53
Set parity number to 1
Try to find 4 solutions
row echelon form:
1,1,0,1,1,1,1,1,0,0,0,
Bits saved: Initial # of bits: 7
final # of bits: 7
0 Initial # of bits: 7
final # of bits: 7
0 
Sample A matrix 1x10
1,1,0,1,1,1,1,1,0,0,0,
XOR minimum length: 7 . XOR maximum length: 7
Solution status = Optimal
Solution value = 1
Solution 1 : [1, -0, 1, -0, -0, 1, 1, 1, 1, 1]
Solution status = Optimal
Solution value = 1
Solution 2 : [1, -0, 1, -0, -0, 1, 1, 1, 0, 0]
Solution status = Optimal
Solution value = 1
Solution 3 : [1, -0, 1, -0, -0, 1, 1, 1, 1, 0]
Solution status = Optimal
Solution value = 1
Solution 4 : [1, -0, 1, -0, -0, -0, -0, 1, -0, 1]
Found >=P solutions
Time taken: 0.018349 sec
=====================================
Iteration k: 1 t: 54
Set parity number to 1
Try to find 4 solutions
row echelon form:
0,1,1,0,1,1,0,1,1,1,0,
Bits saved: Initial # of bits: 7
final # of bits: 7
0 Initial # of bits: 7
final # of bits: 7
0 
Sample A matrix 1x10
0,1,1,0,1,1,0,1,1,1,0,
XOR minimum length: 7 . XOR maximum length: 7
Solution status = Optimal
Solution value = 1
Solution 1 : [1, -0, 1, -0, -0, -0, 1, 1, -0, -0]
Solution status = Optimal
Solution value = 1
Solution 2 : [1, -0, 1, -0, -0, -0, 0, 1, -0, -0]
Solution status = Optimal
Solution value = 1
Solution 3 : [1, -0, 1, -0, 1, -0, 1, 1, -0, 1]
Solution status = Optimal
Solution value = 1
Solution 4 : [1, -0, 1, -0, -0, -0, -0, -0, -0, 1]
Found >=P solutions
Time taken: 0.009944 sec
=====================================
Iteration k: 1 t: 55
Set parity number to 1
Try to find 4 solutions
row echelon form:
1,0,0,1,0,1,0,0,1,1,0,
Bits saved: Initial # of bits: 5
final # of bits: 5
0 Initial # of bits: 5
final # of bits: 5
0 
Sample A matrix 1x10
1,0,0,1,0,1,0,0,1,1,0,
XOR minimum length: 5 . XOR maximum length: 5
Solution status = Optimal
Solution value = 1
Solution 1 : [1, -0, 1, -0, 1, 1, 1, 1, -0, -0]
Solution status = Optimal
Solution value = 1
Solution 2 : [1, -0, 1, -0, 0, 1, 0, 0, -0, -0]
Solution status = Optimal
Solution value = 1
Solution 3 : [1, -0, 1, -0, 1, 1, 1, 0, -0, -0]
Solution status = Optimal
Solution value = 1
Solution 4 : [1, -0, 1, -0, -0, -0, -0, -0, 1, -0]
Found >=P solutions
Time taken: 0.010561 sec
=====================================
Iteration k: 1 t: 56
Set parity number to 1
Try to find 4 solutions
row echelon form:
1,1,0,0,0,1,1,0,1,0,0,
Bits saved: Initial # of bits: 5
final # of bits: 5
0 Initial # of bits: 5
final # of bits: 5
0 
Sample A matrix 1x10
1,1,0,0,0,1,1,0,1,0,0,
XOR minimum length: 5 . XOR maximum length: 5
Solution status = Optimal
Solution value = 1
Solution 1 : [1, -0, 1, -0, 1, 1, -0, 1, -0, 1]
Solution status = Optimal
Solution value = 1
Solution 2 : [1, -0, 1, -0, 0, 1, -0, 0, -0, 0]
Solution status = Optimal
Solution value = 1
Solution 3 : [1, -0, 1, -0, 1, 1, -0, 1, -0, 0]
Solution status = Optimal
Solution value = 1
Solution 4 : [1, -0, 1, -0, -0, -0, 1, -0, -0, -0]
Found >=P solutions
Time taken: 0.01 sec
=====================================
Iteration k: 1 t: 57
Set parity number to 1
Try to find 4 solutions
row echelon form:
1,1,1,0,1,0,1,1,1,1,1,
Bits saved: Initial # of bits: 9
final # of bits: 9
0 Initial # of bits: 9
final # of bits: 9
0 
Sample A matrix 1x10
1,1,1,0,1,0,1,1,1,1,1,
XOR minimum length: 9 . XOR maximum length: 9
Solution status = Optimal
Solution value = 1
Solution 1 : [1, -0, 1, -0, 1, 1, -0, 1, 1, -0]
Solution status = Optimal
Solution value = 1
Solution 2 : [1, -0, 1, -0, 1, 0, -0, 1, 1, -0]
Solution status = Optimal
Solution value = 1
Solution 3 : [1, -0, 1, -0, -0, -0, 1, -0, -0, -0]
Solution status = Optimal
Solution value = 1
Solution 4 : [1, -0, 1, -0, 1, 1, 1, 1, -0, -0]
Found >=P solutions
Time taken: 0.007856 sec
=====================================
Iteration k: 1 t: 58
Set parity number to 1
Try to find 4 solutions
row echelon form:
1,0,0,1,1,0,1,0,0,0,0,
Bits saved: Initial # of bits: 4
final # of bits: 4
0 Initial # of bits: 4
final # of bits: 4
0 
Sample A matrix 1x10
1,0,0,1,1,0,1,0,0,0,0,
XOR minimum length: 4 . XOR maximum length: 4
Solution status = Optimal
Solution value = 1
Solution 1 : [1, -0, 1, -0, -0, 1, 1, 1, 1, 1]
Solution status = Optimal
Solution value = 1
Solution 2 : [1, -0, 1, -0, -0, 0, 1, 0, 0, 0]
Solution status = Optimal
Solution value = 1
Solution 3 : [1, -0, 1, -0, -0, 1, 1, 1, 0, 0]
Solution status = Optimal
Solution value = 1
Solution 4 : [1, -0, 1, -0, -0, 1, 1, 0, 1, 0]
Found >=P solutions
Time taken: 0.020644 sec
=====================================
Iteration k: 1 t: 59
Set parity number to 1
Try to find 4 solutions
row echelon form:
1,1,0,0,0,1,0,0,0,0,1,
Bits saved: Initial # of bits: 4
final # of bits: 4
0 Initial # of bits: 4
final # of bits: 4
0 
Sample A matrix 1x10
1,1,0,0,0,1,0,0,0,0,1,
XOR minimum length: 4 . XOR maximum length: 4
Solution status = Optimal
Solution value = 1
Solution 1 : [1, -0, 1, -0, 1, -0, 1, 1, 1, 1]
Solution status = Optimal
Solution value = 1
Solution 2 : [1, -0, 1, -0, 0, -0, 0, 0, 0, 0]
Solution status = Optimal
Solution value = 1
Solution 3 : [1, -0, 1, -0, 1, -0, 1, 0, 0, 0]
Solution status = Optimal
Solution value = 1
Solution 4 : [1, -0, 1, -0, 1, -0, 0, 0, 0, 1]
Found >=P solutions
Time taken: 0.024087 sec
=====================================
Iteration k: 1 t: 60
Set parity number to 1
Try to find 4 solutions
row echelon form:
0,1,0,0,1,0,0,1,0,0,0,
Bits saved: Initial # of bits: 3
final # of bits: 3
0 Initial # of bits: 3
final # of bits: 3
0 
Sample A matrix 1x10
0,1,0,0,1,0,0,1,0,0,0,
XOR minimum length: 3 . XOR maximum length: 3
Solution status = Optimal
Solution value = 1
Solution 1 : [1, 0, 1, 0, 0, 0, 0, 0, 0, 0]
Solution status = Optimal
Solution value = 1
Solution 2 : [1, -0, 1, -0, 1, 1, 1, 1, 1, 1]
Solution status = Optimal
Solution value = 1
Solution 3 : [1, -0, 1, -0, 1, 1, 1, 1, 0, 0]
Solution status = Optimal
Solution value = 1
Solution 4 : [1, -0, 1, -0, 1, 1, 0, 1, 0, 1]
Found >=P solutions
Time taken: 0.018388 sec
=====================================
Iteration k: 1 t: 61
Set parity number to 1
Try to find 4 solutions
row echelon form:
0,1,0,0,0,0,0,0,1,1,0,
Bits saved: Initial # of bits: 3
final # of bits: 3
0 Initial # of bits: 3
final # of bits: 3
0 
Sample A matrix 1x10
0,1,0,0,0,0,0,0,1,1,0,
XOR minimum length: 3 . XOR maximum length: 3
Solution status = Optimal
Solution value = 1
Solution 1 : [1, 0, 1, 0, 0, 0, 0, 0, 0, 0]
Solution status = Optimal
Solution value = 1
Solution 2 : [1, 0, 1, 0, 1, 0, 0, 0, 0, 0]
Solution status = Optimal
Solution value = 1
Solution 3 : [1, 0, 1, 0, 1, 1, 0, 0, 0, 0]
Solution status = Optimal
Solution value = 1
Solution 4 : [1, 0, 1, 0, 1, 1, 1, 0, 0, 0]
Found >=P solutions
Time taken: 0.006753 sec
=====================================
Iteration k: 1 t: 62
Set parity number to 1
Try to find 4 solutions
row echelon form:
1,0,0,1,1,0,0,0,1,1,0,
Bits saved: Initial # of bits: 5
final # of bits: 5
0 Initial # of bits: 5
final # of bits: 5
0 
Sample A matrix 1x10
1,0,0,1,1,0,0,0,1,1,0,
XOR minimum length: 5 . XOR maximum length: 5
Solution status = Optimal
Solution value = 1
Solution 1 : [1, -0, 1, -0, 1, 1, 1, 1, -0, -0]
Solution status = Optimal
Solution value = 1
Solution 2 : [1, -0, 1, -0, 1, 0, 0, 0, -0, -0]
Solution status = Optimal
Solution value = 1
Solution 3 : [1, -0, 1, -0, 1, 1, 1, 0, -0, -0]
Solution status = Optimal
Solution value = 1
Solution 4 : [1, -0, 1, -0, 1, 0, 1, 1, -0, -0]
Found >=P solutions
Time taken: 0.021056 sec
=====================================
Iteration k: 1 t: 63
Set parity number to 1
Try to find 4 solutions
row echelon form:
0,0,0,1,1,0,1,1,0,1,1,
Bits saved: Initial # of bits: 6
final # of bits: 6
0 Initial # of bits: 6
final # of bits: 6
0 
Sample A matrix 1x10
0,0,0,1,1,0,1,1,0,1,1,
XOR minimum length: 6 . XOR maximum length: 6
Solution status = Optimal
Solution value = 1
Solution 1 : [1, -0, 1, -0, 1, 1, -0, 1, 1, 1]
Solution status = Optimal
Solution value = 1
Solution 2 : [1, -0, 1, -0, 1, 0, -0, 1, 0, 1]
Solution status = Optimal
Solution value = 1
Solution 3 : [1, -0, 1, -0, 1, 1, -0, 1, 0, 1]
Solution status = Optimal
Solution value = 1
Solution 4 : [1, -0, 1, -0, 1, -0, -0, -0, 1, -0]
Found >=P solutions
Time taken: 0.010273 sec
=====================================
Iteration k: 1 t: 64
Set parity number to 1
Try to find 4 solutions
row echelon form:
0,0,0,1,0,0,0,1,0,1,1,
Bits saved: Initial # of bits: 4
final # of bits: 4
0 Initial # of bits: 4
final # of bits: 4
0 
Sample A matrix 1x10
0,0,0,1,0,0,0,1,0,1,1,
XOR minimum length: 4 . XOR maximum length: 4
Solution status = Optimal
Solution value = 1
Solution 1 : [1, -0, 1, -0, 1, 1, 1, -0, 1, 1]
Solution status = Optimal
Solution value = 1
Solution 2 : [1, -0, 1, -0, 0, 0, 0, -0, 0, 1]
Solution status = Optimal
Solution value = 1
Solution 3 : [1, -0, 1, -0, 1, 1, 1, -0, 0, 1]
Solution status = Optimal
Solution value = 1
Solution 4 : [1, -0, 1, -0, 1, 1, 0, -0, 1, 1]
Found >=P solutions
Time taken: 0.010039 sec
=====================================
Iteration k: 1 t: 65
Set parity number to 1
Try to find 4 solutions
row echelon form:
1,0,1,0,1,0,0,0,1,1,1,
Bits saved: Initial # of bits: 6
final # of bits: 6
0 Initial # of bits: 6
final # of bits: 6
0 
Sample A matrix 1x10
1,0,1,0,1,0,0,0,1,1,1,
XOR minimum length: 6 . XOR maximum length: 6
Solution status = Optimal
Solution value = 1
Solution 1 : [1, -0, 1, -0, 1, 1, 1, 1, 1, 1]
Solution status = Optimal
Solution value = 1
Solution 2 : [1, -0, 1, -0, 1, 0, 0, 0, 1, 1]
Solution status = Optimal
Solution value = 1
Solution 3 : [1, -0, 1, -0, 1, 1, 1, 0, 1, 1]
Solution status = Optimal
Solution value = 1
Solution 4 : [1, -0, 1, -0, 1, 0, 1, 1, 1, 1]
Found >=P solutions
Time taken: 0.010593 sec
=====================================
Iteration k: 1 t: 66
Set parity number to 1
Try to find 4 solutions
row echelon form:
0,1,1,1,0,1,0,0,1,0,1,
Bits saved: Initial # of bits: 6
final # of bits: 6
0 Initial # of bits: 6
final # of bits: 6
0 
Sample A matrix 1x10
0,1,1,1,0,1,0,0,1,0,1,
XOR minimum length: 6 . XOR maximum length: 6
Solution status = Optimal
Solution value = 1
Solution 1 : [1, 0, 1, 0, 1, 0, 1, 0, 0, 1]
Solution status = Optimal
Solution value = 1
Solution 2 : [1, -0, 1, -0, 0, -0, 0, 1, -0, 0]
Solution status = Optimal
Solution value = 1
Solution 3 : [1, -0, 1, -0, 1, -0, 1, 1, -0, 0]
Solution status = Optimal
Solution value = 1
Solution 4 : [1, -0, 1, -0, 1, -0, 0, 1, -0, 1]
Found >=P solutions
Time taken: 0.012751 sec
=====================================
Iteration k: 1 t: 67
Set parity number to 1
Try to find 4 solutions
row echelon form:
0,0,1,0,0,1,1,0,0,0,1,
Bits saved: Initial # of bits: 4
final # of bits: 4
0 Initial # of bits: 4
final # of bits: 4
0 
Sample A matrix 1x10
0,0,1,0,0,1,1,0,0,0,1,
XOR minimum length: 4 . XOR maximum length: 4
Solution status = Optimal
Solution value = 1
Solution 1 : [1, -0, 1, -0, 1, -0, -0, 1, 1, 1]
Solution status = Optimal
Solution value = 1
Solution 2 : [1, -0, 1, -0, 0, -0, -0, 0, 0, 0]
Solution status = Optimal
Solution value = 1
Solution 3 : [1, -0, 1, -0, 1, -0, -0, 1, 0, 0]
Solution status = Optimal
Solution value = 1
Solution 4 : [1, -0, 1, -0, 1, -0, -0, 0, 1, 0]
Found >=P solutions
Time taken: 0.021127 sec
=====================================
Iteration k: 1 t: 68
Set parity number to 1
Try to find 4 solutions
row echelon form:
1,1,0,0,1,1,0,0,1,0,0,
Bits saved: Initial # of bits: 5
final # of bits: 5
0 Initial # of bits: 5
final # of bits: 5
0 
Sample A matrix 1x10
1,1,0,0,1,1,0,0,1,0,0,
XOR minimum length: 5 . XOR maximum length: 5
Solution status = Optimal
Solution value = 1
Solution 1 : [1, -0, 1, -0, 1, -0, 1, 1, -0, 1]
Solution status = Optimal
Solution value = 1
Solution 2 : [1, -0, 1, -0, 1, -0, 0, 0, -0, 0]
Solution status = Optimal
Solution value = 1
Solution 3 : [1, -0, 1, -0, 1, -0, 1, 0, -0, 0]
Solution status = Optimal
Solution value = 1
Solution 4 : [1, -0, 1, -0, 1, -0, 0, 0, -0, 1]
Found >=P solutions
Time taken: 0.02199 sec
=====================================
Iteration k: 1 t: 69
Set parity number to 1
Try to find 4 solutions
row echelon form:
1,0,1,1,0,1,0,0,1,0,1,
Bits saved: Initial # of bits: 6
final # of bits: 6
0 Initial # of bits: 6
final # of bits: 6
0 
Sample A matrix 1x10
1,0,1,1,0,1,0,0,1,0,1,
XOR minimum length: 6 . XOR maximum length: 6
Solution status = Optimal
Solution value = 1
Solution 1 : [1, -0, 1, -0, 1, -0, 1, 1, 1, 1]
Solution status = Optimal
Solution value = 1
Solution 2 : [1, -0, 1, -0, 0, -0, 0, 0, 1, 0]
Solution status = Optimal
Solution value = 1
Solution 3 : [1, -0, 1, -0, 1, -0, 1, 0, 1, 0]
Solution status = Optimal
Solution value = 1
Solution 4 : [1, -0, 1, -0, 1, -0, 0, 0, 1, 1]
Found >=P solutions
Time taken: 0.023003 sec
=====================================
Iteration k: 1 t: 70
Set parity number to 1
Try to find 4 solutions
row echelon form:
0,1,0,1,1,0,1,0,1,1,1,
Bits saved: Initial # of bits: 7
final # of bits: 7
0 Initial # of bits: 7
final # of bits: 7
0 
Sample A matrix 1x10
0,1,0,1,1,0,1,0,1,1,1,
XOR minimum length: 7 . XOR maximum length: 7
Solution status = Optimal
Solution value = 1
Solution 1 : [1, -0, 1, -0, -0, 1, -0, 1, -0, 1]
Solution status = Optimal
Solution value = 1
Solution 2 : [1, -0, 1, -0, -0, 0, -0, 0, -0, 1]
Solution status = Optimal
Solution value = 1
Solution 3 : [1, -0, 1, -0, -0, 1, -0, 0, -0, 1]
Solution status = Optimal
Solution value = 1
Solution 4 : [1, -0, 1, -0, -0, -0, -0, 1, -0, 1]
Found >=P solutions
Time taken: 0.014048 sec
=====================================
Iteration k: 1 t: 71
Set parity number to 1
Try to find 4 solutions
row echelon form:
1,1,1,1,0,0,1,1,1,0,0,
Bits saved: Initial # of bits: 7
final # of bits: 7
0 Initial # of bits: 7
final # of bits: 7
0 
Sample A matrix 1x10
1,1,1,1,0,0,1,1,1,0,0,
XOR minimum length: 7 . XOR maximum length: 7
Solution status = Optimal
Solution value = 1
Solution 1 : [1, -0, 1, -0, 1, 1, 1, -0, 1, 1]
Solution status = Optimal
Solution value = 1
Solution 2 : [1, -0, 1, -0, 0, 0, 1, -0, 1, 0]
Solution status = Optimal
Solution value = 1
Solution 3 : [1, -0, 1, -0, 1, 1, 1, -0, 1, 0]
Solution status = Optimal
Solution value = 1
Solution 4 : [1, -0, 1, -0, 1, -0, -0, 1, 1, 1]
Found >=P solutions
Time taken: 0.018772 sec
=====================================
Iteration k: 2 t: 0
Set parity number to 2
Try to find 4 solutions
