done reading CPTs
Version identifier: 22.1.1.0 | 2022-11-28 | 9160aff4d
CPXPARAM_Threads                                 1
Found incumbent of value 1.020000 after 0.00 sec. (0.00 ticks)
Tried aggregator 1 time.
Reduced MIP has 18 rows, 28 columns, and 60 nonzeros.
Reduced MIP has 28 binaries, 0 generals, 0 SOSs, and 0 indicators.
Presolve time = 0.00 sec. (0.03 ticks)
Probing time = 0.00 sec. (0.03 ticks)
Tried aggregator 1 time.
Detecting symmetries...
Reduced MIP has 18 rows, 28 columns, and 60 nonzeros.
Reduced MIP has 28 binaries, 0 generals, 0 SOSs, and 0 indicators.
Presolve time = 0.00 sec. (0.05 ticks)
Probing time = 0.00 sec. (0.03 ticks)
Clique table members: 98.
MIP emphasis: balance optimality and feasibility.
MIP search method: dynamic search.
Parallel mode: none, using 1 thread.
Root relaxation solution time = 0.00 sec. (0.03 ticks)

        Nodes                                         Cuts/
   Node  Left     Objective  IInf  Best Integer    Best Bound    ItCnt     Gap

*     0+    0                            1.0200        6.0000           488.24%
*     0     0      integral     0        5.8200        5.8200        8    0.00%
Elapsed time = 0.01 sec. (0.24 ticks, tree = 0.00 MB, solutions = 2)

Root node processing (before b&c):
  Real time             =    0.01 sec. (0.24 ticks)
Sequential b&c:
  Real time             =    0.00 sec. (0.00 ticks)
                          ------------
Total (root+branch&cut) =    0.01 sec. (0.24 ticks)
Solution status = Optimal
Solution value = 5.82
max{w(x)} is :5.82

=====================================

Preparing S
Reading w(x)
done reading CPTs
Adding Y variables
nbvar_x: 4 nbvar_y: 6
Adding constraints for S
Adding naive obj function for S
computeK(S, 10, 0.5, 4)
=====================================
Iteration k: 0 t: 0
Set parity number to 0
Try to find 4 solutions
Sample A matrix 0x10
Solution status = Optimal
Solution value = 1
Solution 1 : [1, -0, 1, -0, 1, 1, 1, 1, 1, 1]
Solution status = Optimal
Solution value = 1
Solution 2 : [1, -0, 1, -0, 0, 0, 0, 0, 0, 0]
Solution status = Optimal
Solution value = 1
Solution 3 : [1, -0, 1, -0, 1, 1, 1, 0, 0, 0]
Solution status = Optimal
Solution value = 1
Solution 4 : [1, -0, 1, -0, 1, 1, 0, 1, 0, 0]
Found >=P solutions
Time taken: 0.012564 sec
=====================================
Iteration k: 0 t: 1
Set parity number to 0
Try to find 4 solutions
Sample A matrix 0x10
Solution status = Optimal
Solution value = 1
Solution 1 : [1, -0, 1, -0, 1, 1, 1, 1, 1, 1]
Solution status = Optimal
Solution value = 1
Solution 2 : [1, -0, 1, -0, 0, 0, 0, 0, 0, 0]
Solution status = Optimal
Solution value = 1
Solution 3 : [1, -0, 1, -0, 1, 1, 1, 0, 0, 0]
Solution status = Optimal
Solution value = 1
Solution 4 : [1, -0, 1, -0, 1, 1, 0, 1, 0, 0]
Found >=P solutions
Time taken: 0.014942 sec
=====================================
Iteration k: 0 t: 2
Set parity number to 0
Try to find 4 solutions
Sample A matrix 0x10
Solution status = Optimal
Solution value = 1
Solution 1 : [1, -0, 1, -0, 1, 1, 1, 1, 1, 1]
Solution status = Optimal
Solution value = 1
Solution 2 : [1, -0, 1, -0, 0, 0, 0, 0, 0, 0]
Solution status = Optimal
Solution value = 1
Solution 3 : [1, -0, 1, -0, 1, 1, 1, 0, 0, 0]
Solution status = Optimal
Solution value = 1
Solution 4 : [1, -0, 1, -0, 1, 1, 0, 1, 0, 0]
Found >=P solutions
Time taken: 0.014962 sec
=====================================
Iteration k: 0 t: 3
Set parity number to 0
Try to find 4 solutions
Sample A matrix 0x10
Solution status = Optimal
Solution value = 1
Solution 1 : [1, -0, 1, -0, 1, 1, 1, 1, 1, 1]
Solution status = Optimal
Solution value = 1
Solution 2 : [1, -0, 1, -0, 0, 0, 0, 0, 0, 0]
Solution status = Optimal
Solution value = 1
Solution 3 : [1, -0, 1, -0, 1, 1, 1, 0, 0, 0]
Solution status = Optimal
Solution value = 1
Solution 4 : [1, -0, 1, -0, 1, 1, 0, 1, 0, 0]
Found >=P solutions
Time taken: 0.01503 sec
=====================================
Iteration k: 0 t: 4
Set parity number to 0
Try to find 4 solutions
Sample A matrix 0x10
Solution status = Optimal
Solution value = 1
Solution 1 : [1, -0, 1, -0, 1, 1, 1, 1, 1, 1]
Solution status = Optimal
Solution value = 1
Solution 2 : [1, -0, 1, -0, 0, 0, 0, 0, 0, 0]
Solution status = Optimal
Solution value = 1
Solution 3 : [1, -0, 1, -0, 1, 1, 1, 0, 0, 0]
Solution status = Optimal
Solution value = 1
Solution 4 : [1, -0, 1, -0, 1, 1, 0, 1, 0, 0]
Found >=P solutions
Time taken: 0.013139 sec
=====================================
Iteration k: 0 t: 5
Set parity number to 0
Try to find 4 solutions
Sample A matrix 0x10
Solution status = Optimal
Solution value = 1
Solution 1 : [1, -0, 1, -0, 1, 1, 1, 1, 1, 1]
Solution status = Optimal
Solution value = 1
Solution 2 : [1, -0, 1, -0, 0, 0, 0, 0, 0, 0]
Solution status = Optimal
Solution value = 1
Solution 3 : [1, -0, 1, -0, 1, 1, 1, 0, 0, 0]
Solution status = Optimal
Solution value = 1
Solution 4 : [1, -0, 1, -0, 1, 1, 0, 1, 0, 0]
Found >=P solutions
Time taken: 0.009488 sec
=====================================
Iteration k: 0 t: 6
Set parity number to 0
Try to find 4 solutions
Sample A matrix 0x10
Solution status = Optimal
Solution value = 1
Solution 1 : [1, -0, 1, -0, 1, 1, 1, 1, 1, 1]
Solution status = Optimal
Solution value = 1
Solution 2 : [1, -0, 1, -0, 0, 0, 0, 0, 0, 0]
Solution status = Optimal
Solution value = 1
Solution 3 : [1, -0, 1, -0, 1, 1, 1, 0, 0, 0]
Solution status = Optimal
Solution value = 1
Solution 4 : [1, -0, 1, -0, 1, 1, 0, 1, 0, 0]
Found >=P solutions
Time taken: 0.012881 sec
=====================================
Iteration k: 0 t: 7
Set parity number to 0
Try to find 4 solutions
Sample A matrix 0x10
Solution status = Optimal
Solution value = 1
Solution 1 : [1, -0, 1, -0, 1, 1, 1, 1, 1, 1]
Solution status = Optimal
Solution value = 1
Solution 2 : [1, -0, 1, -0, 0, 0, 0, 0, 0, 0]
Solution status = Optimal
Solution value = 1
Solution 3 : [1, -0, 1, -0, 1, 1, 1, 0, 0, 0]
Solution status = Optimal
Solution value = 1
Solution 4 : [1, -0, 1, -0, 1, 1, 0, 1, 0, 0]
Found >=P solutions
Time taken: 0.010875 sec
=====================================
Iteration k: 0 t: 8
Set parity number to 0
Try to find 4 solutions
Sample A matrix 0x10
Solution status = Optimal
Solution value = 1
Solution 1 : [1, -0, 1, -0, 1, 1, 1, 1, 1, 1]
Solution status = Optimal
Solution value = 1
Solution 2 : [1, -0, 1, -0, 0, 0, 0, 0, 0, 0]
Solution status = Optimal
Solution value = 1
Solution 3 : [1, -0, 1, -0, 1, 1, 1, 0, 0, 0]
Solution status = Optimal
Solution value = 1
Solution 4 : [1, -0, 1, -0, 1, 1, 0, 1, 0, 0]
Found >=P solutions
Time taken: 0.015332 sec
=====================================
Iteration k: 0 t: 9
Set parity number to 0
Try to find 4 solutions
Sample A matrix 0x10
Solution status = Optimal
Solution value = 1
Solution 1 : [1, -0, 1, -0, 1, 1, 1, 1, 1, 1]
Solution status = Optimal
Solution value = 1
Solution 2 : [1, -0, 1, -0, 0, 0, 0, 0, 0, 0]
Solution status = Optimal
Solution value = 1
Solution 3 : [1, -0, 1, -0, 1, 1, 1, 0, 0, 0]
Solution status = Optimal
Solution value = 1
Solution 4 : [1, -0, 1, -0, 1, 1, 0, 1, 0, 0]
Found >=P solutions
Time taken: 0.011023 sec
=====================================
Iteration k: 0 t: 10
Set parity number to 0
Try to find 4 solutions
Sample A matrix 0x10
Solution status = Optimal
Solution value = 1
Solution 1 : [1, -0, 1, -0, 1, 1, 1, 1, 1, 1]
Solution status = Optimal
Solution value = 1
Solution 2 : [1, -0, 1, -0, 0, 0, 0, 0, 0, 0]
Solution status = Optimal
Solution value = 1
Solution 3 : [1, -0, 1, -0, 1, 1, 1, 0, 0, 0]
Solution status = Optimal
Solution value = 1
Solution 4 : [1, -0, 1, -0, 1, 1, 0, 1, 0, 0]
Found >=P solutions
Time taken: 0.014632 sec
=====================================
Iteration k: 0 t: 11
Set parity number to 0
Try to find 4 solutions
Sample A matrix 0x10
Solution status = Optimal
Solution value = 1
Solution 1 : [1, -0, 1, -0, 1, 1, 1, 1, 1, 1]
Solution status = Optimal
Solution value = 1
Solution 2 : [1, -0, 1, -0, 0, 0, 0, 0, 0, 0]
Solution status = Optimal
Solution value = 1
Solution 3 : [1, -0, 1, -0, 1, 1, 1, 0, 0, 0]
Solution status = Optimal
Solution value = 1
Solution 4 : [1, -0, 1, -0, 1, 1, 0, 1, 0, 0]
Found >=P solutions
Time taken: 0.015558 sec
=====================================
Iteration k: 0 t: 12
Set parity number to 0
Try to find 4 solutions
Sample A matrix 0x10
Solution status = Optimal
Solution value = 1
Solution 1 : [1, -0, 1, -0, 1, 1, 1, 1, 1, 1]
Solution status = Optimal
Solution value = 1
Solution 2 : [1, -0, 1, -0, 0, 0, 0, 0, 0, 0]
Solution status = Optimal
Solution value = 1
Solution 3 : [1, -0, 1, -0, 1, 1, 1, 0, 0, 0]
Solution status = Optimal
Solution value = 1
Solution 4 : [1, -0, 1, -0, 1, 1, 0, 1, 0, 0]
Found >=P solutions
Time taken: 0.010273 sec
=====================================
Iteration k: 0 t: 13
Set parity number to 0
Try to find 4 solutions
Sample A matrix 0x10
Solution status = Optimal
Solution value = 1
Solution 1 : [1, -0, 1, -0, 1, 1, 1, 1, 1, 1]
Solution status = Optimal
Solution value = 1
Solution 2 : [1, -0, 1, -0, 0, 0, 0, 0, 0, 0]
Solution status = Optimal
Solution value = 1
Solution 3 : [1, -0, 1, -0, 1, 1, 1, 0, 0, 0]
Solution status = Optimal
Solution value = 1
Solution 4 : [1, -0, 1, -0, 1, 1, 0, 1, 0, 0]
Found >=P solutions
Time taken: 0.01681 sec
=====================================
Iteration k: 0 t: 14
Set parity number to 0
Try to find 4 solutions
Sample A matrix 0x10
Solution status = Optimal
Solution value = 1
Solution 1 : [1, -0, 1, -0, 1, 1, 1, 1, 1, 1]
Solution status = Optimal
Solution value = 1
Solution 2 : [1, -0, 1, -0, 0, 0, 0, 0, 0, 0]
Solution status = Optimal
Solution value = 1
Solution 3 : [1, -0, 1, -0, 1, 1, 1, 0, 0, 0]
Solution status = Optimal
Solution value = 1
Solution 4 : [1, -0, 1, -0, 1, 1, 0, 1, 0, 0]
Found >=P solutions
Time taken: 0.013732 sec
=====================================
Iteration k: 0 t: 15
Set parity number to 0
Try to find 4 solutions
Sample A matrix 0x10
Solution status = Optimal
Solution value = 1
Solution 1 : [1, -0, 1, -0, 1, 1, 1, 1, 1, 1]
Solution status = Optimal
Solution value = 1
Solution 2 : [1, -0, 1, -0, 0, 0, 0, 0, 0, 0]
Solution status = Optimal
Solution value = 1
Solution 3 : [1, -0, 1, -0, 1, 1, 1, 0, 0, 0]
Solution status = Optimal
Solution value = 1
Solution 4 : [1, -0, 1, -0, 1, 1, 0, 1, 0, 0]
Found >=P solutions
Time taken: 0.014441 sec
=====================================
Iteration k: 0 t: 16
Set parity number to 0
Try to find 4 solutions
Sample A matrix 0x10
Solution status = Optimal
Solution value = 1
Solution 1 : [1, -0, 1, -0, 1, 1, 1, 1, 1, 1]
Solution status = Optimal
Solution value = 1
Solution 2 : [1, -0, 1, -0, 0, 0, 0, 0, 0, 0]
Solution status = Optimal
Solution value = 1
Solution 3 : [1, -0, 1, -0, 1, 1, 1, 0, 0, 0]
Solution status = Optimal
Solution value = 1
Solution 4 : [1, -0, 1, -0, 1, 1, 0, 1, 0, 0]
Found >=P solutions
Time taken: 0.013143 sec
=====================================
Iteration k: 0 t: 17
Set parity number to 0
Try to find 4 solutions
Sample A matrix 0x10
Solution status = Optimal
Solution value = 1
Solution 1 : [1, -0, 1, -0, 1, 1, 1, 1, 1, 1]
Solution status = Optimal
Solution value = 1
Solution 2 : [1, -0, 1, -0, 0, 0, 0, 0, 0, 0]
Solution status = Optimal
Solution value = 1
Solution 3 : [1, -0, 1, -0, 1, 1, 1, 0, 0, 0]
Solution status = Optimal
Solution value = 1
Solution 4 : [1, -0, 1, -0, 1, 1, 0, 1, 0, 0]
Found >=P solutions
Time taken: 0.013038 sec
=====================================
Iteration k: 0 t: 18
Set parity number to 0
Try to find 4 solutions
Sample A matrix 0x10
Solution status = Optimal
Solution value = 1
Solution 1 : [1, -0, 1, -0, 1, 1, 1, 1, 1, 1]
Solution status = Optimal
Solution value = 1
Solution 2 : [1, -0, 1, -0, 0, 0, 0, 0, 0, 0]
Solution status = Optimal
Solution value = 1
Solution 3 : [1, -0, 1, -0, 1, 1, 1, 0, 0, 0]
Solution status = Optimal
Solution value = 1
Solution 4 : [1, -0, 1, -0, 1, 1, 0, 1, 0, 0]
Found >=P solutions
Time taken: 0.013556 sec
=====================================
Iteration k: 0 t: 19
Set parity number to 0
Try to find 4 solutions
Sample A matrix 0x10
Solution status = Optimal
Solution value = 1
Solution 1 : [1, -0, 1, -0, 1, 1, 1, 1, 1, 1]
Solution status = Optimal
Solution value = 1
Solution 2 : [1, -0, 1, -0, 0, 0, 0, 0, 0, 0]
Solution status = Optimal
Solution value = 1
Solution 3 : [1, -0, 1, -0, 1, 1, 1, 0, 0, 0]
Solution status = Optimal
Solution value = 1
Solution 4 : [1, -0, 1, -0, 1, 1, 0, 1, 0, 0]
Found >=P solutions
Time taken: 0.015869 sec
=====================================
Iteration k: 0 t: 20
Set parity number to 0
Try to find 4 solutions
Sample A matrix 0x10
Solution status = Optimal
Solution value = 1
Solution 1 : [1, -0, 1, -0, 1, 1, 1, 1, 1, 1]
Solution status = Optimal
Solution value = 1
Solution 2 : [1, -0, 1, -0, 0, 0, 0, 0, 0, 0]
Solution status = Optimal
Solution value = 1
Solution 3 : [1, -0, 1, -0, 1, 1, 1, 0, 0, 0]
Solution status = Optimal
Solution value = 1
Solution 4 : [1, -0, 1, -0, 1, 1, 0, 1, 0, 0]
Found >=P solutions
Time taken: 0.016407 sec
=====================================
Iteration k: 0 t: 21
Set parity number to 0
Try to find 4 solutions
Sample A matrix 0x10
Solution status = Optimal
Solution value = 1
Solution 1 : [1, -0, 1, -0, 1, 1, 1, 1, 1, 1]
Solution status = Optimal
Solution value = 1
Solution 2 : [1, -0, 1, -0, 0, 0, 0, 0, 0, 0]
Solution status = Optimal
Solution value = 1
Solution 3 : [1, -0, 1, -0, 1, 1, 1, 0, 0, 0]
Solution status = Optimal
Solution value = 1
Solution 4 : [1, -0, 1, -0, 1, 1, 0, 1, 0, 0]
Found >=P solutions
Time taken: 0.007395 sec
=====================================
Iteration k: 0 t: 22
Set parity number to 0
Try to find 4 solutions
Sample A matrix 0x10
Solution status = Optimal
Solution value = 1
Solution 1 : [1, -0, 1, -0, 1, 1, 1, 1, 1, 1]
Solution status = Optimal
Solution value = 1
Solution 2 : [1, -0, 1, -0, 0, 0, 0, 0, 0, 0]
Solution status = Optimal
Solution value = 1
Solution 3 : [1, -0, 1, -0, 1, 1, 1, 0, 0, 0]
Solution status = Optimal
Solution value = 1
Solution 4 : [1, -0, 1, -0, 1, 1, 0, 1, 0, 0]
Found >=P solutions
Time taken: 0.014662 sec
=====================================
Iteration k: 0 t: 23
Set parity number to 0
Try to find 4 solutions
Sample A matrix 0x10
Solution status = Optimal
Solution value = 1
Solution 1 : [1, -0, 1, -0, 1, 1, 1, 1, 1, 1]
Solution status = Optimal
Solution value = 1
Solution 2 : [1, -0, 1, -0, 0, 0, 0, 0, 0, 0]
Solution status = Optimal
Solution value = 1
Solution 3 : [1, -0, 1, -0, 1, 1, 1, 0, 0, 0]
Solution status = Optimal
Solution value = 1
Solution 4 : [1, -0, 1, -0, 1, 1, 0, 1, 0, 0]
Found >=P solutions
Time taken: 0.010977 sec
=====================================
Iteration k: 0 t: 24
Set parity number to 0
Try to find 4 solutions
Sample A matrix 0x10
Solution status = Optimal
Solution value = 1
Solution 1 : [1, -0, 1, -0, 1, 1, 1, 1, 1, 1]
Solution status = Optimal
Solution value = 1
Solution 2 : [1, -0, 1, -0, 0, 0, 0, 0, 0, 0]
Solution status = Optimal
Solution value = 1
Solution 3 : [1, -0, 1, -0, 1, 1, 1, 0, 0, 0]
Solution status = Optimal
Solution value = 1
Solution 4 : [1, -0, 1, -0, 1, 1, 0, 1, 0, 0]
Found >=P solutions
Time taken: 0.009923 sec
=====================================
Iteration k: 0 t: 25
Set parity number to 0
Try to find 4 solutions
Sample A matrix 0x10
Solution status = Optimal
Solution value = 1
Solution 1 : [1, -0, 1, -0, 1, 1, 1, 1, 1, 1]
Solution status = Optimal
Solution value = 1
Solution 2 : [1, -0, 1, -0, 0, 0, 0, 0, 0, 0]
Solution status = Optimal
Solution value = 1
Solution 3 : [1, -0, 1, -0, 1, 1, 1, 0, 0, 0]
Solution status = Optimal
Solution value = 1
Solution 4 : [1, -0, 1, -0, 1, 1, 0, 1, 0, 0]
Found >=P solutions
Time taken: 0.008455 sec
=====================================
Iteration k: 0 t: 26
Set parity number to 0
Try to find 4 solutions
Sample A matrix 0x10
Solution status = Optimal
Solution value = 1
Solution 1 : [1, -0, 1, -0, 1, 1, 1, 1, 1, 1]
Solution status = Optimal
Solution value = 1
Solution 2 : [1, -0, 1, -0, 0, 0, 0, 0, 0, 0]
Solution status = Optimal
Solution value = 1
Solution 3 : [1, -0, 1, -0, 1, 1, 1, 0, 0, 0]
Solution status = Optimal
Solution value = 1
Solution 4 : [1, -0, 1, -0, 1, 1, 0, 1, 0, 0]
Found >=P solutions
Time taken: 0.014403 sec
=====================================
Iteration k: 0 t: 27
Set parity number to 0
Try to find 4 solutions
Sample A matrix 0x10
Solution status = Optimal
Solution value = 1
Solution 1 : [1, -0, 1, -0, 1, 1, 1, 1, 1, 1]
Solution status = Optimal
Solution value = 1
Solution 2 : [1, -0, 1, -0, 0, 0, 0, 0, 0, 0]
Solution status = Optimal
Solution value = 1
Solution 3 : [1, -0, 1, -0, 1, 1, 1, 0, 0, 0]
Solution status = Optimal
Solution value = 1
Solution 4 : [1, -0, 1, -0, 1, 1, 0, 1, 0, 0]
Found >=P solutions
Time taken: 0.015248 sec
=====================================
Iteration k: 0 t: 28
Set parity number to 0
Try to find 4 solutions
Sample A matrix 0x10
Solution status = Optimal
Solution value = 1
Solution 1 : [1, -0, 1, -0, 1, 1, 1, 1, 1, 1]
Solution status = Optimal
Solution value = 1
Solution 2 : [1, -0, 1, -0, 0, 0, 0, 0, 0, 0]
Solution status = Optimal
Solution value = 1
Solution 3 : [1, -0, 1, -0, 1, 1, 1, 0, 0, 0]
Solution status = Optimal
Solution value = 1
Solution 4 : [1, -0, 1, -0, 1, 1, 0, 1, 0, 0]
Found >=P solutions
Time taken: 0.015286 sec
=====================================
Iteration k: 0 t: 29
Set parity number to 0
Try to find 4 solutions
Sample A matrix 0x10
Solution status = Optimal
Solution value = 1
Solution 1 : [1, -0, 1, -0, 1, 1, 1, 1, 1, 1]
Solution status = Optimal
Solution value = 1
Solution 2 : [1, -0, 1, -0, 0, 0, 0, 0, 0, 0]
Solution status = Optimal
Solution value = 1
Solution 3 : [1, -0, 1, -0, 1, 1, 1, 0, 0, 0]
Solution status = Optimal
Solution value = 1
Solution 4 : [1, -0, 1, -0, 1, 1, 0, 1, 0, 0]
Found >=P solutions
Time taken: 0.005866 sec
=====================================
Iteration k: 0 t: 30
Set parity number to 0
Try to find 4 solutions
Sample A matrix 0x10
Solution status = Optimal
Solution value = 1
Solution 1 : [1, -0, 1, -0, 1, 1, 1, 1, 1, 1]
Solution status = Optimal
Solution value = 1
Solution 2 : [1, -0, 1, -0, 0, 0, 0, 0, 0, 0]
Solution status = Optimal
Solution value = 1
Solution 3 : [1, -0, 1, -0, 1, 1, 1, 0, 0, 0]
Solution status = Optimal
Solution value = 1
Solution 4 : [1, -0, 1, -0, 1, 1, 0, 1, 0, 0]
Found >=P solutions
Time taken: 0.002941 sec
=====================================
Iteration k: 0 t: 31
Set parity number to 0
Try to find 4 solutions
Sample A matrix 0x10
Solution status = Optimal
Solution value = 1
Solution 1 : [1, -0, 1, -0, 1, 1, 1, 1, 1, 1]
Solution status = Optimal
Solution value = 1
Solution 2 : [1, -0, 1, -0, 0, 0, 0, 0, 0, 0]
Solution status = Optimal
Solution value = 1
Solution 3 : [1, -0, 1, -0, 1, 1, 1, 0, 0, 0]
Solution status = Optimal
Solution value = 1
Solution 4 : [1, -0, 1, -0, 1, 1, 0, 1, 0, 0]
Found >=P solutions
Time taken: 0.002681 sec
=====================================
Iteration k: 0 t: 32
Set parity number to 0
Try to find 4 solutions
Sample A matrix 0x10
Solution status = Optimal
Solution value = 1
Solution 1 : [1, -0, 1, -0, 1, 1, 1, 1, 1, 1]
Solution status = Optimal
Solution value = 1
Solution 2 : [1, -0, 1, -0, 0, 0, 0, 0, 0, 0]
Solution status = Optimal
Solution value = 1
Solution 3 : [1, -0, 1, -0, 1, 1, 1, 0, 0, 0]
Solution status = Optimal
Solution value = 1
Solution 4 : [1, -0, 1, -0, 1, 1, 0, 1, 0, 0]
Found >=P solutions
Time taken: 0.002684 sec
=====================================
Iteration k: 0 t: 33
Set parity number to 0
Try to find 4 solutions
Sample A matrix 0x10
Solution status = Optimal
Solution value = 1
Solution 1 : [1, -0, 1, -0, 1, 1, 1, 1, 1, 1]
Solution status = Optimal
Solution value = 1
Solution 2 : [1, -0, 1, -0, 0, 0, 0, 0, 0, 0]
Solution status = Optimal
Solution value = 1
Solution 3 : [1, -0, 1, -0, 1, 1, 1, 0, 0, 0]
Solution status = Optimal
Solution value = 1
Solution 4 : [1, -0, 1, -0, 1, 1, 0, 1, 0, 0]
Found >=P solutions
Time taken: 0.002691 sec
=====================================
Iteration k: 0 t: 34
Set parity number to 0
Try to find 4 solutions
Sample A matrix 0x10
Solution status = Optimal
Solution value = 1
Solution 1 : [1, -0, 1, -0, 1, 1, 1, 1, 1, 1]
Solution status = Optimal
Solution value = 1
Solution 2 : [1, -0, 1, -0, 0, 0, 0, 0, 0, 0]
Solution status = Optimal
Solution value = 1
Solution 3 : [1, -0, 1, -0, 1, 1, 1, 0, 0, 0]
Solution status = Optimal
Solution value = 1
Solution 4 : [1, -0, 1, -0, 1, 1, 0, 1, 0, 0]
Found >=P solutions
Time taken: 0.002687 sec
=====================================
Iteration k: 0 t: 35
Set parity number to 0
Try to find 4 solutions
Sample A matrix 0x10
Solution status = Optimal
Solution value = 1
Solution 1 : [1, -0, 1, -0, 1, 1, 1, 1, 1, 1]
Solution status = Optimal
Solution value = 1
Solution 2 : [1, -0, 1, -0, 0, 0, 0, 0, 0, 0]
Solution status = Optimal
Solution value = 1
Solution 3 : [1, -0, 1, -0, 1, 1, 1, 0, 0, 0]
Solution status = Optimal
Solution value = 1
Solution 4 : [1, -0, 1, -0, 1, 1, 0, 1, 0, 0]
Found >=P solutions
Time taken: 0.002702 sec
=====================================
Iteration k: 0 t: 36
Set parity number to 0
Try to find 4 solutions
Sample A matrix 0x10
Solution status = Optimal
Solution value = 1
Solution 1 : [1, -0, 1, -0, 1, 1, 1, 1, 1, 1]
Solution status = Optimal
Solution value = 1
Solution 2 : [1, -0, 1, -0, 0, 0, 0, 0, 0, 0]
Solution status = Optimal
Solution value = 1
Solution 3 : [1, -0, 1, -0, 1, 1, 1, 0, 0, 0]
Solution status = Optimal
Solution value = 1
Solution 4 : [1, -0, 1, -0, 1, 1, 0, 1, 0, 0]
Found >=P solutions
Time taken: 0.002691 sec
=====================================
Iteration k: 0 t: 37
Set parity number to 0
Try to find 4 solutions
Sample A matrix 0x10
Solution status = Optimal
Solution value = 1
Solution 1 : [1, -0, 1, -0, 1, 1, 1, 1, 1, 1]
Solution status = Optimal
Solution value = 1
Solution 2 : [1, -0, 1, -0, 0, 0, 0, 0, 0, 0]
Solution status = Optimal
Solution value = 1
Solution 3 : [1, -0, 1, -0, 1, 1, 1, 0, 0, 0]
Solution status = Optimal
Solution value = 1
Solution 4 : [1, -0, 1, -0, 1, 1, 0, 1, 0, 0]
Found >=P solutions
Time taken: 0.002667 sec
=====================================
Iteration k: 0 t: 38
Set parity number to 0
Try to find 4 solutions
Sample A matrix 0x10
Solution status = Optimal
Solution value = 1
Solution 1 : [1, -0, 1, -0, 1, 1, 1, 1, 1, 1]
Solution status = Optimal
Solution value = 1
Solution 2 : [1, -0, 1, -0, 0, 0, 0, 0, 0, 0]
Solution status = Optimal
Solution value = 1
Solution 3 : [1, -0, 1, -0, 1, 1, 1, 0, 0, 0]
Solution status = Optimal
Solution value = 1
Solution 4 : [1, -0, 1, -0, 1, 1, 0, 1, 0, 0]
Found >=P solutions
Time taken: 0.002667 sec
=====================================
Iteration k: 0 t: 39
Set parity number to 0
Try to find 4 solutions
Sample A matrix 0x10
Solution status = Optimal
Solution value = 1
Solution 1 : [1, -0, 1, -0, 1, 1, 1, 1, 1, 1]
Solution status = Optimal
Solution value = 1
Solution 2 : [1, -0, 1, -0, 0, 0, 0, 0, 0, 0]
Solution status = Optimal
Solution value = 1
Solution 3 : [1, -0, 1, -0, 1, 1, 1, 0, 0, 0]
Solution status = Optimal
Solution value = 1
Solution 4 : [1, -0, 1, -0, 1, 1, 0, 1, 0, 0]
Found >=P solutions
Time taken: 0.002692 sec
=====================================
Iteration k: 0 t: 40
Set parity number to 0
Try to find 4 solutions
Sample A matrix 0x10
Solution status = Optimal
Solution value = 1
Solution 1 : [1, -0, 1, -0, 1, 1, 1, 1, 1, 1]
Solution status = Optimal
Solution value = 1
Solution 2 : [1, -0, 1, -0, 0, 0, 0, 0, 0, 0]
Solution status = Optimal
Solution value = 1
Solution 3 : [1, -0, 1, -0, 1, 1, 1, 0, 0, 0]
Solution status = Optimal
Solution value = 1
Solution 4 : [1, -0, 1, -0, 1, 1, 0, 1, 0, 0]
Found >=P solutions
Time taken: 0.002671 sec
=====================================
Iteration k: 0 t: 41
Set parity number to 0
Try to find 4 solutions
Sample A matrix 0x10
Solution status = Optimal
Solution value = 1
Solution 1 : [1, -0, 1, -0, 1, 1, 1, 1, 1, 1]
Solution status = Optimal
Solution value = 1
Solution 2 : [1, -0, 1, -0, 0, 0, 0, 0, 0, 0]
Solution status = Optimal
Solution value = 1
Solution 3 : [1, -0, 1, -0, 1, 1, 1, 0, 0, 0]
Solution status = Optimal
Solution value = 1
Solution 4 : [1, -0, 1, -0, 1, 1, 0, 1, 0, 0]
Found >=P solutions
Time taken: 0.00267 sec
=====================================
Iteration k: 0 t: 42
Set parity number to 0
Try to find 4 solutions
Sample A matrix 0x10
Solution status = Optimal
Solution value = 1
Solution 1 : [1, -0, 1, -0, 1, 1, 1, 1, 1, 1]
Solution status = Optimal
Solution value = 1
Solution 2 : [1, -0, 1, -0, 0, 0, 0, 0, 0, 0]
Solution status = Optimal
Solution value = 1
Solution 3 : [1, -0, 1, -0, 1, 1, 1, 0, 0, 0]
Solution status = Optimal
Solution value = 1
Solution 4 : [1, -0, 1, -0, 1, 1, 0, 1, 0, 0]
Found >=P solutions
Time taken: 0.002698 sec
=====================================
Iteration k: 0 t: 43
Set parity number to 0
Try to find 4 solutions
Sample A matrix 0x10
Solution status = Optimal
Solution value = 1
Solution 1 : [1, -0, 1, -0, 1, 1, 1, 1, 1, 1]
Solution status = Optimal
Solution value = 1
Solution 2 : [1, -0, 1, -0, 0, 0, 0, 0, 0, 0]
Solution status = Optimal
Solution value = 1
Solution 3 : [1, -0, 1, -0, 1, 1, 1, 0, 0, 0]
Solution status = Optimal
Solution value = 1
Solution 4 : [1, -0, 1, -0, 1, 1, 0, 1, 0, 0]
Found >=P solutions
Time taken: 0.002688 sec
=====================================
Iteration k: 0 t: 44
Set parity number to 0
Try to find 4 solutions
Sample A matrix 0x10
Solution status = Optimal
Solution value = 1
Solution 1 : [1, -0, 1, -0, 1, 1, 1, 1, 1, 1]
Solution status = Optimal
Solution value = 1
Solution 2 : [1, -0, 1, -0, 0, 0, 0, 0, 0, 0]
Solution status = Optimal
Solution value = 1
Solution 3 : [1, -0, 1, -0, 1, 1, 1, 0, 0, 0]
Solution status = Optimal
Solution value = 1
Solution 4 : [1, -0, 1, -0, 1, 1, 0, 1, 0, 0]
Found >=P solutions
Time taken: 0.002719 sec
=====================================
Iteration k: 0 t: 45
Set parity number to 0
Try to find 4 solutions
Sample A matrix 0x10
Solution status = Optimal
Solution value = 1
Solution 1 : [1, -0, 1, -0, 1, 1, 1, 1, 1, 1]
Solution status = Optimal
Solution value = 1
Solution 2 : [1, -0, 1, -0, 0, 0, 0, 0, 0, 0]
Solution status = Optimal
Solution value = 1
Solution 3 : [1, -0, 1, -0, 1, 1, 1, 0, 0, 0]
Solution status = Optimal
Solution value = 1
Solution 4 : [1, -0, 1, -0, 1, 1, 0, 1, 0, 0]
Found >=P solutions
Time taken: 0.002696 sec
=====================================
Iteration k: 0 t: 46
Set parity number to 0
Try to find 4 solutions
Sample A matrix 0x10
Solution status = Optimal
Solution value = 1
Solution 1 : [1, -0, 1, -0, 1, 1, 1, 1, 1, 1]
Solution status = Optimal
Solution value = 1
Solution 2 : [1, -0, 1, -0, 0, 0, 0, 0, 0, 0]
Solution status = Optimal
Solution value = 1
Solution 3 : [1, -0, 1, -0, 1, 1, 1, 0, 0, 0]
Solution status = Optimal
Solution value = 1
Solution 4 : [1, -0, 1, -0, 1, 1, 0, 1, 0, 0]
Found >=P solutions
Time taken: 0.002699 sec
=====================================
Iteration k: 0 t: 47
Set parity number to 0
Try to find 4 solutions
Sample A matrix 0x10
Solution status = Optimal
Solution value = 1
Solution 1 : [1, -0, 1, -0, 1, 1, 1, 1, 1, 1]
Solution status = Optimal
Solution value = 1
Solution 2 : [1, -0, 1, -0, 0, 0, 0, 0, 0, 0]
Solution status = Optimal
Solution value = 1
Solution 3 : [1, -0, 1, -0, 1, 1, 1, 0, 0, 0]
Solution status = Optimal
Solution value = 1
Solution 4 : [1, -0, 1, -0, 1, 1, 0, 1, 0, 0]
Found >=P solutions
Time taken: 0.002682 sec
=====================================
Iteration k: 0 t: 48
Set parity number to 0
Try to find 4 solutions
Sample A matrix 0x10
Solution status = Optimal
Solution value = 1
Solution 1 : [1, -0, 1, -0, 1, 1, 1, 1, 1, 1]
Solution status = Optimal
Solution value = 1
Solution 2 : [1, -0, 1, -0, 0, 0, 0, 0, 0, 0]
Solution status = Optimal
Solution value = 1
Solution 3 : [1, -0, 1, -0, 1, 1, 1, 0, 0, 0]
Solution status = Optimal
Solution value = 1
Solution 4 : [1, -0, 1, -0, 1, 1, 0, 1, 0, 0]
Found >=P solutions
Time taken: 0.002681 sec
=====================================
Iteration k: 0 t: 49
Set parity number to 0
Try to find 4 solutions
Sample A matrix 0x10
Solution status = Optimal
Solution value = 1
Solution 1 : [1, -0, 1, -0, 1, 1, 1, 1, 1, 1]
Solution status = Optimal
Solution value = 1
Solution 2 : [1, -0, 1, -0, 0, 0, 0, 0, 0, 0]
Solution status = Optimal
Solution value = 1
Solution 3 : [1, -0, 1, -0, 1, 1, 1, 0, 0, 0]
Solution status = Optimal
Solution value = 1
Solution 4 : [1, -0, 1, -0, 1, 1, 0, 1, 0, 0]
Found >=P solutions
Time taken: 0.002672 sec
=====================================
Iteration k: 0 t: 50
Set parity number to 0
Try to find 4 solutions
Sample A matrix 0x10
Solution status = Optimal
Solution value = 1
Solution 1 : [1, -0, 1, -0, 1, 1, 1, 1, 1, 1]
Solution status = Optimal
Solution value = 1
Solution 2 : [1, -0, 1, -0, 0, 0, 0, 0, 0, 0]
Solution status = Optimal
Solution value = 1
Solution 3 : [1, -0, 1, -0, 1, 1, 1, 0, 0, 0]
Solution status = Optimal
Solution value = 1
Solution 4 : [1, -0, 1, -0, 1, 1, 0, 1, 0, 0]
Found >=P solutions
Time taken: 0.002726 sec
=====================================
Iteration k: 0 t: 51
Set parity number to 0
Try to find 4 solutions
Sample A matrix 0x10
Solution status = Optimal
Solution value = 1
Solution 1 : [1, -0, 1, -0, 1, 1, 1, 1, 1, 1]
Solution status = Optimal
Solution value = 1
Solution 2 : [1, -0, 1, -0, 0, 0, 0, 0, 0, 0]
Solution status = Optimal
Solution value = 1
Solution 3 : [1, -0, 1, -0, 1, 1, 1, 0, 0, 0]
Solution status = Optimal
Solution value = 1
Solution 4 : [1, -0, 1, -0, 1, 1, 0, 1, 0, 0]
Found >=P solutions
Time taken: 0.002681 sec
=====================================
Iteration k: 0 t: 52
Set parity number to 0
Try to find 4 solutions
Sample A matrix 0x10
Solution status = Optimal
Solution value = 1
Solution 1 : [1, -0, 1, -0, 1, 1, 1, 1, 1, 1]
Solution status = Optimal
Solution value = 1
Solution 2 : [1, -0, 1, -0, 0, 0, 0, 0, 0, 0]
Solution status = Optimal
Solution value = 1
Solution 3 : [1, -0, 1, -0, 1, 1, 1, 0, 0, 0]
Solution status = Optimal
Solution value = 1
Solution 4 : [1, -0, 1, -0, 1, 1, 0, 1, 0, 0]
Found >=P solutions
Time taken: 0.002678 sec
=====================================
Iteration k: 0 t: 53
Set parity number to 0
Try to find 4 solutions
Sample A matrix 0x10
Solution status = Optimal
Solution value = 1
Solution 1 : [1, -0, 1, -0, 1, 1, 1, 1, 1, 1]
Solution status = Optimal
Solution value = 1
Solution 2 : [1, -0, 1, -0, 0, 0, 0, 0, 0, 0]
Solution status = Optimal
Solution value = 1
Solution 3 : [1, -0, 1, -0, 1, 1, 1, 0, 0, 0]
Solution status = Optimal
Solution value = 1
Solution 4 : [1, -0, 1, -0, 1, 1, 0, 1, 0, 0]
Found >=P solutions
Time taken: 0.002683 sec
=====================================
Iteration k: 0 t: 54
Set parity number to 0
Try to find 4 solutions
Sample A matrix 0x10
Solution status = Optimal
Solution value = 1
Solution 1 : [1, -0, 1, -0, 1, 1, 1, 1, 1, 1]
Solution status = Optimal
Solution value = 1
Solution 2 : [1, -0, 1, -0, 0, 0, 0, 0, 0, 0]
Solution status = Optimal
Solution value = 1
Solution 3 : [1, -0, 1, -0, 1, 1, 1, 0, 0, 0]
Solution status = Optimal
Solution value = 1
Solution 4 : [1, -0, 1, -0, 1, 1, 0, 1, 0, 0]
Found >=P solutions
Time taken: 0.002683 sec
=====================================
Iteration k: 0 t: 55
Set parity number to 0
Try to find 4 solutions
Sample A matrix 0x10
Solution status = Optimal
Solution value = 1
Solution 1 : [1, -0, 1, -0, 1, 1, 1, 1, 1, 1]
Solution status = Optimal
Solution value = 1
Solution 2 : [1, -0, 1, -0, 0, 0, 0, 0, 0, 0]
Solution status = Optimal
Solution value = 1
Solution 3 : [1, -0, 1, -0, 1, 1, 1, 0, 0, 0]
Solution status = Optimal
Solution value = 1
Solution 4 : [1, -0, 1, -0, 1, 1, 0, 1, 0, 0]
Found >=P solutions
Time taken: 0.00267 sec
=====================================
Iteration k: 0 t: 56
Set parity number to 0
Try to find 4 solutions
Sample A matrix 0x10
Solution status = Optimal
Solution value = 1
Solution 1 : [1, -0, 1, -0, 1, 1, 1, 1, 1, 1]
Solution status = Optimal
Solution value = 1
Solution 2 : [1, -0, 1, -0, 0, 0, 0, 0, 0, 0]
Solution status = Optimal
Solution value = 1
Solution 3 : [1, -0, 1, -0, 1, 1, 1, 0, 0, 0]
Solution status = Optimal
Solution value = 1
Solution 4 : [1, -0, 1, -0, 1, 1, 0, 1, 0, 0]
Found >=P solutions
Time taken: 0.002674 sec
=====================================
Iteration k: 0 t: 57
Set parity number to 0
Try to find 4 solutions
Sample A matrix 0x10
Solution status = Optimal
Solution value = 1
Solution 1 : [1, -0, 1, -0, 1, 1, 1, 1, 1, 1]
Solution status = Optimal
Solution value = 1
Solution 2 : [1, -0, 1, -0, 0, 0, 0, 0, 0, 0]
Solution status = Optimal
Solution value = 1
Solution 3 : [1, -0, 1, -0, 1, 1, 1, 0, 0, 0]
Solution status = Optimal
Solution value = 1
Solution 4 : [1, -0, 1, -0, 1, 1, 0, 1, 0, 0]
Found >=P solutions
Time taken: 0.002678 sec
=====================================
Iteration k: 0 t: 58
Set parity number to 0
Try to find 4 solutions
Sample A matrix 0x10
Solution status = Optimal
Solution value = 1
Solution 1 : [1, -0, 1, -0, 1, 1, 1, 1, 1, 1]
Solution status = Optimal
Solution value = 1
Solution 2 : [1, -0, 1, -0, 0, 0, 0, 0, 0, 0]
Solution status = Optimal
Solution value = 1
Solution 3 : [1, -0, 1, -0, 1, 1, 1, 0, 0, 0]
Solution status = Optimal
Solution value = 1
Solution 4 : [1, -0, 1, -0, 1, 1, 0, 1, 0, 0]
Found >=P solutions
Time taken: 0.002701 sec
=====================================
Iteration k: 0 t: 59
Set parity number to 0
Try to find 4 solutions
Sample A matrix 0x10
Solution status = Optimal
Solution value = 1
Solution 1 : [1, -0, 1, -0, 1, 1, 1, 1, 1, 1]
Solution status = Optimal
Solution value = 1
Solution 2 : [1, -0, 1, -0, 0, 0, 0, 0, 0, 0]
Solution status = Optimal
Solution value = 1
Solution 3 : [1, -0, 1, -0, 1, 1, 1, 0, 0, 0]
Solution status = Optimal
Solution value = 1
Solution 4 : [1, -0, 1, -0, 1, 1, 0, 1, 0, 0]
Found >=P solutions
Time taken: 0.002711 sec
=====================================
Iteration k: 0 t: 60
Set parity number to 0
Try to find 4 solutions
Sample A matrix 0x10
Solution status = Optimal
Solution value = 1
Solution 1 : [1, -0, 1, -0, 1, 1, 1, 1, 1, 1]
Solution status = Optimal
Solution value = 1
Solution 2 : [1, -0, 1, -0, 0, 0, 0, 0, 0, 0]
Solution status = Optimal
Solution value = 1
Solution 3 : [1, -0, 1, -0, 1, 1, 1, 0, 0, 0]
Solution status = Optimal
Solution value = 1
Solution 4 : [1, -0, 1, -0, 1, 1, 0, 1, 0, 0]
Found >=P solutions
Time taken: 0.0027 sec
=====================================
Iteration k: 0 t: 61
Set parity number to 0
Try to find 4 solutions
Sample A matrix 0x10
Solution status = Optimal
Solution value = 1
Solution 1 : [1, -0, 1, -0, 1, 1, 1, 1, 1, 1]
Solution status = Optimal
Solution value = 1
Solution 2 : [1, -0, 1, -0, 0, 0, 0, 0, 0, 0]
Solution status = Optimal
Solution value = 1
Solution 3 : [1, -0, 1, -0, 1, 1, 1, 0, 0, 0]
Solution status = Optimal
Solution value = 1
Solution 4 : [1, -0, 1, -0, 1, 1, 0, 1, 0, 0]
Found >=P solutions
Time taken: 0.002691 sec
=====================================
Iteration k: 0 t: 62
Set parity number to 0
Try to find 4 solutions
Sample A matrix 0x10
Solution status = Optimal
Solution value = 1
Solution 1 : [1, -0, 1, -0, 1, 1, 1, 1, 1, 1]
Solution status = Optimal
Solution value = 1
Solution 2 : [1, -0, 1, -0, 0, 0, 0, 0, 0, 0]
Solution status = Optimal
Solution value = 1
Solution 3 : [1, -0, 1, -0, 1, 1, 1, 0, 0, 0]
Solution status = Optimal
Solution value = 1
Solution 4 : [1, -0, 1, -0, 1, 1, 0, 1, 0, 0]
Found >=P solutions
Time taken: 0.002686 sec
=====================================
Iteration k: 0 t: 63
Set parity number to 0
Try to find 4 solutions
Sample A matrix 0x10
Solution status = Optimal
Solution value = 1
Solution 1 : [1, -0, 1, -0, 1, 1, 1, 1, 1, 1]
Solution status = Optimal
Solution value = 1
Solution 2 : [1, -0, 1, -0, 0, 0, 0, 0, 0, 0]
Solution status = Optimal
Solution value = 1
Solution 3 : [1, -0, 1, -0, 1, 1, 1, 0, 0, 0]
Solution status = Optimal
Solution value = 1
Solution 4 : [1, -0, 1, -0, 1, 1, 0, 1, 0, 0]
Found >=P solutions
Time taken: 0.002691 sec
=====================================
Iteration k: 0 t: 64
Set parity number to 0
Try to find 4 solutions
Sample A matrix 0x10
Solution status = Optimal
Solution value = 1
Solution 1 : [1, -0, 1, -0, 1, 1, 1, 1, 1, 1]
Solution status = Optimal
Solution value = 1
Solution 2 : [1, -0, 1, -0, 0, 0, 0, 0, 0, 0]
Solution status = Optimal
Solution value = 1
Solution 3 : [1, -0, 1, -0, 1, 1, 1, 0, 0, 0]
Solution status = Optimal
Solution value = 1
Solution 4 : [1, -0, 1, -0, 1, 1, 0, 1, 0, 0]
Found >=P solutions
Time taken: 0.002688 sec
=====================================
Iteration k: 0 t: 65
Set parity number to 0
Try to find 4 solutions
Sample A matrix 0x10
Solution status = Optimal
Solution value = 1
Solution 1 : [1, -0, 1, -0, 1, 1, 1, 1, 1, 1]
Solution status = Optimal
Solution value = 1
Solution 2 : [1, -0, 1, -0, 0, 0, 0, 0, 0, 0]
Solution status = Optimal
Solution value = 1
Solution 3 : [1, -0, 1, -0, 1, 1, 1, 0, 0, 0]
Solution status = Optimal
Solution value = 1
Solution 4 : [1, -0, 1, -0, 1, 1, 0, 1, 0, 0]
Found >=P solutions
Time taken: 0.00269 sec
=====================================
Iteration k: 0 t: 66
Set parity number to 0
Try to find 4 solutions
Sample A matrix 0x10
Solution status = Optimal
Solution value = 1
Solution 1 : [1, -0, 1, -0, 1, 1, 1, 1, 1, 1]
Solution status = Optimal
Solution value = 1
Solution 2 : [1, -0, 1, -0, 0, 0, 0, 0, 0, 0]
Solution status = Optimal
Solution value = 1
Solution 3 : [1, -0, 1, -0, 1, 1, 1, 0, 0, 0]
Solution status = Optimal
Solution value = 1
Solution 4 : [1, -0, 1, -0, 1, 1, 0, 1, 0, 0]
Found >=P solutions
Time taken: 0.002701 sec
=====================================
Iteration k: 0 t: 67
Set parity number to 0
Try to find 4 solutions
Sample A matrix 0x10
Solution status = Optimal
Solution value = 1
Solution 1 : [1, -0, 1, -0, 1, 1, 1, 1, 1, 1]
Solution status = Optimal
Solution value = 1
Solution 2 : [1, -0, 1, -0, 0, 0, 0, 0, 0, 0]
Solution status = Optimal
Solution value = 1
Solution 3 : [1, -0, 1, -0, 1, 1, 1, 0, 0, 0]
Solution status = Optimal
Solution value = 1
Solution 4 : [1, -0, 1, -0, 1, 1, 0, 1, 0, 0]
Found >=P solutions
Time taken: 0.002686 sec
=====================================
Iteration k: 0 t: 68
Set parity number to 0
Try to find 4 solutions
Sample A matrix 0x10
Solution status = Optimal
Solution value = 1
Solution 1 : [1, -0, 1, -0, 1, 1, 1, 1, 1, 1]
Solution status = Optimal
Solution value = 1
Solution 2 : [1, -0, 1, -0, 0, 0, 0, 0, 0, 0]
Solution status = Optimal
Solution value = 1
Solution 3 : [1, -0, 1, -0, 1, 1, 1, 0, 0, 0]
Solution status = Optimal
Solution value = 1
Solution 4 : [1, -0, 1, -0, 1, 1, 0, 1, 0, 0]
Found >=P solutions
Time taken: 0.002685 sec
=====================================
Iteration k: 0 t: 69
Set parity number to 0
Try to find 4 solutions
Sample A matrix 0x10
Solution status = Optimal
Solution value = 1
Solution 1 : [1, -0, 1, -0, 1, 1, 1, 1, 1, 1]
Solution status = Optimal
Solution value = 1
Solution 2 : [1, -0, 1, -0, 0, 0, 0, 0, 0, 0]
Solution status = Optimal
Solution value = 1
Solution 3 : [1, -0, 1, -0, 1, 1, 1, 0, 0, 0]
Solution status = Optimal
Solution value = 1
Solution 4 : [1, -0, 1, -0, 1, 1, 0, 1, 0, 0]
Found >=P solutions
Time taken: 0.002682 sec
=====================================
Iteration k: 0 t: 70
Set parity number to 0
Try to find 4 solutions
Sample A matrix 0x10
Solution status = Optimal
Solution value = 1
Solution 1 : [1, -0, 1, -0, 1, 1, 1, 1, 1, 1]
Solution status = Optimal
Solution value = 1
Solution 2 : [1, -0, 1, -0, 0, 0, 0, 0, 0, 0]
Solution status = Optimal
Solution value = 1
Solution 3 : [1, -0, 1, -0, 1, 1, 1, 0, 0, 0]
Solution status = Optimal
Solution value = 1
Solution 4 : [1, -0, 1, -0, 1, 1, 0, 1, 0, 0]
Found >=P solutions
Time taken: 0.0027 sec
=====================================
Iteration k: 0 t: 71
Set parity number to 0
Try to find 4 solutions
Sample A matrix 0x10
Solution status = Optimal
Solution value = 1
Solution 1 : [1, -0, 1, -0, 1, 1, 1, 1, 1, 1]
Solution status = Optimal
Solution value = 1
Solution 2 : [1, -0, 1, -0, 0, 0, 0, 0, 0, 0]
Solution status = Optimal
Solution value = 1
Solution 3 : [1, -0, 1, -0, 1, 1, 1, 0, 0, 0]
Solution status = Optimal
Solution value = 1
Solution 4 : [1, -0, 1, -0, 1, 1, 0, 1, 0, 0]
Found >=P solutions
Time taken: 0.002671 sec
=====================================
Iteration k: 1 t: 0
Set parity number to 1
Try to find 4 solutions
row echelon form:
0,1,0,1,0,0,0,0,0,0,1,
