Number of variables in XOR is: 9
Bits saved: Initial # of bits: 7
final # of bits: 7
0 Initial # of bits: 7
final # of bits: 7
0 
XOR minimum length: 3 . XOR maximum length: 4
Number of variables in XOR is: 9
Bits saved: Initial # of bits: 9
final # of bits: 9
0 Initial # of bits: 9
final # of bits: 9
0 
XOR minimum length: 4 . XOR maximum length: 5
Number of variables in XOR is: 9
Bits saved: Initial # of bits: 12
final # of bits: 10
2 Initial # of bits: 10
final # of bits: 10
0 
XOR minimum length: 4 . XOR maximum length: 6
Number of variables in XOR is: 9
Bits saved: Initial # of bits: 7
final # of bits: 7
0 Initial # of bits: 7
final # of bits: 7
0 
XOR minimum length: 3 . XOR maximum length: 4
Number of variables in XOR is: 9
Bits saved: Initial # of bits: 11
final # of bits: 11
0 Initial # of bits: 11
final # of bits: 11
0 
XOR minimum length: 4 . XOR maximum length: 7
Number of variables in XOR is: 9
Bits saved: Initial # of bits: 10
final # of bits: 10
0 Initial # of bits: 10
final # of bits: 10
0 
XOR minimum length: 5 . XOR maximum length: 5

================== Set Output Path ===================

log file path:
"LOG/incremental_2/result.log"

======================================================

