i_dis=0; i=0
i_dis=0; i=1
i_dis=0; i=2
i_dis=0; i=3
i_dis=0; i=4
i_dis=0; i=5
i_dis=0; i=6
i_dis=0; i=7
i_dis=0; i=8
i_dis=0; i=9
i_dis=0; i=10
i_dis=0; i=11
i_dis=0; i=12
i_dis=0; i=13
i_dis=0; i=14
i_dis=0; i=15
i_dis=0; i=16
i_dis=0; i=17
i_dis=0; i=18
i_dis=0; i=19
i_dis=0; i=20
i_dis=0; i=21
i_dis=0; i=22
i_dis=0; i=23
i_dis=0; i=24
i_dis=0; i=25
i_dis=0; i=26
i_dis=0; i=27
i_dis=0; i=28
i_dis=0; i=29
i_dis=0; i=30
i_dis=0; i=31
i_dis=0; i=32
i_dis=0; i=33
i_dis=0; i=34
i_dis=0; i=35
i_dis=0; i=36
i_dis=0; i=37
i_dis=0; i=38
i_dis=0; i=39
i_dis=0; i=40
i_dis=0; i=41
i_dis=0; i=42
i_dis=0; i=43
i_dis=1; i=0
i_dis=1; i=1
i_dis=1; i=2
i_dis=1; i=3
i_dis=1; i=4
i_dis=1; i=5
i_dis=1; i=6
i_dis=1; i=7
i_dis=1; i=8
i_dis=1; i=9
i_dis=1; i=10
i_dis=1; i=11
i_dis=1; i=12
i_dis=1; i=13
i_dis=1; i=14
i_dis=1; i=15
i_dis=1; i=16
i_dis=1; i=17
i_dis=1; i=18
i_dis=1; i=19
i_dis=1; i=20
i_dis=1; i=21
i_dis=1; i=22
i_dis=1; i=23
i_dis=1; i=24
i_dis=1; i=25
i_dis=1; i=26
i_dis=1; i=27
i_dis=1; i=28
i_dis=1; i=29
i_dis=1; i=30
i_dis=1; i=31
i_dis=1; i=32
i_dis=1; i=33
i_dis=1; i=34
i_dis=1; i=35
i_dis=1; i=36
i_dis=1; i=37
i_dis=1; i=38
i_dis=1; i=39
i_dis=1; i=40
i_dis=1; i=41
i_dis=1; i=42
i_dis=1; i=43
i_dis=2; i=0
i_dis=2; i=1
i_dis=2; i=2
i_dis=2; i=3
i_dis=2; i=4
i_dis=2; i=5
i_dis=2; i=6
i_dis=2; i=7
i_dis=2; i=8
i_dis=2; i=9
i_dis=2; i=10
i_dis=2; i=11
i_dis=2; i=12
i_dis=2; i=13
i_dis=2; i=14
i_dis=2; i=15
i_dis=2; i=16
i_dis=2; i=17
i_dis=2; i=18
i_dis=2; i=19
i_dis=2; i=20
i_dis=2; i=21
i_dis=2; i=22
i_dis=2; i=23
i_dis=2; i=24
i_dis=2; i=25
i_dis=2; i=26
i_dis=2; i=27
i_dis=2; i=28
i_dis=2; i=29
i_dis=2; i=30
i_dis=2; i=31
i_dis=2; i=32
i_dis=2; i=33
i_dis=2; i=34
i_dis=2; i=35
i_dis=2; i=36
i_dis=2; i=37
i_dis=2; i=38
i_dis=2; i=39
i_dis=2; i=40
i_dis=2; i=41
i_dis=2; i=42
i_dis=2; i=43
i_dis=3; i=0
i_dis=3; i=1
i_dis=3; i=2
i_dis=3; i=3
i_dis=3; i=4
i_dis=3; i=5
i_dis=3; i=6
i_dis=3; i=7
i_dis=3; i=8
i_dis=3; i=9
i_dis=3; i=10
i_dis=3; i=11
i_dis=3; i=12
i_dis=3; i=13
i_dis=3; i=14
i_dis=3; i=15
i_dis=3; i=16
i_dis=3; i=17
i_dis=3; i=18
i_dis=3; i=19
i_dis=3; i=20
i_dis=3; i=21
i_dis=3; i=22
i_dis=3; i=23
i_dis=3; i=24
i_dis=3; i=25
i_dis=3; i=26
i_dis=3; i=27
i_dis=3; i=28
i_dis=3; i=29
i_dis=3; i=30
i_dis=3; i=31
i_dis=3; i=32
i_dis=3; i=33
i_dis=3; i=34
i_dis=3; i=35
i_dis=3; i=36
i_dis=3; i=37
i_dis=3; i=38
i_dis=3; i=39
i_dis=3; i=40
i_dis=3; i=41
i_dis=3; i=42
i_dis=3; i=43
i_dis=4; i=0
i_dis=4; i=1
i_dis=4; i=2
i_dis=4; i=3
i_dis=4; i=4
i_dis=4; i=5
i_dis=4; i=6
i_dis=4; i=7
i_dis=4; i=8
i_dis=4; i=9
i_dis=4; i=10
i_dis=4; i=11
i_dis=4; i=12
i_dis=4; i=13
i_dis=4; i=14
i_dis=4; i=15
i_dis=4; i=16
i_dis=4; i=17
i_dis=4; i=18
i_dis=4; i=19
i_dis=4; i=20
i_dis=4; i=21
i_dis=4; i=22
i_dis=4; i=23
i_dis=4; i=24
i_dis=4; i=25
i_dis=4; i=26
i_dis=4; i=27
i_dis=4; i=28
i_dis=4; i=29
i_dis=4; i=30
i_dis=4; i=31
i_dis=4; i=32
i_dis=4; i=33
i_dis=4; i=34
i_dis=4; i=35
i_dis=4; i=36
i_dis=4; i=37
i_dis=4; i=38
i_dis=4; i=39
i_dis=4; i=40
i_dis=4; i=41
i_dis=4; i=42
i_dis=4; i=43
i_dis=5; i=0
i_dis=5; i=1
i_dis=5; i=2
i_dis=5; i=3
i_dis=5; i=4
i_dis=5; i=5
i_dis=5; i=6
i_dis=5; i=7
i_dis=5; i=8
i_dis=5; i=9
i_dis=5; i=10
i_dis=5; i=11
i_dis=5; i=12
i_dis=5; i=13
i_dis=5; i=14
i_dis=5; i=15
i_dis=5; i=16
i_dis=5; i=17
i_dis=5; i=18
i_dis=5; i=19
i_dis=5; i=20
i_dis=5; i=21
i_dis=5; i=22
i_dis=5; i=23
i_dis=5; i=24
i_dis=5; i=25
i_dis=5; i=26
i_dis=5; i=27
i_dis=5; i=28
i_dis=5; i=29
i_dis=5; i=30
i_dis=5; i=31
i_dis=5; i=32
i_dis=5; i=33
i_dis=5; i=34
i_dis=5; i=35
i_dis=5; i=36
i_dis=5; i=37
i_dis=5; i=38
i_dis=5; i=39
i_dis=5; i=40
i_dis=5; i=41
i_dis=5; i=42
i_dis=5; i=43
i_dis=6; i=0
i_dis=6; i=1
i_dis=6; i=2
i_dis=6; i=3
i_dis=6; i=4
i_dis=6; i=5
i_dis=6; i=6
i_dis=6; i=7
i_dis=6; i=8
i_dis=6; i=9
i_dis=6; i=10
i_dis=6; i=11
i_dis=6; i=12
i_dis=6; i=13
i_dis=6; i=14
i_dis=6; i=15
i_dis=6; i=16
i_dis=6; i=17
i_dis=6; i=18
i_dis=6; i=19
i_dis=6; i=20
i_dis=6; i=21
i_dis=6; i=22
i_dis=6; i=23
i_dis=6; i=24
i_dis=6; i=25
i_dis=6; i=26
i_dis=6; i=27
i_dis=6; i=28
i_dis=6; i=29
i_dis=6; i=30
i_dis=6; i=31
i_dis=6; i=32
i_dis=6; i=33
i_dis=6; i=34
i_dis=6; i=35
i_dis=6; i=36
i_dis=6; i=37
i_dis=6; i=38
i_dis=6; i=39
i_dis=6; i=40
i_dis=6; i=41
i_dis=6; i=42
i_dis=6; i=43
i_dis=7; i=0
i_dis=7; i=1
i_dis=7; i=2
i_dis=7; i=3
i_dis=7; i=4
i_dis=7; i=5
i_dis=7; i=6
i_dis=7; i=7
i_dis=7; i=8
i_dis=7; i=9
i_dis=7; i=10
i_dis=7; i=11
i_dis=7; i=12
i_dis=7; i=13
i_dis=7; i=14
i_dis=7; i=15
i_dis=7; i=16
i_dis=7; i=17
i_dis=7; i=18
i_dis=7; i=19
i_dis=7; i=20
i_dis=7; i=21
i_dis=7; i=22
i_dis=7; i=23
i_dis=7; i=24
i_dis=7; i=25
i_dis=7; i=26
i_dis=7; i=27
i_dis=7; i=28
i_dis=7; i=29
i_dis=7; i=30
i_dis=7; i=31
i_dis=7; i=32
i_dis=7; i=33
i_dis=7; i=34
i_dis=7; i=35
i_dis=7; i=36
i_dis=7; i=37
i_dis=7; i=38
i_dis=7; i=39
i_dis=7; i=40
i_dis=7; i=41
i_dis=7; i=42
i_dis=7; i=43
i_dis=8; i=0
i_dis=8; i=1
i_dis=8; i=2
i_dis=8; i=3
i_dis=8; i=4
i_dis=8; i=5
i_dis=8; i=6
i_dis=8; i=7
i_dis=8; i=8
i_dis=8; i=9
i_dis=8; i=10
i_dis=8; i=11
i_dis=8; i=12
i_dis=8; i=13
i_dis=8; i=14
i_dis=8; i=15
i_dis=8; i=16
i_dis=8; i=17
i_dis=8; i=18
i_dis=8; i=19
i_dis=8; i=20
i_dis=8; i=21
i_dis=8; i=22
i_dis=8; i=23
i_dis=8; i=24
i_dis=8; i=25
i_dis=8; i=26
i_dis=8; i=27
i_dis=8; i=28
i_dis=8; i=29
i_dis=8; i=30
i_dis=8; i=31
i_dis=8; i=32
i_dis=8; i=33
i_dis=8; i=34
i_dis=8; i=35
i_dis=8; i=36
i_dis=8; i=37
i_dis=8; i=38
i_dis=8; i=39
i_dis=8; i=40
i_dis=8; i=41
i_dis=8; i=42
i_dis=8; i=43
i_dis=9; i=0
i_dis=9; i=1
i_dis=9; i=2
i_dis=9; i=3
i_dis=9; i=4
i_dis=9; i=5
i_dis=9; i=6
i_dis=9; i=7
i_dis=9; i=8
i_dis=9; i=9
i_dis=9; i=10
i_dis=9; i=11
i_dis=9; i=12
i_dis=9; i=13
i_dis=9; i=14
i_dis=9; i=15
i_dis=9; i=16
i_dis=9; i=17
i_dis=9; i=18
i_dis=9; i=19
i_dis=9; i=20
i_dis=9; i=21
i_dis=9; i=22
i_dis=9; i=23
i_dis=9; i=24
i_dis=9; i=25
i_dis=9; i=26
i_dis=9; i=27
i_dis=9; i=28
i_dis=9; i=29
i_dis=9; i=30
i_dis=9; i=31
i_dis=9; i=32
i_dis=9; i=33
i_dis=9; i=34
i_dis=9; i=35
i_dis=9; i=36
i_dis=9; i=37
i_dis=9; i=38
i_dis=9; i=39
i_dis=9; i=40
i_dis=9; i=41
i_dis=9; i=42
i_dis=9; i=43
[25, 26, 27, 28, 29, 30, 31, 32, 33, 34, 35, 36, 37, 38, 39, 40, 41, 42, 43]
[6.591796875, 7.03125, 10.546875, 7.03125, 10.0, 7.5, 8.497238159179688, 8.0, 9.375, 8.4375, 11.42578125, 8.4375, 9.66796875, 6.591796875, 8.7890625, 7.5, 10.546875, 7.5, 8.23974609375]
>>>>>>>>>>>>>>>>>>>>
[0, 0, 0, 0, 0, 0, 0, 0, 0, 0, 0, 0, 0, 0, 0, 0, 8.7890625, 9.8876953125, 12.1875, 7.03125, 7.415771484375, 7.415771484375, 7.91015625, 10.546875, 6.591796875, 0, 0, 0, 0, 0, 0, 0, 0, 0, 0, 0, 0, 0, 0, 0, 0, 0, 0, 0]
====================
[0, 0, 0, 0, 0, 0, 0, 0, 0, 0, 0, 0, 0, 0, 0, 0, 743, 325, 529, 1759, 1190, 1453, 350, 1478, 1100, 0, 0, 0, 0, 0, 0, 0, 0, 0, 0, 0, 0, 0, 0, 0, 0, 0, 0, 0]
>>>>>>>>>>>>>>>>>>>>
[0, 0, 0, 0, 0, 0, 0, 0, 0, 0, 0, 0, 0, 0, 0, 0, 7.03125, 10.546875, 7.415771484375, 6.591796875, 7.03125, 9.66796875, 11.25, 7.415771484375, 10.3125, 0, 0, 0, 0, 0, 0, 0, 0, 0, 0, 0, 0, 0, 0, 0, 0, 0, 0, 0]
====================
[0, 0, 0, 0, 0, 0, 0, 0, 0, 0, 0, 0, 0, 0, 0, 0, 866, 170, 550, 1780, 1363, 1673, 480, 1650, 1000, 0, 0, 0, 0, 0, 0, 0, 0, 0, 0, 0, 0, 0, 0, 0, 0, 0, 0, 0]
>>>>>>>>>>>>>>>>>>>>
[0, 0, 0, 0, 0, 0, 0, 0, 0, 0, 0, 0, 0, 0, 0, 0, 8.690357208251953, 9.063720703125, 11.25, 10.3125, 10.546875, 8.7890625, 8.4375, 9.66796875, 11.0, 0, 0, 0, 0, 0, 0, 0, 0, 0, 0, 0, 0, 0, 0, 0, 0, 0, 0, 0]
====================
[0, 0, 0, 0, 0, 0, 0, 0, 0, 0, 0, 0, 0, 0, 0, 0, 720, 200, 529, 1765, 1370, 1810, 780, 1700, 1050, 0, 0, 0, 0, 0, 0, 0, 0, 0, 0, 0, 0, 0, 0, 0, 0, 0, 0, 0]
>>>>>>>>>>>>>>>>>>>>
[0, 0, 0, 0, 0, 0, 0, 0, 0, 0, 0, 0, 0, 0, 0, 0, 8.0, 8.4375, 9.375, 7.03125, 7.966160774230957, 9.375, 6.1798095703125, 10.3125, 8.7890625, 0, 0, 0, 0, 0, 0, 0, 0, 0, 0, 0, 0, 0, 0, 0, 0, 0, 0, 0]
====================
[0, 0, 0, 0, 0, 0, 0, 0, 0, 0, 0, 0, 0, 0, 0, 0, 520, 352, 300, 1530, 861, 1473, 360, 1100, 700, 0, 0, 0, 0, 0, 0, 0, 0, 0, 0, 0, 0, 0, 0, 0, 0, 0, 0, 0]
>>>>>>>>>>>>>>>>>>>>
[0, 0, 0, 0, 0, 0, 0, 0, 0, 0, 0, 0, 0, 0, 0, 0, 7.03125, 9.063720703125, 9.66796875, 10.0, 8.7890625, 6.591796875, 8.497238159179688, 8.4375, 9.8876953125, 0, 0, 0, 0, 0, 0, 0, 0, 0, 0, 0, 0, 0, 0, 0, 0, 0, 0, 0]
====================
[0, 0, 0, 0, 0, 0, 0, 0, 0, 0, 0, 0, 0, 0, 0, 0, 200, 652, 200, 1030, 561, 1273, 700, 949, 420, 0, 0, 0, 0, 0, 0, 0, 0, 0, 0, 0, 0, 0, 0, 0, 0, 0, 0, 0]
>>>>>>>>>>>>>>>>>>>>
[0, 0, 0, 0, 0, 0, 0, 0, 0, 0, 0, 0, 0, 0, 0, 0, 10.546875, 7.415771484375, 12.1875, 7.91015625, 6.591796875, 8.4375, 12.0, 6.1798095703125, 7.5, 0, 0, 0, 0, 0, 0, 0, 0, 0, 0, 0, 0, 0, 0, 0, 0, 0, 0, 0]
====================
[0, 0, 0, 0, 0, 0, 0, 0, 0, 0, 0, 0, 0, 0, 0, 0, 485, 360, 280, 1530, 850, 1540, 580, 1120, 670, 0, 0, 0, 0, 0, 0, 0, 0, 0, 0, 0, 0, 0, 0, 0, 0, 0, 0, 0]
>>>>>>>>>>>>>>>>>>>>
[0, 0, 0, 0, 0, 0, 0, 0, 0, 0, 0, 0, 0, 0, 0, 0, 12.1875, 7.5, 7.03125, 6.591796875, 8.7890625, 8.497238159179688, 7.5, 10.546875, 8.7890625, 0, 0, 0, 0, 0, 0, 0, 0, 0, 0, 0, 0, 0, 0, 0, 0, 0, 0, 0]
====================
[0, 0, 0, 0, 0, 0, 0, 0, 0, 0, 0, 0, 0, 0, 0, 0, 300, 890, 685, 978, 975, 1384, 1313, 1045, 519, 0, 0, 0, 0, 0, 0, 0, 0, 0, 0, 0, 0, 0, 0, 0, 0, 0, 0, 0]
>>>>>>>>>>>>>>>>>>>>
[0, 0, 0, 0, 0, 0, 0, 0, 0, 0, 0, 0, 0, 0, 0, 0, 8.23974609375, 9.063720703125, 7.03125, 7.91015625, 8.0, 5.793571472167969, 9.063720703125, 11.25, 9.8876953125, 0, 0, 0, 0, 0, 0, 0, 0, 0, 0, 0, 0, 0, 0, 0, 0, 0, 0, 0]
====================
[0, 0, 0, 0, 0, 0, 0, 0, 0, 0, 0, 0, 0, 0, 0, 0, 400, 680, 670, 1587, 1175, 1680, 1113, 1525, 819, 0, 0, 0, 0, 0, 0, 0, 0, 0, 0, 0, 0, 0, 0, 0, 0, 0, 0, 0]
>>>>>>>>>>>>>>>>>>>>
[0, 0, 0, 0, 0, 0, 0, 0, 0, 0, 0, 0, 0, 0, 0, 0, 10.3125, 9.375, 7.91015625, 9.0, 12.0, 9.8876953125, 9.66796875, 9.375, 8.4375, 0, 0, 0, 0, 0, 0, 0, 0, 0, 0, 0, 0, 0, 0, 0, 0, 0, 0, 0]
====================
[0, 0, 0, 0, 0, 0, 0, 0, 0, 0, 0, 0, 0, 0, 0, 0, 300, 823, 400, 800, 600, 1010, 925, 905, 1855, 0, 0, 0, 0, 0, 0, 0, 0, 0, 0, 0, 0, 0, 0, 0, 0, 0, 0, 0]
>>>>>>>>>>>>>>>>>>>>
[0, 0, 0, 0, 0, 0, 0, 0, 0, 0, 0, 0, 0, 0, 0, 0, 6.1104074120521545, 9.8876953125, 11.42578125, 8.4375, 11.0, 9.8876953125, 8.4375, 9.0, 8.4375, 0, 0, 0, 0, 0, 0, 0, 0, 0, 0, 0, 0, 0, 0, 0, 0, 0, 0, 0]
====================
[0, 0, 0, 0, 0, 0, 0, 0, 0, 0, 0, 0, 0, 0, 0, 0, 619, 1123, 671, 510, 485, 1220, 1225, 773, 180, 0, 0, 0, 0, 0, 0, 0, 0, 0, 0, 0, 0, 0, 0, 0, 0, 0, 0, 0]
>>>>>>>>>>>>>>>>>>>>
[0, 0, 0, 0, 0, 0, 0, 0, 0, 0, 0, 0, 0, 0, 0, 0, 9.375, 11.25, 8.23974609375, 7.5, 7.5, 11.42578125, 10.711669921875, 7.5, 7.5, 0, 0, 0, 0, 0, 0, 0, 0, 0, 0, 0, 0, 0, 0, 0, 0, 0, 0, 0]
====================
[0, 0, 0, 0, 0, 0, 0, 0, 0, 0, 0, 0, 0, 0, 0, 0, 320, 723, 460, 870, 661, 1160, 960, 995, 250, 0, 0, 0, 0, 0, 0, 0, 0, 0, 0, 0, 0, 0, 0, 0, 0, 0, 0, 0]
>>>>>>>>>>>>>>>>>>>>
[0, 0, 0, 0, 0, 0, 0, 0, 0, 0, 0, 0, 0, 0, 0, 0, 8.23974609375, 8.4375, 7.5, 11.42578125, 6.591796875, 7.415771484375, 8.0, 7.415771484375, 9.41455364227295, 0, 0, 0, 0, 0, 0, 0, 0, 0, 0, 0, 0, 0, 0, 0, 0, 0, 0, 0]
====================
[0, 0, 0, 0, 0, 0, 0, 0, 0, 0, 0, 0, 0, 0, 0, 0, 400, 870, 500, 800, 680, 710, 1100, 960, 200, 0, 0, 0, 0, 0, 0, 0, 0, 0, 0, 0, 0, 0, 0, 0, 0, 0, 0, 0]
>>>>>>>>>>>>>>>>>>>>
[0, 0, 0, 0, 0, 0, 0, 0, 0, 0, 0, 0, 0, 0, 0, 0, 9.0, 9.66796875, 7.91015625, 12.1875, 9.66796875, 7.5, 9.063720703125, 7.415771484375, 9.0, 0, 0, 0, 0, 0, 0, 0, 0, 0, 0, 0, 0, 0, 0, 0, 0, 0, 0, 0]
====================
[0, 0, 0, 0, 0, 0, 0, 0, 0, 0, 0, 0, 0, 0, 0, 0, 1087, 1736, 1284, 100, 700, 760, 1640, 300, 730, 0, 0, 0, 0, 0, 0, 0, 0, 0, 0, 0, 0, 0, 0, 0, 0, 0, 0, 0]
>>>>>>>>>>>>>>>>>>>>
[0, 0, 0, 0, 0, 0, 0, 0, 0, 0, 0, 0, 0, 0, 0, 0, 9.8876953125, 10.042190551757812, 10.546875, 8.23974609375, 9.0, 9.063720703125, 11.25, 6.591796875, 7.91015625, 0, 0, 0, 0, 0, 0, 0, 0, 0, 0, 0, 0, 0, 0, 0, 0, 0, 0, 0]
====================
[0, 0, 0, 0, 0, 0, 0, 0, 0, 0, 0, 0, 0, 0, 0, 0, 1037, 1736, 1184, 210, 870, 904, 1808, 701, 670, 0, 0, 0, 0, 0, 0, 0, 0, 0, 0, 0, 0, 0, 0, 0, 0, 0, 0, 0]
>>>>>>>>>>>>>>>>>>>>
[0, 0, 0, 0, 0, 0, 0, 0, 0, 0, 0, 0, 0, 0, 0, 0, 7.5, 11.25, 10.3125, 9.66796875, 7.415771484375, 10.3125, 9.375, 7.03125, 8.7890625, 0, 0, 0, 0, 0, 0, 0, 0, 0, 0, 0, 0, 0, 0, 0, 0, 0, 0, 0]
====================
[0, 0, 0, 0, 0, 0, 0, 0, 0, 0, 0, 0, 0, 0, 0, 0, 835, 1436, 1070, 120, 745, 886, 1618, 581, 620, 0, 0, 0, 0, 0, 0, 0, 0, 0, 0, 0, 0, 0, 0, 0, 0, 0, 0, 0]
>>>>>>>>>>>>>>>>>>>>
[0, 0, 0, 0, 0, 0, 0, 0, 0, 0, 0, 0, 0, 0, 0, 0, 10.711669921875, 7.5, 12.1875, 8.23974609375, 12.1875, 10.3125, 7.415771484375, 12.0, 11.42578125, 0, 0, 0, 0, 0, 0, 0, 0, 0, 0, 0, 0, 0, 0, 0, 0, 0, 0, 0]
====================
[0, 0, 0, 0, 0, 0, 0, 0, 0, 0, 0, 0, 0, 0, 0, 0, 770, 1335, 950, 200, 870, 986, 1650, 650, 559, 0, 0, 0, 0, 0, 0, 0, 0, 0, 0, 0, 0, 0, 0, 0, 0, 0, 0, 0]
>>>>>>>>>>>>>>>>>>>>
[0, 0, 0, 0, 0, 0, 0, 0, 0, 0, 0, 0, 0, 0, 0, 0, 9.8876953125, 9.375, 11.0, 10.546875, 9.063720703125, 9.66796875, 10.546875, 11.42578125, 11.0, 0, 0, 0, 0, 0, 0, 0, 0, 0, 0, 0, 0, 0, 0, 0, 0, 0, 0, 0]
====================
[0, 0, 0, 0, 0, 0, 0, 0, 0, 0, 0, 0, 0, 0, 0, 0, 557, 913, 361, 1081, 300, 727, 873, 588, 425, 0, 0, 0, 0, 0, 0, 0, 0, 0, 0, 0, 0, 0, 0, 0, 0, 0, 0, 0]
>>>>>>>>>>>>>>>>>>>>
[0, 0, 0, 0, 0, 0, 0, 0, 0, 0, 0, 0, 0, 0, 0, 0, 9.66796875, 10.3125, 7.91015625, 6.9522857666015625, 7.5, 7.5, 12.0, 9.375, 8.23974609375, 0, 0, 0, 0, 0, 0, 0, 0, 0, 0, 0, 0, 0, 0, 0, 0, 0, 0, 0]
====================
[0, 0, 0, 0, 0, 0, 0, 0, 0, 0, 0, 0, 0, 0, 0, 0, 750, 1293, 745, 433, 299, 810, 1405, 587, 200, 0, 0, 0, 0, 0, 0, 0, 0, 0, 0, 0, 0, 0, 0, 0, 0, 0, 0, 0]
>>>>>>>>>>>>>>>>>>>>
[0, 0, 0, 0, 0, 0, 0, 0, 0, 0, 0, 0, 0, 0, 0, 0, 9.375, 8.23974609375, 8.497238159179688, 8.23974609375, 12.0, 10.3125, 7.415771484375, 10.3125, 6.591796875, 0, 0, 0, 0, 0, 0, 0, 0, 0, 0, 0, 0, 0, 0, 0, 0, 0, 0, 0]
====================
[0, 0, 0, 0, 0, 0, 0, 0, 0, 0, 0, 0, 0, 0, 0, 0, 827, 1427, 775, 485, 500, 976, 1200, 868, 304, 0, 0, 0, 0, 0, 0, 0, 0, 0, 0, 0, 0, 0, 0, 0, 0, 0, 0, 0]
[]
